5552: 15:50:38.134 - ---
5552: 15:50:38.134 - Service: "Photon Socket Server" starting
5552: 15:50:38.134 - Config File: D:\battleRoyal\PhotonBase\deploy\bin_Win64\PhotonServer.config
5552: 15:50:38.135 - Will produce at most: 10 crash dumps
5552: 15:50:38.135 - Action: run as exe
5552: 15:50:38.136 - Server Starting...
5552: 15:50:38.136 -    Tick count: 9878622 (wraps in: 49.5959 days)
5552: 15:50:38.136 - Tick count 64: 9878622
5552: 15:50:38.136 - Photon Version: 4.0.28.2962
5552: 15:50:38.136 - PID: 6992
5552: 15:50:38.136 - Config File: D:\battleRoyal\PhotonBase\deploy\bin_Win64\PhotonServer.config
5552: 15:50:38.136 - Will NOT log unimportant exceptions
5552: 15:50:38.141 - Not using performance counters as they are not currently installed. Run the service with /InstallCounters to install them.
5552: 15:50:38.141 - Shutdown timeout enabled: 30000ms
5552: 15:50:38.145 - Starting I/O thread pool with 2 threads
5552: 15:50:38.146 - Using Standard allocator
5552: 15:50:38.146 - Max message size: 512000
5552: 15:50:38.146 - Starting business logic thread pool with the following settings
5552: 15:50:38.146 - InitialThreads: 4 threads
5552: 15:50:38.146 - MinThreads: 4 threads
5552: 15:50:38.146 - Thread pool is fixed size
5552: 15:50:38.147 - Starting ENet thread pool with the following settings
5552: 15:50:38.147 - InitialThreads: 2 threads
5552: 15:50:38.147 - MinThreads: 2 threads
5552: 15:50:38.147 - Thread pool is fixed size
5552: 15:50:38.147 - OnlyDispatchTimers: False
5552: 15:50:38.147 - S2S: flow control: Max pending writes: 50
5552: 15:50:38.147 - S2S: flow control: Max queued buffers: 200
5552: 15:50:38.147 - S2S: flow control: Max pending writes MUX: 500
5552: 15:50:38.147 - S2S: flow control: Max queued buffers MUX: 2000
5552: 15:50:38.147 - S2S: MaxInboundMessageSize: 512000
5552: 15:50:38.147 - S2S: MaxOutboundMessageSize: 512000
5552: 15:50:38.147 - S2S: No inactivity timeout
5552: 15:50:38.152 - WebSocket S2S: MaxInboundMessageSize: 512000
5552: 15:50:38.152 - WebSocket S2S: MaxOutboundMessageSize: 512000
5552: 15:50:38.152 - WebSocket S2S: No inactivity timeout
5552: 15:50:38.153 - Max Reliable Data In Transit (awaiting ACKs) per peer : 51200 bytes
5552: 15:50:38.153 - Per peer bandwidth limit
5552: 15:50:38.153 - Transmit Rate Limit: 256 KB/Sec
5552: 15:50:38.153 - Limit period: 200ms
5552: 15:50:38.153 - Limit per period: 52428 bytes
5552: 15:50:38.153 - Max queued data for transmission per peer: 512000 bytes
5552: 15:50:38.153 - Minimum retransmit timeout: 200
5552: 15:50:38.153 - No Maximum retransmit timeout
5552: 15:50:38.153 - Minimum ENet timeout: 5000ms
5552: 15:50:38.153 - Maximum ENet timeout: 30000ms
5552: 15:50:38.153 - Max Inbound Reliable Data Queued (awaiting resends of earlier sequence numbers) per peer : 163840 bytes
5552: 15:50:38.153 - No RTT ACK adjustment timeout
5552: 15:50:38.153 - Outbound ENet: MaxInboundMessageSize: 512000
5552: 15:50:38.153 - Outbound ENet: MaxOutboundMessageSize: 512000
5552: 15:50:38.155 - GetRuntime - About to load CLR - versions available:
5552: 15:50:38.155 - v2.0.50727
5552: 15:50:38.155 - v4.0.30319
5552: 15:50:38.155 - Configuration requests: "v2.0.50727"
5552: 15:50:38.155 - About to load version: "v2.0.50727"
5552: 15:50:38.164 - About to load runtime: PhotonHostRuntime.PhotonDomainManager from PhotonHostRuntime, Culture=neutral, PublicKeyToken=02C301B61B060C4D
5552: 15:50:38.164 - CLRBaseDirectory set to "D:\battleRoyal\PhotonBase\deploy"
5552: 15:50:38.164 - Optimising event broadcast for 20 or more peers
5552: 15:50:38.165 - Start: About to load CLR - versions available:
5552: 15:50:38.165 - v2.0.50727
5552: 15:50:38.165 - v4.0.30319
5552: 15:50:38.165 - No preference in configuration file, will load latest.
5552: 15:50:38.165 - About to load version: "v4.0.30319"
5552: 15:50:38.166 - Loaded version: "v4.0.30319"
5552: 15:50:38.419 - Photon host runtime loaded
5552: 15:50:41.376 - LICENSE: No license file was found. Starting with Bootstrap License.
5552: 15:50:41.376 - License is valid.
5552: 15:50:41.376 - Licensed for 20 concurrent connections.
5552: 15:50:41.376 - ENet: Max Reliable Data In Transit (awaiting ACKs) per peer : 51200 bytes
5552: 15:50:41.376 - ENet: Per peer bandwidth limit
5552: 15:50:41.376 - ENet: Transmit Rate Limit: 256 KB/Sec
5552: 15:50:41.376 - ENet: Limit period: 200ms
5552: 15:50:41.376 - ENet: Limit per period: 52428 bytes
5552: 15:50:41.376 - ENet: Max queued data for transmission per peer: 512000 bytes
5552: 15:50:41.376 - ENet: Minimum retransmit timeout: 200
5552: 15:50:41.376 - No Maximum retransmit timeout
5552: 15:50:41.376 - ENet: Minimum timeout: 5000ms
5552: 15:50:41.376 - ENet: Maximum timeout: 30000ms
5552: 15:50:41.376 - ENet: Max Inbound Reliable Data Queued (awaiting resends of earlier sequence numbers) per peer : 163840 bytes
5552: 15:50:41.377 - No RTT ACK adjustment timeout
5552: 15:50:41.377 - About to load application: battleRoyalServer from battleRoyalServer
5552: 15:50:41.377 - Auto restart is enabled for application, existing connections will be terminated during restart
5552: 15:50:41.377 - Application will restart 1000ms after the last change detected
5552: 15:50:41.377 - Application will restart if files matching the following are changed: "dll;config"
5552: 15:50:41.377 - Application will NOT restart if files matching the following are changed: "log4net.config"
5552: 15:50:41.497 - Taking reference on default app domain
5552: 15:50:41.592 - Application: "battleRoyalServer" started in app domain: 2
5552: 15:50:41.592 - Adding TCP listener on: 0.0.0.0: 4530 with a listen backlog of: 150
5552: 15:50:41.592 - TCP inactivity timeout: 10000ms
5552: 15:50:41.592 - TCP disconnect timeout: 120000ms
5552: 15:50:41.592 - MaxInboundMessageSize: 512000
5552: 15:50:41.592 - MaxOutboundMessageSize: 512000
5552: 15:50:41.592 - Forcing all applications ids to: "battleRoyalServer"
5552: 15:50:41.592 - Serving policy file requests from: "D:\battleRoyal\PhotonBase\deploy\Policy\assets\socket-policy.xml"
5552: 15:50:41.593 - Forcing all applications ids to: "battleRoyalServer"
5552: 15:50:41.593 - MaxInboundMessageSize: 512000
5552: 15:50:41.593 - MaxOutboundMessageSize: 512000
5552: 15:50:41.593 - UDP address specified as: "0.0.0.0" adding listener to each available IPv4 address
5552: 15:50:41.593 - Adding UDP listener on: 192.168.0.105: 5055 with a listen backlog of: 500
5552: 15:50:41.594 - Adding UDP listener on: 127.0.0.1: 5055 with a listen backlog of: 500
5552: 15:50:41.594 - Adding WebSocket TCP listener on: 0.0.0.0: 9090 with a listen backlog of: 150
5552: 15:50:41.594 - Nagle disabled
5552: 15:50:41.594 - TCP inactivity timeout: 10000ms
5552: 15:50:41.594 - MaxInboundMessageSize: 512000
5552: 15:50:41.594 - MaxOutboundMessageSize: 512000
5552: 15:50:41.594 - Forcing all applications ids to: "battleRoyalServer"
5552: 15:50:41.594 - Will accept ANY sub-protocols from the client
5552: 15:50:41.594 - No automatic WebSocket ping
5552: 15:50:41.594 - Adding Policy File listener on: 0.0.0.0: 843 with a listen backlog of: 150 and serving Policy File: "D:\battleRoyal\PhotonBase\deploy\Policy\assets\socket-policy.xml"
5552: 15:50:41.594 - TCP inactivity timeout: 10000ms
5552: 15:50:41.594 - Adding Policy File listener on: 0.0.0.0: 943 with a listen backlog of: 150 and serving Policy File: "D:\battleRoyal\PhotonBase\deploy\Policy\assets\socket-policy-silverlight.xml"
5552: 15:50:41.594 - TCP inactivity timeout: 10000ms
5552: 15:50:41.639 - Service is running...
5552: 16:27:59.971 - Service is stopped...
5552: 16:27:59.971 - Server shutting down...
5552: 16:27:59.971 - Shutdown monitoring enabled, 30000ms before process abort
5552: 16:27:59.971 - Notifying CLR applications of shutdown...
5552: 16:27:59.971 - RequestApplicationStop: 2
5552: 16:28:00.143 - RequestStop: defalt app domain
5552: 16:28:00.155 - Shutting down WebSocket Outbound Connection Manager...
5552: 16:28:00.155 - Shutting down TCP Outbound Connection Manager...
5552: 16:28:00.155 - Shutting down ENet Outbound Connection Manager...
5552: 16:28:00.155 - Disconnecting all outbound peers...
5552: 16:28:00.155 - Shutting down ENet host...
5552: 16:28:00.155 - Disconnecting all peers...
5552: 16:28:00.155 - CUDPSocketServer::OnError() - CUDPSocketServer::OnSendToCompletionError(): —делана попытка выполнить операцию на объекте, не €вл€ющемс€ сокетом.
5552: 16:28:00.155 - 1 disconnected
5552: 16:28:00.155 - Shutting down socket servers...
5552: 16:28:00.155 - Shutting down ENet thread pool...
5552: 16:28:00.155 - Shutting down TCP inactivity timers...
5552: 16:28:00.156 - ENet Host - Resetting all peers...
5552: 16:28:00.156 - WaitingForShutdownToComplete: NativePolicy:0.0.0.0:843
5552: 16:28:00.156 - OnShutdownCompleted: NativePolicy:0.0.0.0:843
5552: 16:28:00.156 - WaitingForShutdownToComplete: NativePolicy:0.0.0.0:943
5552: 16:28:00.156 - OnShutdownCompleted: NativePolicy:0.0.0.0:943
5552: 16:28:00.156 - WaitingForShutdownToComplete: TCP:0.0.0.0:4530
5552: 16:28:00.156 - OnShutdownCompleted: TCP:0.0.0.0:4530
5552: 16:28:00.156 - WaitingForShutdownToComplete: UDP:127.0.0.1:5055
5552: 16:28:00.157 - OnShutdownCompleted: UDP:127.0.0.1:5055
5552: 16:28:00.158 - WaitingForShutdownToComplete: UDP:192.168.0.105:5055
5552: 16:28:00.158 - OnShutdownCompleted: UDP:192.168.0.105:5055
5552: 16:28:00.158 - WaitingForShutdownToComplete: WebSocket:0.0.0.0:9090
5552: 16:28:00.158 - OnShutdownCompleted: WebSocket:0.0.0.0:9090
5552: 16:28:00.158 - Shutting down CLR applications...
5552: 16:28:00.163 - Shutting down business logic thread pool...
1400: 16:28:00.163 - CManagedHost::OnDefaultAction() - OPR_AppDomainUnload - eUnloadAppDomain
5552: 16:28:00.163 - Shutting down I/O thread pool...
5552: 16:28:00.165 - Destroying servers
5552: 16:28:00.165 - Destroying WebSocket Outbound Connection Manager
5552: 16:28:00.165 - Destroying TCP Outbound Connection Manager
5552: 16:28:00.165 - Destroying TCP inactivity timer
5552: 16:28:00.165 - Destroying ENet timer wheel
5552: 16:28:00.165 - Destroying ENet host
5552: 16:28:00.165 - Destroying ENet outbound host
5552: 16:28:00.166 - Destroying HTTP inactivity timer
5552: 16:28:00.166 - Destroying HTTP host
5552: 16:28:00.166 - Destroying HTTP Chunk host
5552: 16:28:00.166 - Flushing ENET buffer allocator...
5552: 16:28:00.167 - Flushing TCP buffer handle allocator...
5552: 16:28:00.167 - Flushing stream socket allocator...
5552: 16:28:00.167 - Flushing inbound datagram socket allocator...
4008: 16:28:00.173 - Unloading Domain: ApplicationName = 'battleRoyalServer', DomainId='2'
1400: 16:28:00.173 - CManagedHost::OnDomainUnload() - 2
5552: 16:28:00.188 - Flushing outbound datagram socket allocator...
5552: 16:28:00.188 - Destroying CLR dispatcher
5552: 16:28:00.188 - Destroying CLR applications
5552: 16:28:00.191 - ~CCLRApplicationCollection() - Waiting up to 10 seconds for the CLR to release all of our objects
5552: 16:28:00.255 - ~CCLRApplicationCollection() - Done. All objects released
5552: 16:28:00.257 - ~CManagedHost() - Release default app domain
5552: 16:28:00.257 - CManagedHost::OnDomainUnload() - 1
5552: 16:28:00.257 - ~CManagedHost() - Waiting up to 10 seconds for CLR shutdown...
5552: 16:28:00.257 - ~CManagedHost
5552: 16:28:00.257 - Destroying ENet thread pool
5552: 16:28:00.257 - Destroying Business logic thread pool
5552: 16:28:00.257 - Destroying I/O thread pool
5552: 16:28:00.257 - Destroying ENet buffer allocator
5552: 16:28:00.257 - Destroying TCP buffer allocator
5552: 16:28:00.257 - Destroying TCP socket allocator
5552: 16:28:00.257 - Destroying ENet inbound socket allocator
5552: 16:28:00.257 - Destroying ENet outbound socket allocator
5552: 16:28:00.257 - Destroying shared datagram flow control data
5552: 16:28:00.257 - Shutdown complete...
5552: 16:28:00.258 - Service shutting down
5552: 16:28:00.259 - Service shut down complete
8836: 16:28:03.925 - ---
8836: 16:28:03.925 - Service: "Photon Socket Server" starting
8836: 16:28:03.925 - Config File: D:\battleRoyal\PhotonBase\deploy\bin_Win64\PhotonServer.config
8836: 16:28:03.926 - Will produce at most: 10 crash dumps
8836: 16:28:03.926 - Action: run as exe
8836: 16:28:03.927 - Server Starting...
8836: 16:28:03.927 -    Tick count: 12124428 (wraps in: 49.5699 days)
8836: 16:28:03.927 - Tick count 64: 12124428
8836: 16:28:03.927 - Photon Version: 4.0.28.2962
8836: 16:28:03.927 - PID: 10320
8836: 16:28:03.927 - Config File: D:\battleRoyal\PhotonBase\deploy\bin_Win64\PhotonServer.config
8836: 16:28:03.928 - Will NOT log unimportant exceptions
8836: 16:28:03.935 - Not using performance counters as they are not currently installed. Run the service with /InstallCounters to install them.
8836: 16:28:03.935 - Shutdown timeout enabled: 30000ms
8836: 16:28:03.936 - Starting I/O thread pool with 2 threads
8836: 16:28:03.936 - Using Standard allocator
8836: 16:28:03.936 - Max message size: 512000
8836: 16:28:03.936 - Starting business logic thread pool with the following settings
8836: 16:28:03.936 - InitialThreads: 4 threads
8836: 16:28:03.936 - MinThreads: 4 threads
8836: 16:28:03.936 - Thread pool is fixed size
8836: 16:28:03.936 - Starting ENet thread pool with the following settings
8836: 16:28:03.936 - InitialThreads: 2 threads
8836: 16:28:03.936 - MinThreads: 2 threads
8836: 16:28:03.936 - Thread pool is fixed size
8836: 16:28:03.936 - OnlyDispatchTimers: False
8836: 16:28:03.936 - S2S: flow control: Max pending writes: 50
8836: 16:28:03.936 - S2S: flow control: Max queued buffers: 200
8836: 16:28:03.936 - S2S: flow control: Max pending writes MUX: 500
8836: 16:28:03.936 - S2S: flow control: Max queued buffers MUX: 2000
8836: 16:28:03.936 - S2S: MaxInboundMessageSize: 512000
8836: 16:28:03.936 - S2S: MaxOutboundMessageSize: 512000
8836: 16:28:03.936 - S2S: No inactivity timeout
8836: 16:28:03.940 - WebSocket S2S: MaxInboundMessageSize: 512000
8836: 16:28:03.940 - WebSocket S2S: MaxOutboundMessageSize: 512000
8836: 16:28:03.940 - WebSocket S2S: No inactivity timeout
8836: 16:28:03.940 - Max Reliable Data In Transit (awaiting ACKs) per peer : 51200 bytes
8836: 16:28:03.940 - Per peer bandwidth limit
8836: 16:28:03.940 - Transmit Rate Limit: 256 KB/Sec
8836: 16:28:03.940 - Limit period: 200ms
8836: 16:28:03.940 - Limit per period: 52428 bytes
8836: 16:28:03.940 - Max queued data for transmission per peer: 512000 bytes
8836: 16:28:03.940 - Minimum retransmit timeout: 200
8836: 16:28:03.940 - No Maximum retransmit timeout
8836: 16:28:03.940 - Minimum ENet timeout: 5000ms
8836: 16:28:03.940 - Maximum ENet timeout: 30000ms
8836: 16:28:03.940 - Max Inbound Reliable Data Queued (awaiting resends of earlier sequence numbers) per peer : 163840 bytes
8836: 16:28:03.940 - No RTT ACK adjustment timeout
8836: 16:28:03.940 - Outbound ENet: MaxInboundMessageSize: 512000
8836: 16:28:03.940 - Outbound ENet: MaxOutboundMessageSize: 512000
8836: 16:28:03.943 - GetRuntime - About to load CLR - versions available:
8836: 16:28:03.943 - v2.0.50727
8836: 16:28:03.943 - v4.0.30319
8836: 16:28:03.943 - Configuration requests: "v2.0.50727"
8836: 16:28:03.943 - About to load version: "v2.0.50727"
8836: 16:28:03.965 - About to load runtime: PhotonHostRuntime.PhotonDomainManager from PhotonHostRuntime, Culture=neutral, PublicKeyToken=02C301B61B060C4D
8836: 16:28:03.965 - CLRBaseDirectory set to "D:\battleRoyal\PhotonBase\deploy"
8836: 16:28:03.965 - Optimising event broadcast for 20 or more peers
8836: 16:28:03.966 - Start: About to load CLR - versions available:
8836: 16:28:03.966 - v2.0.50727
8836: 16:28:03.966 - v4.0.30319
8836: 16:28:03.966 - No preference in configuration file, will load latest.
8836: 16:28:03.966 - About to load version: "v4.0.30319"
8836: 16:28:03.968 - Loaded version: "v4.0.30319"
8836: 16:28:04.145 - Photon host runtime loaded
8836: 16:28:06.874 - LICENSE: No license file was found. Starting with Bootstrap License.
8836: 16:28:06.874 - License is valid.
8836: 16:28:06.874 - Licensed for 20 concurrent connections.
8836: 16:28:06.874 - ENet: Max Reliable Data In Transit (awaiting ACKs) per peer : 51200 bytes
8836: 16:28:06.874 - ENet: Per peer bandwidth limit
8836: 16:28:06.874 - ENet: Transmit Rate Limit: 256 KB/Sec
8836: 16:28:06.874 - ENet: Limit period: 200ms
8836: 16:28:06.874 - ENet: Limit per period: 52428 bytes
8836: 16:28:06.874 - ENet: Max queued data for transmission per peer: 512000 bytes
8836: 16:28:06.874 - ENet: Minimum retransmit timeout: 200
8836: 16:28:06.874 - No Maximum retransmit timeout
8836: 16:28:06.874 - ENet: Minimum timeout: 5000ms
8836: 16:28:06.874 - ENet: Maximum timeout: 30000ms
8836: 16:28:06.874 - ENet: Max Inbound Reliable Data Queued (awaiting resends of earlier sequence numbers) per peer : 163840 bytes
8836: 16:28:06.874 - No RTT ACK adjustment timeout
8836: 16:28:06.874 - About to load application: battleRoyalServer from battleRoyalServer
8836: 16:28:06.874 - Auto restart is enabled for application, existing connections will be terminated during restart
8836: 16:28:06.874 - Application will restart 1000ms after the last change detected
8836: 16:28:06.874 - Application will restart if files matching the following are changed: "dll;config"
8836: 16:28:06.874 - Application will NOT restart if files matching the following are changed: "log4net.config"
8836: 16:28:06.998 - Taking reference on default app domain
8836: 16:28:07.084 - Application: "battleRoyalServer" started in app domain: 2
8836: 16:28:07.084 - Adding TCP listener on: 0.0.0.0: 4530 with a listen backlog of: 150
8836: 16:28:07.084 - TCP inactivity timeout: 10000ms
8836: 16:28:07.084 - TCP disconnect timeout: 120000ms
8836: 16:28:07.084 - MaxInboundMessageSize: 512000
8836: 16:28:07.084 - MaxOutboundMessageSize: 512000
8836: 16:28:07.084 - Forcing all applications ids to: "battleRoyalServer"
8836: 16:28:07.085 - Serving policy file requests from: "D:\battleRoyal\PhotonBase\deploy\Policy\assets\socket-policy.xml"
8836: 16:28:07.085 - Forcing all applications ids to: "battleRoyalServer"
8836: 16:28:07.085 - MaxInboundMessageSize: 512000
8836: 16:28:07.085 - MaxOutboundMessageSize: 512000
8836: 16:28:07.085 - UDP address specified as: "0.0.0.0" adding listener to each available IPv4 address
8836: 16:28:07.086 - Adding UDP listener on: 192.168.0.105: 5055 with a listen backlog of: 500
8836: 16:28:07.086 - Adding UDP listener on: 127.0.0.1: 5055 with a listen backlog of: 500
8836: 16:28:07.086 - Adding WebSocket TCP listener on: 0.0.0.0: 9090 with a listen backlog of: 150
8836: 16:28:07.086 - Nagle disabled
8836: 16:28:07.086 - TCP inactivity timeout: 10000ms
8836: 16:28:07.086 - MaxInboundMessageSize: 512000
8836: 16:28:07.086 - MaxOutboundMessageSize: 512000
8836: 16:28:07.086 - Forcing all applications ids to: "battleRoyalServer"
8836: 16:28:07.086 - Will accept ANY sub-protocols from the client
8836: 16:28:07.086 - No automatic WebSocket ping
8836: 16:28:07.086 - Adding Policy File listener on: 0.0.0.0: 843 with a listen backlog of: 150 and serving Policy File: "D:\battleRoyal\PhotonBase\deploy\Policy\assets\socket-policy.xml"
8836: 16:28:07.086 - TCP inactivity timeout: 10000ms
8836: 16:28:07.087 - Adding Policy File listener on: 0.0.0.0: 943 with a listen backlog of: 150 and serving Policy File: "D:\battleRoyal\PhotonBase\deploy\Policy\assets\socket-policy-silverlight.xml"
8836: 16:28:07.087 - TCP inactivity timeout: 10000ms
8836: 16:28:07.123 - Service is running...
8836: 16:39:38.045 - Service is stopped...
8836: 16:39:38.045 - Server shutting down...
8836: 16:39:38.045 - Shutdown monitoring enabled, 30000ms before process abort
8836: 16:39:38.045 - Notifying CLR applications of shutdown...
8836: 16:39:38.045 - RequestApplicationStop: 2
8836: 16:39:38.049 - RequestStop: defalt app domain
8836: 16:39:38.050 - Shutting down WebSocket Outbound Connection Manager...
8836: 16:39:38.050 - Shutting down TCP Outbound Connection Manager...
8836: 16:39:38.050 - Shutting down ENet Outbound Connection Manager...
8836: 16:39:38.050 - Disconnecting all outbound peers...
8836: 16:39:38.050 - Shutting down ENet host...
8836: 16:39:38.050 - Disconnecting all peers...
8836: 16:39:38.050 - Shutting down socket servers...
8836: 16:39:38.053 - Shutting down ENet thread pool...
8836: 16:39:38.053 - Shutting down TCP inactivity timers...
8836: 16:39:38.054 - WaitingForShutdownToComplete: NativePolicy:0.0.0.0:843
8836: 16:39:38.054 - OnShutdownCompleted: NativePolicy:0.0.0.0:843
8836: 16:39:38.054 - WaitingForShutdownToComplete: NativePolicy:0.0.0.0:943
8836: 16:39:38.054 - OnShutdownCompleted: NativePolicy:0.0.0.0:943
8836: 16:39:38.054 - WaitingForShutdownToComplete: TCP:0.0.0.0:4530
8836: 16:39:38.054 - OnShutdownCompleted: TCP:0.0.0.0:4530
8836: 16:39:38.054 - WaitingForShutdownToComplete: UDP:127.0.0.1:5055
8836: 16:39:38.054 - OnShutdownCompleted: UDP:127.0.0.1:5055
8836: 16:39:38.054 - WaitingForShutdownToComplete: UDP:192.168.0.105:5055
8836: 16:39:38.054 - OnShutdownCompleted: UDP:192.168.0.105:5055
8836: 16:39:38.054 - WaitingForShutdownToComplete: WebSocket:0.0.0.0:9090
8836: 16:39:38.054 - OnShutdownCompleted: WebSocket:0.0.0.0:9090
8836: 16:39:38.054 - Shutting down CLR applications...
8836: 16:39:38.057 - Shutting down business logic thread pool...
10952: 16:39:38.058 - CManagedHost::OnDefaultAction() - OPR_AppDomainUnload - eUnloadAppDomain
8836: 16:39:38.064 - Shutting down I/O thread pool...
8836: 16:39:38.068 - Destroying servers
8836: 16:39:38.068 - Destroying WebSocket Outbound Connection Manager
8836: 16:39:38.068 - Destroying TCP Outbound Connection Manager
8836: 16:39:38.068 - Destroying TCP inactivity timer
8836: 16:39:38.068 - Destroying ENet timer wheel
8836: 16:39:38.068 - Destroying ENet host
8836: 16:39:38.068 - Destroying ENet outbound host
8836: 16:39:38.068 - Destroying HTTP inactivity timer
8836: 16:39:38.068 - Destroying HTTP host
8836: 16:39:38.068 - Destroying HTTP Chunk host
8836: 16:39:38.068 - Flushing ENET buffer allocator...
9228: 16:39:38.072 - Unloading Domain: ApplicationName = 'battleRoyalServer', DomainId='2'
10952: 16:39:38.072 - CManagedHost::OnDomainUnload() - 2
8836: 16:39:38.072 - Flushing TCP buffer handle allocator...
8836: 16:39:38.072 - Flushing stream socket allocator...
8836: 16:39:38.073 - Flushing inbound datagram socket allocator...
8836: 16:39:38.075 - Flushing outbound datagram socket allocator...
8836: 16:39:38.075 - Destroying CLR dispatcher
8836: 16:39:38.075 - Destroying CLR applications
8836: 16:39:38.077 - ~CCLRApplicationCollection() - Waiting up to 10 seconds for the CLR to release all of our objects
8836: 16:39:38.080 - ~CCLRApplicationCollection() - Done. All objects released
8836: 16:39:38.080 - ~CManagedHost() - Release default app domain
8836: 16:39:38.080 - CManagedHost::OnDomainUnload() - 1
8836: 16:39:38.080 - ~CManagedHost() - Waiting up to 10 seconds for CLR shutdown...
8836: 16:39:38.080 - ~CManagedHost
8836: 16:39:38.080 - Destroying ENet thread pool
8836: 16:39:38.080 - Destroying Business logic thread pool
8836: 16:39:38.080 - Destroying I/O thread pool
8836: 16:39:38.080 - Destroying ENet buffer allocator
8836: 16:39:38.080 - Destroying TCP buffer allocator
8836: 16:39:38.080 - Destroying TCP socket allocator
8836: 16:39:38.080 - Destroying ENet inbound socket allocator
8836: 16:39:38.080 - Destroying ENet outbound socket allocator
8836: 16:39:38.080 - Destroying shared datagram flow control data
8836: 16:39:38.080 - Shutdown complete...
8836: 16:39:38.081 - Service shutting down
8836: 16:39:38.083 - Service shut down complete
8988: 16:39:42.365 - ---
8988: 16:39:42.365 - Service: "Photon Socket Server" starting
8988: 16:39:42.366 - Config File: D:\battleRoyal\PhotonBase\deploy\bin_Win64\PhotonServer.config
8988: 16:39:42.367 - Will produce at most: 10 crash dumps
8988: 16:39:42.367 - Action: run as exe
8988: 16:39:42.367 - Server Starting...
8988: 16:39:42.367 -    Tick count: 12822860 (wraps in: 49.5619 days)
8988: 16:39:42.367 - Tick count 64: 12822860
8988: 16:39:42.367 - Photon Version: 4.0.28.2962
8988: 16:39:42.367 - PID: 10560
8988: 16:39:42.367 - Config File: D:\battleRoyal\PhotonBase\deploy\bin_Win64\PhotonServer.config
8988: 16:39:42.368 - Will NOT log unimportant exceptions
8988: 16:39:42.370 - Not using performance counters as they are not currently installed. Run the service with /InstallCounters to install them.
8988: 16:39:42.370 - Shutdown timeout enabled: 30000ms
8988: 16:39:42.370 - Starting I/O thread pool with 2 threads
8988: 16:39:42.370 - Using Standard allocator
8988: 16:39:42.370 - Max message size: 512000
8988: 16:39:42.370 - Starting business logic thread pool with the following settings
8988: 16:39:42.370 - InitialThreads: 4 threads
8988: 16:39:42.370 - MinThreads: 4 threads
8988: 16:39:42.370 - Thread pool is fixed size
8988: 16:39:42.371 - Starting ENet thread pool with the following settings
8988: 16:39:42.371 - InitialThreads: 2 threads
8988: 16:39:42.371 - MinThreads: 2 threads
8988: 16:39:42.371 - Thread pool is fixed size
8988: 16:39:42.371 - OnlyDispatchTimers: False
8988: 16:39:42.372 - S2S: flow control: Max pending writes: 50
8988: 16:39:42.372 - S2S: flow control: Max queued buffers: 200
8988: 16:39:42.372 - S2S: flow control: Max pending writes MUX: 500
8988: 16:39:42.372 - S2S: flow control: Max queued buffers MUX: 2000
8988: 16:39:42.372 - S2S: MaxInboundMessageSize: 512000
8988: 16:39:42.372 - S2S: MaxOutboundMessageSize: 512000
8988: 16:39:42.372 - S2S: No inactivity timeout
8988: 16:39:42.375 - WebSocket S2S: MaxInboundMessageSize: 512000
8988: 16:39:42.375 - WebSocket S2S: MaxOutboundMessageSize: 512000
8988: 16:39:42.375 - WebSocket S2S: No inactivity timeout
8988: 16:39:42.375 - Max Reliable Data In Transit (awaiting ACKs) per peer : 51200 bytes
8988: 16:39:42.375 - Per peer bandwidth limit
8988: 16:39:42.375 - Transmit Rate Limit: 256 KB/Sec
8988: 16:39:42.375 - Limit period: 200ms
8988: 16:39:42.375 - Limit per period: 52428 bytes
8988: 16:39:42.375 - Max queued data for transmission per peer: 512000 bytes
8988: 16:39:42.375 - Minimum retransmit timeout: 200
8988: 16:39:42.375 - No Maximum retransmit timeout
8988: 16:39:42.375 - Minimum ENet timeout: 5000ms
8988: 16:39:42.375 - Maximum ENet timeout: 30000ms
8988: 16:39:42.375 - Max Inbound Reliable Data Queued (awaiting resends of earlier sequence numbers) per peer : 163840 bytes
8988: 16:39:42.375 - No RTT ACK adjustment timeout
8988: 16:39:42.375 - Outbound ENet: MaxInboundMessageSize: 512000
8988: 16:39:42.375 - Outbound ENet: MaxOutboundMessageSize: 512000
8988: 16:39:42.377 - GetRuntime - About to load CLR - versions available:
8988: 16:39:42.377 - v2.0.50727
8988: 16:39:42.377 - v4.0.30319
8988: 16:39:42.377 - Configuration requests: "v2.0.50727"
8988: 16:39:42.377 - About to load version: "v2.0.50727"
8988: 16:39:42.384 - About to load runtime: PhotonHostRuntime.PhotonDomainManager from PhotonHostRuntime, Culture=neutral, PublicKeyToken=02C301B61B060C4D
8988: 16:39:42.384 - CLRBaseDirectory set to "D:\battleRoyal\PhotonBase\deploy"
8988: 16:39:42.384 - Optimising event broadcast for 20 or more peers
8988: 16:39:42.385 - Start: About to load CLR - versions available:
8988: 16:39:42.385 - v2.0.50727
8988: 16:39:42.385 - v4.0.30319
8988: 16:39:42.385 - No preference in configuration file, will load latest.
8988: 16:39:42.385 - About to load version: "v4.0.30319"
8988: 16:39:42.387 - Loaded version: "v4.0.30319"
8988: 16:39:42.621 - Photon host runtime loaded
8988: 16:39:45.282 - LICENSE: No license file was found. Starting with Bootstrap License.
8988: 16:39:45.282 - License is valid.
8988: 16:39:45.282 - Licensed for 20 concurrent connections.
8988: 16:39:45.282 - ENet: Max Reliable Data In Transit (awaiting ACKs) per peer : 51200 bytes
8988: 16:39:45.282 - ENet: Per peer bandwidth limit
8988: 16:39:45.282 - ENet: Transmit Rate Limit: 256 KB/Sec
8988: 16:39:45.282 - ENet: Limit period: 200ms
8988: 16:39:45.282 - ENet: Limit per period: 52428 bytes
8988: 16:39:45.282 - ENet: Max queued data for transmission per peer: 512000 bytes
8988: 16:39:45.282 - ENet: Minimum retransmit timeout: 200
8988: 16:39:45.282 - No Maximum retransmit timeout
8988: 16:39:45.282 - ENet: Minimum timeout: 5000ms
8988: 16:39:45.282 - ENet: Maximum timeout: 30000ms
8988: 16:39:45.282 - ENet: Max Inbound Reliable Data Queued (awaiting resends of earlier sequence numbers) per peer : 163840 bytes
8988: 16:39:45.282 - No RTT ACK adjustment timeout
8988: 16:39:45.282 - About to load application: battleRoyalServer from battleRoyalServer
8988: 16:39:45.282 - Auto restart is enabled for application, existing connections will be terminated during restart
8988: 16:39:45.282 - Application will restart 1000ms after the last change detected
8988: 16:39:45.282 - Application will restart if files matching the following are changed: "dll;config"
8988: 16:39:45.282 - Application will NOT restart if files matching the following are changed: "log4net.config"
8988: 16:39:45.387 - Taking reference on default app domain
8988: 16:39:45.442 - Application: "battleRoyalServer" started in app domain: 2
8988: 16:39:45.442 - Adding TCP listener on: 0.0.0.0: 4530 with a listen backlog of: 150
8988: 16:39:45.442 - TCP inactivity timeout: 10000ms
8988: 16:39:45.442 - TCP disconnect timeout: 120000ms
8988: 16:39:45.442 - MaxInboundMessageSize: 512000
8988: 16:39:45.442 - MaxOutboundMessageSize: 512000
8988: 16:39:45.442 - Forcing all applications ids to: "battleRoyalServer"
8988: 16:39:45.442 - Serving policy file requests from: "D:\battleRoyal\PhotonBase\deploy\Policy\assets\socket-policy.xml"
8988: 16:39:45.442 - Forcing all applications ids to: "battleRoyalServer"
8988: 16:39:45.442 - MaxInboundMessageSize: 512000
8988: 16:39:45.442 - MaxOutboundMessageSize: 512000
8988: 16:39:45.442 - UDP address specified as: "0.0.0.0" adding listener to each available IPv4 address
8988: 16:39:45.443 - Adding UDP listener on: 192.168.0.105: 5055 with a listen backlog of: 500
8988: 16:39:45.443 - Adding UDP listener on: 127.0.0.1: 5055 with a listen backlog of: 500
8988: 16:39:45.443 - Adding WebSocket TCP listener on: 0.0.0.0: 9090 with a listen backlog of: 150
8988: 16:39:45.443 - Nagle disabled
8988: 16:39:45.443 - TCP inactivity timeout: 10000ms
8988: 16:39:45.443 - MaxInboundMessageSize: 512000
8988: 16:39:45.443 - MaxOutboundMessageSize: 512000
8988: 16:39:45.443 - Forcing all applications ids to: "battleRoyalServer"
8988: 16:39:45.443 - Will accept ANY sub-protocols from the client
8988: 16:39:45.443 - No automatic WebSocket ping
8988: 16:39:45.443 - Adding Policy File listener on: 0.0.0.0: 843 with a listen backlog of: 150 and serving Policy File: "D:\battleRoyal\PhotonBase\deploy\Policy\assets\socket-policy.xml"
8988: 16:39:45.443 - TCP inactivity timeout: 10000ms
8988: 16:39:45.443 - Adding Policy File listener on: 0.0.0.0: 943 with a listen backlog of: 150 and serving Policy File: "D:\battleRoyal\PhotonBase\deploy\Policy\assets\socket-policy-silverlight.xml"
8988: 16:39:45.443 - TCP inactivity timeout: 10000ms
8988: 16:39:45.479 - Service is running...
