13940: 10:55:06.584 - ---
13940: 10:55:06.584 - Service: "Photon Socket Server" starting
13940: 10:55:06.585 - Config File: D:\PhotonBase\deploy\bin_Win64\PhotonServer.config
13940: 10:55:06.586 - Will produce at most: 10 crash dumps
13940: 10:55:06.586 - Service shutting down
13940: 10:55:06.587 - Service shut down complete
11148: 11:10:16.153 - ---
11148: 11:10:16.153 - Service: "Photon Socket Server" starting
11148: 11:10:16.153 - Config File: D:\PhotonBase\deploy\bin_Win64\PhotonServer.config
11148: 11:10:16.154 - Will produce at most: 10 crash dumps
11148: 11:10:16.154 - Service shutting down
11148: 11:10:16.156 - Service shut down complete
13848: 11:37:06.195 - ---
13848: 11:37:06.195 - Service: "Photon Socket Server" starting
13848: 11:37:06.195 - Config File: D:\PhotonBase\deploy\bin_Win64\PhotonServer.config
13848: 11:37:06.197 - Will produce at most: 10 crash dumps
13848: 11:37:06.197 - Service shutting down
13848: 11:37:06.198 - Service shut down complete
1636: 11:48:33.088 - ---
1636: 11:48:33.088 - Service: "Photon Socket Server" starting
1636: 11:48:33.088 - Config File: D:\PhotonBase\deploy\bin_Win64\PhotonServer.config
1636: 11:48:33.089 - Will produce at most: 10 crash dumps
1636: 11:48:33.089 - Service shutting down
1636: 11:48:33.091 - Service shut down complete
15640: 12:34:04.725 - ---
15640: 12:34:04.726 - Service: "Photon Socket Server" starting
15640: 12:34:04.726 - Config File: D:\PhotonBase\deploy\bin_Win64\PhotonServer.config
15640: 12:34:04.727 - Will produce at most: 10 crash dumps
15640: 12:34:04.727 - Service shutting down
15640: 12:34:04.728 - Service shut down complete
15388: 13:19:14.231 - ---
15388: 13:19:14.231 - Service: "Photon Socket Server" starting
15388: 13:19:14.231 - Config File: D:\PhotonBase\deploy\bin_Win64\PhotonServer.config
15388: 13:19:14.232 - Will produce at most: 10 crash dumps
15388: 13:19:14.232 - Service shutting down
15388: 13:19:14.233 - Service shut down complete
15972: 13:25:12.564 - ---
15972: 13:25:12.564 - Service: "Photon Socket Server" starting
15972: 13:25:12.564 - Config File: D:\PhotonBase\deploy\bin_Win64\PhotonServer.config
15972: 13:25:12.565 - Will produce at most: 10 crash dumps
15972: 13:25:12.565 - Service shutting down
15972: 13:25:12.569 - Service shut down complete
14468: 13:40:30.951 - ---
14468: 13:40:30.951 - Service: "Photon Socket Server" starting
14468: 13:40:30.951 - Config File: D:\PhotonBase\deploy\bin_Win64\PhotonServer.config
14468: 13:40:30.952 - Will produce at most: 10 crash dumps
14468: 13:40:30.952 - Service shutting down
14468: 13:40:30.953 - Service shut down complete
3876: 14:35:46.792 - ---
3876: 14:35:46.792 - Service: "Photon Socket Server" starting
3876: 14:35:46.792 - Config File: D:\PhotonBase\deploy\bin_Win64\PhotonServer.config
3876: 14:35:46.793 - Will produce at most: 10 crash dumps
3876: 14:35:46.793 - Service shutting down
3876: 14:35:46.794 - Service shut down complete
16024: 14:38:42.479 - ---
16024: 14:38:42.479 - Service: "Photon Socket Server" starting
16024: 14:38:42.479 - Config File: D:\PhotonBase\deploy\bin_Win64\PhotonServer.config
16024: 14:38:42.480 - Will produce at most: 10 crash dumps
16024: 14:38:42.480 - Service shutting down
16024: 14:38:42.480 - Service shut down complete
17136: 14:56:25.556 - ---
17136: 14:56:25.556 - Service: "Photon Socket Server" starting
17136: 14:56:25.556 - Config File: D:\PhotonBase\deploy\bin_Win64\PhotonServer.config
17136: 14:56:25.558 - Will produce at most: 10 crash dumps
17136: 14:56:25.558 - Service shutting down
17136: 14:56:25.558 - Service shut down complete
13516: 15:11:56.861 - ---
13516: 15:11:56.861 - Service: "Photon Socket Server" starting
13516: 15:11:56.861 - Config File: D:\PhotonBase\deploy\bin_Win64\PhotonServer.config
13516: 15:11:56.862 - Will produce at most: 10 crash dumps
13516: 15:11:56.863 - Service shutting down
13516: 15:11:56.863 - Service shut down complete
6640: 18:01:14.353 - ---
6640: 18:01:14.353 - Service: "Photon Socket Server" starting
6640: 18:01:14.353 - Config File: D:\battleRoyal\PhotonBase\deploy\bin_Win64\PhotonServer.config
6640: 18:01:14.354 - Will produce at most: 10 crash dumps
6640: 18:01:14.354 - Service shutting down
6640: 18:01:14.355 - Service shut down complete
14380: 20:02:24.927 - ---
14380: 20:02:24.927 - Service: "Photon Socket Server" starting
14380: 20:02:24.927 - Config File: D:\battleRoyal\PhotonBase\deploy\bin_Win64\PhotonServer.config
14380: 20:02:24.929 - Will produce at most: 10 crash dumps
14380: 20:02:24.929 - Service shutting down
14380: 20:02:24.930 - Service shut down complete
4636: 21:29:37.675 - ---
4636: 21:29:37.675 - Service: "Photon Socket Server" starting
4636: 21:29:37.675 - Config File: D:\battleRoyal\PhotonBase\deploy\bin_Win64\PhotonServer.config
4636: 21:29:37.676 - Will produce at most: 10 crash dumps
4636: 21:29:37.677 - Service shutting down
4636: 21:29:37.677 - Service shut down complete
