1620: 15:38:09.269 - ---
1620: 15:38:09.269 - Service: "Photon Socket Server" starting
1620: 15:38:09.269 - Config File: D:\battleRoyal\PhotonBase\deploy\bin_Win64\PhotonServer.config
1620: 15:38:09.271 - Will produce at most: 10 crash dumps
1620: 15:38:09.272 - Action: run as exe
1620: 15:38:09.275 - Server Starting...
1620: 15:38:09.276 -    Tick count: 4976369 (wraps in: 49.6527 days)
1620: 15:38:09.276 - Tick count 64: 4976385
1620: 15:38:09.276 - Photon Version: 4.0.28.2962
1620: 15:38:09.276 - PID: 8960
1620: 15:38:09.276 - Config File: D:\battleRoyal\PhotonBase\deploy\bin_Win64\PhotonServer.config
1620: 15:38:09.277 - Will NOT log unimportant exceptions
1620: 15:38:09.292 - Not using performance counters as they are not currently installed. Run the service with /InstallCounters to install them.
1620: 15:38:09.292 - Shutdown timeout enabled: 30000ms
1620: 15:38:09.293 - Starting I/O thread pool with 2 threads
1620: 15:38:09.293 - Using Standard allocator
1620: 15:38:09.293 - Max message size: 512000
1620: 15:38:09.294 - Starting business logic thread pool with the following settings
1620: 15:38:09.294 - InitialThreads: 4 threads
1620: 15:38:09.294 - MinThreads: 4 threads
1620: 15:38:09.294 - Thread pool is fixed size
1620: 15:38:09.294 - Starting ENet thread pool with the following settings
1620: 15:38:09.294 - InitialThreads: 2 threads
1620: 15:38:09.294 - MinThreads: 2 threads
1620: 15:38:09.294 - Thread pool is fixed size
1620: 15:38:09.295 - OnlyDispatchTimers: False
1620: 15:38:09.296 - S2S: flow control: Max pending writes: 50
1620: 15:38:09.296 - S2S: flow control: Max queued buffers: 200
1620: 15:38:09.296 - S2S: flow control: Max pending writes MUX: 500
1620: 15:38:09.296 - S2S: flow control: Max queued buffers MUX: 2000
1620: 15:38:09.296 - S2S: MaxInboundMessageSize: 512000
1620: 15:38:09.296 - S2S: MaxOutboundMessageSize: 512000
1620: 15:38:09.296 - S2S: No inactivity timeout
1620: 15:38:09.326 - WebSocket S2S: MaxInboundMessageSize: 512000
1620: 15:38:09.326 - WebSocket S2S: MaxOutboundMessageSize: 512000
1620: 15:38:09.326 - WebSocket S2S: No inactivity timeout
1620: 15:38:09.328 - Max Reliable Data In Transit (awaiting ACKs) per peer : 51200 bytes
1620: 15:38:09.328 - Per peer bandwidth limit
1620: 15:38:09.328 - Transmit Rate Limit: 256 KB/Sec
1620: 15:38:09.328 - Limit period: 200ms
1620: 15:38:09.328 - Limit per period: 52428 bytes
1620: 15:38:09.328 - Max queued data for transmission per peer: 512000 bytes
1620: 15:38:09.328 - Minimum retransmit timeout: 200
1620: 15:38:09.328 - No Maximum retransmit timeout
1620: 15:38:09.328 - Minimum ENet timeout: 5000ms
1620: 15:38:09.328 - Maximum ENet timeout: 30000ms
1620: 15:38:09.328 - Max Inbound Reliable Data Queued (awaiting resends of earlier sequence numbers) per peer : 163840 bytes
1620: 15:38:09.328 - No RTT ACK adjustment timeout
1620: 15:38:09.328 - Outbound ENet: MaxInboundMessageSize: 512000
1620: 15:38:09.328 - Outbound ENet: MaxOutboundMessageSize: 512000
1620: 15:38:09.367 - GetRuntime - About to load CLR - versions available:
1620: 15:38:09.367 - v2.0.50727
1620: 15:38:09.367 - v4.0.30319
1620: 15:38:09.367 - Configuration requests: "v2.0.50727"
1620: 15:38:09.367 - About to load version: "v2.0.50727"
1620: 15:38:09.554 - About to load runtime: PhotonHostRuntime.PhotonDomainManager from PhotonHostRuntime, Culture=neutral, PublicKeyToken=02C301B61B060C4D
1620: 15:38:09.554 - CLRBaseDirectory set to "D:\battleRoyal\PhotonBase\deploy"
1620: 15:38:09.554 - Optimising event broadcast for 20 or more peers
1620: 15:38:09.568 - Start: About to load CLR - versions available:
1620: 15:38:09.568 - v2.0.50727
1620: 15:38:09.568 - v4.0.30319
1620: 15:38:09.568 - No preference in configuration file, will load latest.
1620: 15:38:09.568 - About to load version: "v4.0.30319"
1620: 15:38:09.577 - Loaded version: "v4.0.30319"
1620: 15:38:10.240 - Photon host runtime loaded
1620: 15:38:12.505 - LICENSE: No license file was found. Starting with Bootstrap License.
1620: 15:38:12.505 - License is valid.
1620: 15:38:12.505 - Licensed for 20 concurrent connections.
1620: 15:38:12.505 - ENet: Max Reliable Data In Transit (awaiting ACKs) per peer : 51200 bytes
1620: 15:38:12.505 - ENet: Per peer bandwidth limit
1620: 15:38:12.505 - ENet: Transmit Rate Limit: 256 KB/Sec
1620: 15:38:12.505 - ENet: Limit period: 200ms
1620: 15:38:12.505 - ENet: Limit per period: 52428 bytes
1620: 15:38:12.505 - ENet: Max queued data for transmission per peer: 512000 bytes
1620: 15:38:12.505 - ENet: Minimum retransmit timeout: 200
1620: 15:38:12.505 - No Maximum retransmit timeout
1620: 15:38:12.505 - ENet: Minimum timeout: 5000ms
1620: 15:38:12.505 - ENet: Maximum timeout: 30000ms
1620: 15:38:12.505 - ENet: Max Inbound Reliable Data Queued (awaiting resends of earlier sequence numbers) per peer : 163840 bytes
1620: 15:38:12.505 - No RTT ACK adjustment timeout
1620: 15:38:12.505 - About to load application: battleRoyalServer from battleRoyalServer
1620: 15:38:12.505 - Auto restart is enabled for application, existing connections will be terminated during restart
1620: 15:38:12.505 - Application will restart 1000ms after the last change detected
1620: 15:38:12.505 - Application will restart if files matching the following are changed: "dll;config"
1620: 15:38:12.505 - Application will NOT restart if files matching the following are changed: "log4net.config"
1620: 15:38:12.746 - Taking reference on default app domain
1620: 15:38:12.871 - Application: "battleRoyalServer" started in app domain: 2
1620: 15:38:12.872 - Adding TCP listener on: 0.0.0.0: 4530 with a listen backlog of: 150
1620: 15:38:12.872 - TCP inactivity timeout: 10000ms
1620: 15:38:12.872 - TCP disconnect timeout: 120000ms
1620: 15:38:12.872 - MaxInboundMessageSize: 512000
1620: 15:38:12.872 - MaxOutboundMessageSize: 512000
1620: 15:38:12.872 - Forcing all applications ids to: "battleRoyalServer"
1620: 15:38:12.872 - Serving policy file requests from: "D:\battleRoyal\PhotonBase\deploy\Policy\assets\socket-policy.xml"
1620: 15:38:12.872 - Forcing all applications ids to: "battleRoyalServer"
1620: 15:38:12.872 - MaxInboundMessageSize: 512000
1620: 15:38:12.872 - MaxOutboundMessageSize: 512000
1620: 15:38:12.872 - UDP address specified as: "0.0.0.0" adding listener to each available IPv4 address
1620: 15:38:12.873 - Adding UDP listener on: 192.168.0.105: 5055 with a listen backlog of: 500
1620: 15:38:12.873 - Adding UDP listener on: 127.0.0.1: 5055 with a listen backlog of: 500
1620: 15:38:12.873 - Adding WebSocket TCP listener on: 0.0.0.0: 9090 with a listen backlog of: 150
1620: 15:38:12.873 - Nagle disabled
1620: 15:38:12.873 - TCP inactivity timeout: 10000ms
1620: 15:38:12.873 - MaxInboundMessageSize: 512000
1620: 15:38:12.873 - MaxOutboundMessageSize: 512000
1620: 15:38:12.873 - Forcing all applications ids to: "battleRoyalServer"
1620: 15:38:12.873 - Will accept ANY sub-protocols from the client
1620: 15:38:12.873 - No automatic WebSocket ping
1620: 15:38:12.887 - Adding Policy File listener on: 0.0.0.0: 843 with a listen backlog of: 150 and serving Policy File: "D:\battleRoyal\PhotonBase\deploy\Policy\assets\socket-policy.xml"
1620: 15:38:12.887 - TCP inactivity timeout: 10000ms
1620: 15:38:12.888 - Adding Policy File listener on: 0.0.0.0: 943 with a listen backlog of: 150 and serving Policy File: "D:\battleRoyal\PhotonBase\deploy\Policy\assets\socket-policy-silverlight.xml"
1620: 15:38:12.888 - TCP inactivity timeout: 10000ms
1620: 15:38:12.928 - Service is running...
9184: 15:41:44.480 - Restarting application: "battleRoyalServer" due to file changes
9184: 15:41:44.480 - Application: "battleRoyalServer" restart request (abort existing connections)
9184: 15:41:44.573 - Taking reference on default app domain
9184: 15:41:44.644 - Application: "battleRoyalServer" started in app domain: 3
9184: 15:41:44.757 - RequestApplicationStop: 2
9184: 15:41:44.762 - Application: "battleRoyalServer" stopped in app domain: 2 (abort existing connections)
9184: 15:41:44.762 - Application: "battleRoyalServer" restart complete.
2860: 15:41:44.765 - CManagedHost::OnDefaultAction() - OPR_AppDomainUnload - eUnloadAppDomain
7488: 15:41:44.774 - Unloading Domain: ApplicationName = 'battleRoyalServer', DomainId='2'
2860: 15:41:44.775 - CManagedHost::OnDomainUnload() - 2
9184: 15:55:21.332 - Restarting application: "battleRoyalServer" due to file changes
9184: 15:55:21.332 - Application: "battleRoyalServer" restart request (abort existing connections)
9184: 15:55:21.431 - Taking reference on default app domain
9184: 15:55:21.549 - Application: "battleRoyalServer" started in app domain: 4
9184: 15:55:21.682 - RequestApplicationStop: 3
9184: 15:55:21.686 - Application: "battleRoyalServer" stopped in app domain: 3 (abort existing connections)
9184: 15:55:21.686 - Application: "battleRoyalServer" restart complete.
2860: 15:55:21.690 - CManagedHost::OnDefaultAction() - OPR_AppDomainUnload - eUnloadAppDomain
7488: 15:55:21.698 - Unloading Domain: ApplicationName = 'battleRoyalServer', DomainId='3'
2860: 15:55:21.701 - CManagedHost::OnDomainUnload() - 3
9184: 16:31:40.777 - Restarting application: "battleRoyalServer" due to file changes
9184: 16:31:40.777 - Application: "battleRoyalServer" restart request (abort existing connections)
9184: 16:31:40.853 - Taking reference on default app domain
9184: 16:31:40.915 - Application: "battleRoyalServer" started in app domain: 5
9184: 16:31:41.031 - RequestApplicationStop: 4
9184: 16:31:41.035 - Application: "battleRoyalServer" stopped in app domain: 4 (abort existing connections)
9184: 16:31:41.035 - Application: "battleRoyalServer" restart complete.
2860: 16:31:41.035 - CManagedHost::OnDefaultAction() - OPR_AppDomainUnload - eUnloadAppDomain
7488: 16:31:41.043 - Unloading Domain: ApplicationName = 'battleRoyalServer', DomainId='4'
2860: 16:31:41.043 - CManagedHost::OnDomainUnload() - 4
9184: 16:54:15.552 - Restarting application: "battleRoyalServer" due to file changes
9184: 16:54:15.552 - Application: "battleRoyalServer" restart request (abort existing connections)
9184: 16:54:15.643 - Taking reference on default app domain
9184: 16:54:15.705 - Application: "battleRoyalServer" started in app domain: 6
9184: 16:54:15.825 - RequestApplicationStop: 5
9184: 16:54:15.829 - Application: "battleRoyalServer" stopped in app domain: 5 (abort existing connections)
9184: 16:54:15.829 - Application: "battleRoyalServer" restart complete.
2860: 16:54:15.829 - CManagedHost::OnDefaultAction() - OPR_AppDomainUnload - eUnloadAppDomain
7488: 16:54:15.837 - Unloading Domain: ApplicationName = 'battleRoyalServer', DomainId='5'
2860: 16:54:15.837 - CManagedHost::OnDomainUnload() - 5
