9200: 15:48:47.627 - ---
9200: 15:48:47.627 - Service: "Photon Socket Server" starting
9200: 15:48:47.627 - Config File: D:\battleRoyal\PhotonBase\deploy\bin_Win64\PhotonServer.config
9200: 15:48:47.628 - Will produce at most: 10 crash dumps
9200: 15:48:47.629 - Service shutting down
9200: 15:48:47.630 - Service shut down complete
7880: 15:48:56.243 - ---
7880: 15:48:56.243 - Service: "Photon Socket Server" starting
7880: 15:48:56.243 - Config File: D:\battleRoyal\PhotonBase\deploy\bin_Win64\PhotonServer.config
7880: 15:48:56.245 - Will produce at most: 10 crash dumps
7880: 15:48:56.245 - Service shutting down
7880: 15:48:56.245 - Service shut down complete
8816: 16:27:59.976 - ---
8816: 16:27:59.976 - Service: "Photon Socket Server" starting
8816: 16:27:59.976 - Config File: D:\battleRoyal\PhotonBase\deploy\bin_Win64\PhotonServer.config
8816: 16:27:59.978 - Will produce at most: 10 crash dumps
8816: 16:27:59.980 - Service shutting down
8816: 16:27:59.980 - Service shut down complete
10968: 16:39:38.056 - ---
10968: 16:39:38.056 - Service: "Photon Socket Server" starting
10968: 16:39:38.056 - Config File: D:\battleRoyal\PhotonBase\deploy\bin_Win64\PhotonServer.config
10968: 16:39:38.057 - Will produce at most: 10 crash dumps
10968: 16:39:38.057 - Service shutting down
10968: 16:39:38.058 - Service shut down complete
11900: 20:40:44.185 - ---
11900: 20:40:44.185 - Service: "Photon Socket Server" starting
11900: 20:40:44.185 - Config File: D:\battleRoyal\PhotonBase\deploy\bin_Win64\PhotonServer.config
11900: 20:40:44.187 - Will produce at most: 10 crash dumps
11900: 20:40:44.187 - Service shutting down
11900: 20:40:44.188 - Service shut down complete
