5136: 01:51:31.408 - ---
5136: 01:51:31.408 - Service: "Photon Socket Server" starting
5136: 01:51:31.408 - Config File: D:\battleRoyal\PhotonBase\deploy\bin_Win64\PhotonServer.config
5136: 01:51:31.409 - Will produce at most: 10 crash dumps
5136: 01:51:31.409 - Service shutting down
5136: 01:51:31.409 - Service shut down complete
11344: 20:59:35.175 - ---
11344: 20:59:35.175 - Service: "Photon Socket Server" starting
11344: 20:59:35.175 - Config File: D:\battleRoyal\PhotonBase\deploy\bin_Win64\PhotonServer.config
11344: 20:59:35.176 - Will produce at most: 10 crash dumps
11344: 20:59:35.176 - Service shutting down
11344: 20:59:35.177 - Service shut down complete
11844: 21:03:31.742 - ---
11844: 21:03:31.742 - Service: "Photon Socket Server" starting
11844: 21:03:31.742 - Config File: D:\battleRoyal\PhotonBase\deploy\bin_Win64\PhotonServer.config
11844: 21:03:31.743 - Will produce at most: 10 crash dumps
11844: 21:03:31.743 - Service shutting down
11844: 21:03:31.744 - Service shut down complete
4908: 21:20:45.449 - ---
4908: 21:20:45.449 - Service: "Photon Socket Server" starting
4908: 21:20:45.449 - Config File: D:\battleRoyal\PhotonBase\deploy\bin_Win64\PhotonServer.config
4908: 21:20:45.450 - Will produce at most: 10 crash dumps
4908: 21:20:45.450 - Service shutting down
4908: 21:20:45.451 - Service shut down complete
6576: 21:22:57.709 - ---
6576: 21:22:57.709 - Service: "Photon Socket Server" starting
6576: 21:22:57.709 - Config File: D:\battleRoyal\PhotonBase\deploy\bin_Win64\PhotonServer.config
6576: 21:22:57.712 - Will produce at most: 10 crash dumps
6576: 21:22:57.712 - Service shutting down
6576: 21:22:57.720 - Service shut down complete
9144: 21:26:28.492 - ---
9144: 21:26:28.492 - Service: "Photon Socket Server" starting
9144: 21:26:28.492 - Config File: D:\battleRoyal\PhotonBase\deploy\bin_Win64\PhotonServer.config
9144: 21:26:28.493 - Will produce at most: 10 crash dumps
9144: 21:26:28.493 - Service shutting down
9144: 21:26:28.494 - Service shut down complete
