4872: 22:27:10.167 - ---
4872: 22:27:10.167 - Service: "Photon Socket Server" starting
4872: 22:27:10.167 - Config File: D:\PhotonBase\deploy\bin_Win64\PhotonServer.config
4872: 22:27:10.170 - Will produce at most: 10 crash dumps
4872: 22:27:10.170 - Action: run as exe
4872: 22:27:10.170 - Server Starting...
4872: 22:27:10.170 -    Tick count: 9250672 (wraps in: 49.6032 days)
4872: 22:27:10.170 - Tick count 64: 9250672
4872: 22:27:10.170 - Photon Version: 4.0.28.2962
4872: 22:27:10.170 - PID: 9596
4872: 22:27:10.170 - Config File: D:\PhotonBase\deploy\bin_Win64\PhotonServer.config
4872: 22:27:10.171 - Will NOT log unimportant exceptions
4872: 22:27:10.174 - Not using performance counters as they are not currently installed. Run the service with /InstallCounters to install them.
4872: 22:27:10.174 - Shutdown timeout enabled: 30000ms
4872: 22:27:10.174 - Starting I/O thread pool with 2 threads
4872: 22:27:10.174 - Using Standard allocator
4872: 22:27:10.174 - Max message size: 512000
4872: 22:27:10.174 - Starting business logic thread pool with the following settings
4872: 22:27:10.174 - InitialThreads: 4 threads
4872: 22:27:10.174 - MinThreads: 4 threads
4872: 22:27:10.174 - Thread pool is fixed size
4872: 22:27:10.175 - Starting ENet thread pool with the following settings
4872: 22:27:10.175 - InitialThreads: 2 threads
4872: 22:27:10.175 - MinThreads: 2 threads
4872: 22:27:10.175 - Thread pool is fixed size
4872: 22:27:10.175 - OnlyDispatchTimers: False
4872: 22:27:10.175 - S2S: flow control: Max pending writes: 50
4872: 22:27:10.175 - S2S: flow control: Max queued buffers: 200
4872: 22:27:10.175 - S2S: flow control: Max pending writes MUX: 500
4872: 22:27:10.175 - S2S: flow control: Max queued buffers MUX: 2000
4872: 22:27:10.175 - S2S: MaxInboundMessageSize: 512000
4872: 22:27:10.175 - S2S: MaxOutboundMessageSize: 512000
4872: 22:27:10.175 - S2S: No inactivity timeout
4872: 22:27:10.180 - WebSocket S2S: MaxInboundMessageSize: 512000
4872: 22:27:10.180 - WebSocket S2S: MaxOutboundMessageSize: 512000
4872: 22:27:10.180 - WebSocket S2S: No inactivity timeout
4872: 22:27:10.180 - Max Reliable Data In Transit (awaiting ACKs) per peer : 51200 bytes
4872: 22:27:10.180 - Per peer bandwidth limit
4872: 22:27:10.180 - Transmit Rate Limit: 256 KB/Sec
4872: 22:27:10.180 - Limit period: 200ms
4872: 22:27:10.180 - Limit per period: 52428 bytes
4872: 22:27:10.180 - Max queued data for transmission per peer: 512000 bytes
4872: 22:27:10.180 - Minimum retransmit timeout: 200
4872: 22:27:10.180 - No Maximum retransmit timeout
4872: 22:27:10.180 - Minimum ENet timeout: 5000ms
4872: 22:27:10.180 - Maximum ENet timeout: 30000ms
4872: 22:27:10.180 - Max Inbound Reliable Data Queued (awaiting resends of earlier sequence numbers) per peer : 163840 bytes
4872: 22:27:10.180 - No RTT ACK adjustment timeout
4872: 22:27:10.180 - Outbound ENet: MaxInboundMessageSize: 512000
4872: 22:27:10.180 - Outbound ENet: MaxOutboundMessageSize: 512000
4872: 22:27:10.206 - GetRuntime - About to load CLR - versions available:
4872: 22:27:10.206 - v2.0.50727
4872: 22:27:10.206 - v4.0.30319
4872: 22:27:10.206 - Configuration requests: "v2.0.50727"
4872: 22:27:10.206 - About to load version: "v2.0.50727"
4872: 22:27:10.402 - About to load runtime: PhotonHostRuntime.PhotonDomainManager from PhotonHostRuntime, Culture=neutral, PublicKeyToken=02C301B61B060C4D
4872: 22:27:10.402 - CLRBaseDirectory set to "D:\PhotonBase\deploy"
4872: 22:27:10.402 - Optimising event broadcast for 20 or more peers
4872: 22:27:10.403 - Start: About to load CLR - versions available:
4872: 22:27:10.403 - v2.0.50727
4872: 22:27:10.403 - v4.0.30319
4872: 22:27:10.403 - No preference in configuration file, will load latest.
4872: 22:27:10.403 - About to load version: "v4.0.30319"
4872: 22:27:10.407 - Loaded version: "v4.0.30319"
4872: 22:27:10.696 - Photon host runtime loaded
4872: 22:27:13.054 - LICENSE: No license file was found. Starting with Bootstrap License.
4872: 22:27:13.063 - License is valid.
4872: 22:27:13.063 - Licensed for 20 concurrent connections.
4872: 22:27:13.063 - ENet: Max Reliable Data In Transit (awaiting ACKs) per peer : 51200 bytes
4872: 22:27:13.063 - ENet: Per peer bandwidth limit
4872: 22:27:13.064 - ENet: Transmit Rate Limit: 256 KB/Sec
4872: 22:27:13.064 - ENet: Limit period: 200ms
4872: 22:27:13.064 - ENet: Limit per period: 52428 bytes
4872: 22:27:13.064 - ENet: Max queued data for transmission per peer: 512000 bytes
4872: 22:27:13.064 - ENet: Minimum retransmit timeout: 200
4872: 22:27:13.064 - No Maximum retransmit timeout
4872: 22:27:13.064 - ENet: Minimum timeout: 5000ms
4872: 22:27:13.064 - ENet: Maximum timeout: 30000ms
4872: 22:27:13.064 - ENet: Max Inbound Reliable Data Queued (awaiting resends of earlier sequence numbers) per peer : 163840 bytes
4872: 22:27:13.064 - No RTT ACK adjustment timeout
4872: 22:27:13.064 - About to load application: Master from Photon.LoadBalancing
4872: 22:27:13.064 - Auto restart is enabled for application, existing connections will be terminated during restart
4872: 22:27:13.064 - Application will restart 1000ms after the last change detected
4872: 22:27:13.064 - Application will restart if files matching the following are changed: "dll;config"
4872: 22:27:13.064 - Application will NOT restart if files matching the following are changed: "log4net.config"
4872: 22:27:13.251 - Taking reference on default app domain
4872: 22:27:13.449 - Application: "Master" started in app domain: 2
4872: 22:27:13.449 - About to load application: Game from Photon.LoadBalancing
4872: 22:27:13.449 - Auto restart is enabled for application, existing connections will be terminated during restart
4872: 22:27:13.449 - Application will restart 1000ms after the last change detected
4872: 22:27:13.449 - Application will restart if files matching the following are changed: "dll;config"
4872: 22:27:13.449 - Application will NOT restart if files matching the following are changed: "log4net.config"
4872: 22:27:13.579 - Taking reference on default app domain
4872: 22:27:13.787 - Application: "Game" started in app domain: 3
4872: 22:27:13.787 - About to load application: CounterPublisher from CounterPublisher
4872: 22:27:13.787 - Auto restart is enabled for application, existing connections will be terminated during restart
4872: 22:27:13.787 - Application will restart 1000ms after the last change detected
4872: 22:27:13.787 - Application will restart if files matching the following are changed: "dll;config"
4872: 22:27:13.787 - Application will NOT restart if files matching the following are changed: "log4net.config"
4872: 22:27:13.932 - Taking reference on default app domain
4872: 22:27:14.024 - Application: "CounterPublisher" started in app domain: 4
4872: 22:27:14.024 - Adding TCP listener on: 0.0.0.0: 4530 with a listen backlog of: 150
4872: 22:27:14.024 - TCP inactivity timeout: 10000ms
4872: 22:27:14.024 - TCP disconnect timeout: 120000ms
4872: 22:27:14.024 - MaxInboundMessageSize: 512000
4872: 22:27:14.024 - MaxOutboundMessageSize: 512000
4872: 22:27:14.024 - Forcing all applications ids to: "Master"
4872: 22:27:14.036 - Serving policy file requests from: "D:\PhotonBase\deploy\Policy\assets\socket-policy.xml"
4872: 22:27:14.036 - Adding TCP listener on: 0.0.0.0: 4531 with a listen backlog of: 150
4872: 22:27:14.036 - TCP inactivity timeout: 10000ms
4872: 22:27:14.036 - TCP disconnect timeout: 120000ms
4872: 22:27:14.036 - MaxInboundMessageSize: 512000
4872: 22:27:14.036 - MaxOutboundMessageSize: 512000
4872: 22:27:14.036 - Forcing all applications ids to: "Game"
4872: 22:27:14.037 - Serving policy file requests from: "D:\PhotonBase\deploy\Policy\assets\socket-policy.xml"
4872: 22:27:14.037 - Adding TCP listener on: 0.0.0.0: 4520 with a listen backlog of: 150
4872: 22:27:14.037 - TCP inactivity timeout: 5000ms
4872: 22:27:14.037 - TCP disconnect timeout: 120000ms
4872: 22:27:14.037 - MaxInboundMessageSize: 512000
4872: 22:27:14.037 - MaxOutboundMessageSize: 512000
4872: 22:27:14.037 - Forcing all applications ids to: "Master"
4872: 22:27:14.037 - MaxInboundMessageSize: 512000
4872: 22:27:14.037 - MaxOutboundMessageSize: 512000
4872: 22:27:14.037 - UDP address specified as: "0.0.0.0" adding listener to each available IPv4 address
4872: 22:27:14.037 - Adding UDP listener on: 192.168.0.105: 5055 with a listen backlog of: 500
4872: 22:27:14.037 - Adding UDP listener on: 127.0.0.1: 5055 with a listen backlog of: 500
4872: 22:27:14.037 - Forcing all applications ids to: "Game"
4872: 22:27:14.037 - MaxInboundMessageSize: 512000
4872: 22:27:14.037 - MaxOutboundMessageSize: 512000
4872: 22:27:14.037 - UDP address specified as: "0.0.0.0" adding listener to each available IPv4 address
4872: 22:27:14.038 - Adding UDP listener on: 192.168.0.105: 5056 with a listen backlog of: 500
4872: 22:27:14.038 - Adding UDP listener on: 127.0.0.1: 5056 with a listen backlog of: 500
4872: 22:27:14.038 - Adding WebSocket TCP listener on: 0.0.0.0: 9090 with a listen backlog of: 150
4872: 22:27:14.038 - Nagle disabled
4872: 22:27:14.038 - TCP inactivity timeout: 10000ms
4872: 22:27:14.038 - MaxInboundMessageSize: 512000
4872: 22:27:14.038 - MaxOutboundMessageSize: 512000
4872: 22:27:14.038 - Forcing all applications ids to: "Master"
4872: 22:27:14.038 - Will accept ANY sub-protocols from the client
4872: 22:27:14.038 - No automatic WebSocket ping
4872: 22:27:14.038 - Adding WebSocket TCP listener on: 0.0.0.0: 9091 with a listen backlog of: 150
4872: 22:27:14.038 - Nagle disabled
4872: 22:27:14.038 - TCP inactivity timeout: 10000ms
4872: 22:27:14.038 - MaxInboundMessageSize: 512000
4872: 22:27:14.038 - MaxOutboundMessageSize: 512000
4872: 22:27:14.038 - Forcing all applications ids to: "Game"
4872: 22:27:14.038 - Will accept ANY sub-protocols from the client
4872: 22:27:14.038 - No automatic WebSocket ping
4872: 22:27:14.038 - Adding Policy File listener on: 0.0.0.0: 843 with a listen backlog of: 150 and serving Policy File: "D:\PhotonBase\deploy\Policy\assets\socket-policy.xml"
4872: 22:27:14.038 - TCP inactivity timeout: 1000ms
4872: 22:27:14.043 - Adding Policy File listener on: 0.0.0.0: 943 with a listen backlog of: 150 and serving Policy File: "D:\PhotonBase\deploy\Policy\assets\socket-policy-silverlight.xml"
4872: 22:27:14.043 - TCP inactivity timeout: 1000ms
4872: 22:27:14.112 - Service is running...
4872: 22:28:04.391 - Service is stopped...
4872: 22:28:04.391 - Server shutting down...
4872: 22:28:04.391 - Shutdown monitoring enabled, 30000ms before process abort
4872: 22:28:04.391 - Notifying CLR applications of shutdown...
4872: 22:28:04.391 - RequestApplicationStop: 4
4872: 22:28:04.394 - RequestApplicationStop: 3
4872: 22:28:04.401 - RequestApplicationStop: 2
4872: 22:28:04.413 - RequestStop: defalt app domain
4872: 22:28:04.417 - Shutting down WebSocket Outbound Connection Manager...
4872: 22:28:04.417 - Shutting down TCP Outbound Connection Manager...
4872: 22:28:04.417 - Shutting down ENet Outbound Connection Manager...
4872: 22:28:04.417 - Disconnecting all outbound peers...
4872: 22:28:04.417 - Shutting down ENet host...
4872: 22:28:04.417 - Disconnecting all peers...
4872: 22:28:04.417 - Shutting down socket servers...
4872: 22:28:04.417 - Shutting down ENet thread pool...
4872: 22:28:04.417 - Shutting down TCP inactivity timers...
4872: 22:28:04.417 - WaitingForShutdownToComplete: NativePolicy:0.0.0.0:843
4872: 22:28:04.417 - OnShutdownCompleted: NativePolicy:0.0.0.0:843
4872: 22:28:04.417 - WaitingForShutdownToComplete: NativePolicy:0.0.0.0:943
4872: 22:28:04.418 - OnShutdownCompleted: NativePolicy:0.0.0.0:943
4872: 22:28:04.418 - WaitingForShutdownToComplete: TCP:0.0.0.0:4520
4872: 22:28:04.418 - OnShutdownCompleted: TCP:0.0.0.0:4520
4872: 22:28:04.418 - WaitingForShutdownToComplete: TCP:0.0.0.0:4530
4872: 22:28:04.418 - OnShutdownCompleted: TCP:0.0.0.0:4530
4872: 22:28:04.418 - WaitingForShutdownToComplete: TCP:0.0.0.0:4531
4872: 22:28:04.418 - OnShutdownCompleted: TCP:0.0.0.0:4531
4872: 22:28:04.418 - WaitingForShutdownToComplete: UDP:127.0.0.1:5055
4872: 22:28:04.418 - OnShutdownCompleted: UDP:127.0.0.1:5055
4872: 22:28:04.418 - WaitingForShutdownToComplete: UDP:127.0.0.1:5056
4872: 22:28:04.418 - OnShutdownCompleted: UDP:127.0.0.1:5056
4872: 22:28:04.418 - WaitingForShutdownToComplete: UDP:192.168.0.105:5055
4872: 22:28:04.418 - OnShutdownCompleted: UDP:192.168.0.105:5055
4872: 22:28:04.418 - WaitingForShutdownToComplete: UDP:192.168.0.105:5056
4872: 22:28:04.418 - OnShutdownCompleted: UDP:192.168.0.105:5056
4872: 22:28:04.418 - WaitingForShutdownToComplete: WebSocket:0.0.0.0:9090
4872: 22:28:04.418 - OnShutdownCompleted: WebSocket:0.0.0.0:9090
4872: 22:28:04.418 - WaitingForShutdownToComplete: WebSocket:0.0.0.0:9091
4872: 22:28:04.418 - OnShutdownCompleted: WebSocket:0.0.0.0:9091
4872: 22:28:04.418 - Shutting down CLR applications...
10488: 22:28:04.531 - CManagedHost::OnDefaultAction() - OPR_AppDomainUnload - eUnloadAppDomain
4872: 22:28:04.546 - Shutting down business logic thread pool...
4872: 22:28:04.547 - Shutting down I/O thread pool...
4872: 22:28:04.547 - Destroying servers
4872: 22:28:04.548 - Destroying WebSocket Outbound Connection Manager
4872: 22:28:04.548 - Destroying TCP Outbound Connection Manager
4872: 22:28:04.548 - Destroying TCP inactivity timer
4872: 22:28:04.548 - Destroying ENet timer wheel
4872: 22:28:04.548 - Destroying ENet host
4872: 22:28:04.548 - Destroying ENet outbound host
4872: 22:28:04.548 - Destroying HTTP inactivity timer
4872: 22:28:04.548 - Destroying HTTP host
4872: 22:28:04.548 - Destroying HTTP Chunk host
4872: 22:28:04.548 - Flushing ENET buffer allocator...
4872: 22:28:04.553 - Flushing TCP buffer handle allocator...
4872: 22:28:04.553 - Flushing stream socket allocator...
4872: 22:28:04.554 - Flushing inbound datagram socket allocator...
4872: 22:28:04.557 - Flushing outbound datagram socket allocator...
4872: 22:28:04.557 - Destroying CLR dispatcher
4872: 22:28:04.557 - Destroying CLR applications
4872: 22:28:04.557 - ~CCLRApplicationCollection() - Waiting up to 10 seconds for the CLR to release all of our objects
7480: 22:28:04.559 - Unloading Domain: ApplicationName = 'CounterPublisher', DomainId='4'
10488: 22:28:04.559 - CManagedHost::OnDomainUnload() - 4
10488: 22:28:04.571 - CManagedHost::OnDefaultAction() - OPR_AppDomainUnload - eUnloadAppDomain
7480: 22:28:04.582 - Unloading Domain: ApplicationName = 'Master', DomainId='2'
10488: 22:28:04.582 - CManagedHost::OnDomainUnload() - 2
10488: 22:28:04.591 - CManagedHost::OnDefaultAction() - OPR_AppDomainUnload - eUnloadAppDomain
7480: 22:28:04.602 - Unloading Domain: ApplicationName = 'Game', DomainId='3'
10488: 22:28:04.602 - CManagedHost::OnDomainUnload() - 3
4872: 22:28:04.610 - ~CCLRApplicationCollection() - Done. All objects released
4872: 22:28:04.610 - ~CManagedHost() - Release default app domain
4872: 22:28:04.610 - CManagedHost::OnDomainUnload() - 1
4872: 22:28:04.610 - ~CManagedHost() - Waiting up to 10 seconds for CLR shutdown...
4872: 22:28:04.610 - ~CManagedHost
4872: 22:28:04.610 - Destroying ENet thread pool
4872: 22:28:04.610 - Destroying Business logic thread pool
4872: 22:28:04.610 - Destroying I/O thread pool
4872: 22:28:04.610 - Destroying ENet buffer allocator
4872: 22:28:04.610 - Destroying TCP buffer allocator
4872: 22:28:04.610 - Destroying TCP socket allocator
4872: 22:28:04.610 - Destroying ENet inbound socket allocator
4872: 22:28:04.610 - Destroying ENet outbound socket allocator
4872: 22:28:04.610 - Destroying shared datagram flow control data
4872: 22:28:04.610 - Shutdown complete...
4872: 22:28:04.611 - Service shutting down
4872: 22:28:04.612 - Service shut down complete
