7804: 07:42:28.194 - ---
7804: 07:42:28.194 - Service: "Photon Socket Server" starting
7804: 07:42:28.194 - Config File: D:\battleRoyal\PhotonBase\deploy\bin_Win64\PhotonServer.config
7804: 07:42:28.196 - Will produce at most: 10 crash dumps
7804: 07:42:28.196 - Action: run as exe
7804: 07:42:28.196 - Server Starting...
7804: 07:42:28.197 -    Tick count: 730708 (wraps in: 49.7018 days)
7804: 07:42:28.197 - Tick count 64: 730708
7804: 07:42:28.197 - Photon Version: 4.0.28.2962
7804: 07:42:28.197 - PID: 7916
7804: 07:42:28.197 - Config File: D:\battleRoyal\PhotonBase\deploy\bin_Win64\PhotonServer.config
7804: 07:42:28.197 - Will NOT log unimportant exceptions
7804: 07:42:28.202 - Not using performance counters as they are not currently installed. Run the service with /InstallCounters to install them.
7804: 07:42:28.202 - Shutdown timeout enabled: 30000ms
7804: 07:42:28.207 - Starting I/O thread pool with 2 threads
7804: 07:42:28.209 - Using Standard allocator
7804: 07:42:28.209 - Max message size: 512000
7804: 07:42:28.209 - Starting business logic thread pool with the following settings
7804: 07:42:28.209 - InitialThreads: 4 threads
7804: 07:42:28.209 - MinThreads: 4 threads
7804: 07:42:28.209 - Thread pool is fixed size
7804: 07:42:28.211 - Starting ENet thread pool with the following settings
7804: 07:42:28.211 - InitialThreads: 2 threads
7804: 07:42:28.211 - MinThreads: 2 threads
7804: 07:42:28.211 - Thread pool is fixed size
7804: 07:42:28.211 - OnlyDispatchTimers: False
7804: 07:42:28.211 - S2S: flow control: Max pending writes: 50
7804: 07:42:28.211 - S2S: flow control: Max queued buffers: 200
7804: 07:42:28.211 - S2S: flow control: Max pending writes MUX: 500
7804: 07:42:28.211 - S2S: flow control: Max queued buffers MUX: 2000
7804: 07:42:28.211 - S2S: MaxInboundMessageSize: 512000
7804: 07:42:28.211 - S2S: MaxOutboundMessageSize: 512000
7804: 07:42:28.211 - S2S: No inactivity timeout
7804: 07:42:28.215 - WebSocket S2S: MaxInboundMessageSize: 512000
7804: 07:42:28.215 - WebSocket S2S: MaxOutboundMessageSize: 512000
7804: 07:42:28.215 - WebSocket S2S: No inactivity timeout
7804: 07:42:28.215 - Max Reliable Data In Transit (awaiting ACKs) per peer : 51200 bytes
7804: 07:42:28.215 - Per peer bandwidth limit
7804: 07:42:28.215 - Transmit Rate Limit: 256 KB/Sec
7804: 07:42:28.215 - Limit period: 200ms
7804: 07:42:28.215 - Limit per period: 52428 bytes
7804: 07:42:28.215 - Max queued data for transmission per peer: 512000 bytes
7804: 07:42:28.215 - Minimum retransmit timeout: 200
7804: 07:42:28.215 - No Maximum retransmit timeout
7804: 07:42:28.215 - Minimum ENet timeout: 5000ms
7804: 07:42:28.215 - Maximum ENet timeout: 30000ms
7804: 07:42:28.215 - Max Inbound Reliable Data Queued (awaiting resends of earlier sequence numbers) per peer : 163840 bytes
7804: 07:42:28.215 - No RTT ACK adjustment timeout
7804: 07:42:28.215 - Outbound ENet: MaxInboundMessageSize: 512000
7804: 07:42:28.215 - Outbound ENet: MaxOutboundMessageSize: 512000
7804: 07:42:28.219 - GetRuntime - About to load CLR - versions available:
7804: 07:42:28.219 - v2.0.50727
7804: 07:42:28.219 - v4.0.30319
7804: 07:42:28.219 - Configuration requests: "v2.0.50727"
7804: 07:42:28.219 - About to load version: "v2.0.50727"
7804: 07:42:28.348 - About to load runtime: PhotonHostRuntime.PhotonDomainManager from PhotonHostRuntime, Culture=neutral, PublicKeyToken=02C301B61B060C4D
7804: 07:42:28.348 - CLRBaseDirectory set to "D:\battleRoyal\PhotonBase\deploy"
7804: 07:42:28.348 - Optimising event broadcast for 20 or more peers
7804: 07:42:28.349 - Start: About to load CLR - versions available:
7804: 07:42:28.349 - v2.0.50727
7804: 07:42:28.349 - v4.0.30319
7804: 07:42:28.349 - No preference in configuration file, will load latest.
7804: 07:42:28.349 - About to load version: "v4.0.30319"
7804: 07:42:28.350 - Loaded version: "v4.0.30319"
7804: 07:42:28.565 - Photon host runtime loaded
7804: 07:42:30.736 - LICENSE: No license file was found. Starting with Bootstrap License.
7804: 07:42:30.736 - License is valid.
7804: 07:42:30.736 - Licensed for 20 concurrent connections.
7804: 07:42:30.736 - ENet: Max Reliable Data In Transit (awaiting ACKs) per peer : 51200 bytes
7804: 07:42:30.736 - ENet: Per peer bandwidth limit
7804: 07:42:30.736 - ENet: Transmit Rate Limit: 256 KB/Sec
7804: 07:42:30.736 - ENet: Limit period: 200ms
7804: 07:42:30.736 - ENet: Limit per period: 52428 bytes
7804: 07:42:30.736 - ENet: Max queued data for transmission per peer: 512000 bytes
7804: 07:42:30.736 - ENet: Minimum retransmit timeout: 200
7804: 07:42:30.736 - No Maximum retransmit timeout
7804: 07:42:30.736 - ENet: Minimum timeout: 5000ms
7804: 07:42:30.736 - ENet: Maximum timeout: 30000ms
7804: 07:42:30.736 - ENet: Max Inbound Reliable Data Queued (awaiting resends of earlier sequence numbers) per peer : 163840 bytes
7804: 07:42:30.736 - No RTT ACK adjustment timeout
7804: 07:42:30.737 - About to load application: battleRoyalServer from battleRoyalServer
7804: 07:42:30.737 - Auto restart is enabled for application, existing connections will be terminated during restart
7804: 07:42:30.737 - Application will restart 1000ms after the last change detected
7804: 07:42:30.737 - Application will restart if files matching the following are changed: "dll;config"
7804: 07:42:30.737 - Application will NOT restart if files matching the following are changed: "log4net.config"
7804: 07:42:30.900 - Taking reference on default app domain
7804: 07:42:30.974 - Application: "battleRoyalServer" started in app domain: 2
7804: 07:42:30.974 - Adding TCP listener on: 0.0.0.0: 4530 with a listen backlog of: 150
7804: 07:42:30.974 - TCP inactivity timeout: 10000ms
7804: 07:42:30.974 - TCP disconnect timeout: 120000ms
7804: 07:42:30.974 - MaxInboundMessageSize: 512000
7804: 07:42:30.974 - MaxOutboundMessageSize: 512000
7804: 07:42:30.974 - Forcing all applications ids to: "battleRoyalServer"
7804: 07:42:30.974 - Serving policy file requests from: "D:\battleRoyal\PhotonBase\deploy\Policy\assets\socket-policy.xml"
7804: 07:42:30.974 - Forcing all applications ids to: "battleRoyalServer"
7804: 07:42:30.974 - MaxInboundMessageSize: 512000
7804: 07:42:30.974 - MaxOutboundMessageSize: 512000
7804: 07:42:30.974 - UDP address specified as: "0.0.0.0" adding listener to each available IPv4 address
7804: 07:42:30.976 - Adding UDP listener on: 192.168.0.105: 5055 with a listen backlog of: 500
7804: 07:42:30.976 - Adding UDP listener on: 127.0.0.1: 5055 with a listen backlog of: 500
7804: 07:42:30.976 - Adding WebSocket TCP listener on: 0.0.0.0: 9090 with a listen backlog of: 150
7804: 07:42:30.976 - Nagle disabled
7804: 07:42:30.976 - TCP inactivity timeout: 10000ms
7804: 07:42:30.976 - MaxInboundMessageSize: 512000
7804: 07:42:30.976 - MaxOutboundMessageSize: 512000
7804: 07:42:30.976 - Forcing all applications ids to: "battleRoyalServer"
7804: 07:42:30.976 - Will accept ANY sub-protocols from the client
7804: 07:42:30.976 - No automatic WebSocket ping
7804: 07:42:30.976 - Adding Policy File listener on: 0.0.0.0: 843 with a listen backlog of: 150 and serving Policy File: "D:\battleRoyal\PhotonBase\deploy\Policy\assets\socket-policy.xml"
7804: 07:42:30.976 - TCP inactivity timeout: 10000ms
7804: 07:42:30.977 - Adding Policy File listener on: 0.0.0.0: 943 with a listen backlog of: 150 and serving Policy File: "D:\battleRoyal\PhotonBase\deploy\Policy\assets\socket-policy-silverlight.xml"
7804: 07:42:30.977 - TCP inactivity timeout: 10000ms
7804: 07:42:31.029 - Service is running...
3716: 12:45:53.241 - Restarting application: "battleRoyalServer" due to file changes
3716: 12:45:53.249 - Application: "battleRoyalServer" restart request (abort existing connections)
3716: 12:45:53.861 - Taking reference on default app domain
3716: 12:45:54.154 - Application: "battleRoyalServer" started in app domain: 3
3716: 12:45:54.582 - RequestApplicationStop: 2
3716: 12:45:54.602 - Application: "battleRoyalServer" stopped in app domain: 2 (abort existing connections)
3716: 12:45:54.602 - Application: "battleRoyalServer" restart complete.
5244: 12:45:54.679 - CManagedHost::OnDefaultAction() - OPR_AppDomainUnload - eUnloadAppDomain
3580: 12:45:54.690 - Unloading Domain: ApplicationName = 'battleRoyalServer', DomainId='2'
5244: 12:45:54.690 - CManagedHost::OnDomainUnload() - 2
3716: 19:26:19.857 - Restarting application: "battleRoyalServer" due to file changes
3716: 19:26:19.857 - Application: "battleRoyalServer" restart request (abort existing connections)
3716: 19:26:20.381 - Taking reference on default app domain
3716: 19:26:20.654 - Application: "battleRoyalServer" started in app domain: 4
3716: 19:26:21.083 - RequestApplicationStop: 3
3716: 19:26:21.104 - Application: "battleRoyalServer" stopped in app domain: 3 (abort existing connections)
3716: 19:26:21.104 - Application: "battleRoyalServer" restart complete.
5244: 19:26:21.124 - CManagedHost::OnDefaultAction() - OPR_AppDomainUnload - eUnloadAppDomain
3580: 19:26:21.137 - Unloading Domain: ApplicationName = 'battleRoyalServer', DomainId='3'
5244: 19:26:21.137 - CManagedHost::OnDomainUnload() - 3
3716: 19:27:45.962 - Restarting application: "battleRoyalServer" due to file changes
3716: 19:27:45.962 - Application: "battleRoyalServer" restart request (abort existing connections)
3716: 19:27:46.394 - Taking reference on default app domain
3716: 19:27:46.685 - Application: "battleRoyalServer" started in app domain: 5
3716: 19:27:46.887 - RequestApplicationStop: 4
3716: 19:27:46.892 - Application: "battleRoyalServer" stopped in app domain: 4 (abort existing connections)
5244: 19:27:46.892 - CManagedHost::OnDefaultAction() - OPR_AppDomainUnload - eUnloadAppDomain
3716: 19:27:46.892 - Application: "battleRoyalServer" restart complete.
3580: 19:27:46.899 - Unloading Domain: ApplicationName = 'battleRoyalServer', DomainId='4'
5244: 19:27:46.899 - CManagedHost::OnDomainUnload() - 4
3716: 20:42:10.351 - Restarting application: "battleRoyalServer" due to file changes
3716: 20:42:10.351 - Application: "battleRoyalServer" restart request (abort existing connections)
3716: 20:42:10.630 - Taking reference on default app domain
3716: 20:42:10.788 - Application: "battleRoyalServer" started in app domain: 6
3716: 20:42:11.021 - RequestApplicationStop: 5
3716: 20:42:11.029 - Application: "battleRoyalServer" stopped in app domain: 5 (abort existing connections)
3716: 20:42:11.029 - Application: "battleRoyalServer" restart complete.
5244: 20:42:11.029 - CManagedHost::OnDefaultAction() - OPR_AppDomainUnload - eUnloadAppDomain
3580: 20:42:11.038 - Unloading Domain: ApplicationName = 'battleRoyalServer', DomainId='5'
5244: 20:42:11.039 - CManagedHost::OnDomainUnload() - 5
3716: 20:57:53.877 - Restarting application: "battleRoyalServer" due to file changes
3716: 20:57:53.877 - Application: "battleRoyalServer" restart request (abort existing connections)
3716: 20:57:54.011 - Taking reference on default app domain
3716: 20:57:54.074 - Application: "battleRoyalServer" started in app domain: 7
3716: 20:57:54.243 - RequestApplicationStop: 6
3716: 20:57:54.248 - Application: "battleRoyalServer" stopped in app domain: 6 (abort existing connections)
3716: 20:57:54.248 - Application: "battleRoyalServer" restart complete.
5244: 20:57:54.248 - CManagedHost::OnDefaultAction() - OPR_AppDomainUnload - eUnloadAppDomain
3580: 20:57:54.256 - Unloading Domain: ApplicationName = 'battleRoyalServer', DomainId='6'
5244: 20:57:54.256 - CManagedHost::OnDomainUnload() - 6
7804: 20:58:04.122 - Service is stopped...
7804: 20:58:04.131 - Server shutting down...
7804: 20:58:04.131 - Shutdown monitoring enabled, 30000ms before process abort
7804: 20:58:04.132 - Notifying CLR applications of shutdown...
7804: 20:58:04.132 - RequestApplicationStop: 7
7804: 20:58:04.172 - RequestStop: defalt app domain
7804: 20:58:04.195 - Shutting down WebSocket Outbound Connection Manager...
7804: 20:58:04.195 - Shutting down TCP Outbound Connection Manager...
7804: 20:58:04.196 - Shutting down ENet Outbound Connection Manager...
7804: 20:58:04.196 - Disconnecting all outbound peers...
7804: 20:58:04.196 - Shutting down ENet host...
7804: 20:58:04.196 - Disconnecting all peers...
7804: 20:58:04.196 - Shutting down socket servers...
7804: 20:58:04.372 - Shutting down ENet thread pool...
7804: 20:58:04.372 - Shutting down TCP inactivity timers...
7804: 20:58:04.406 - WaitingForShutdownToComplete: NativePolicy:0.0.0.0:843
7804: 20:58:04.406 - OnShutdownCompleted: NativePolicy:0.0.0.0:843
7804: 20:58:04.406 - WaitingForShutdownToComplete: NativePolicy:0.0.0.0:943
7804: 20:58:04.406 - OnShutdownCompleted: NativePolicy:0.0.0.0:943
7804: 20:58:04.406 - WaitingForShutdownToComplete: TCP:0.0.0.0:4530
7804: 20:58:04.406 - OnShutdownCompleted: TCP:0.0.0.0:4530
7804: 20:58:04.406 - WaitingForShutdownToComplete: UDP:127.0.0.1:5055
7804: 20:58:04.406 - OnShutdownCompleted: UDP:127.0.0.1:5055
7804: 20:58:04.406 - WaitingForShutdownToComplete: UDP:192.168.0.105:5055
7804: 20:58:04.406 - OnShutdownCompleted: UDP:192.168.0.105:5055
7804: 20:58:04.406 - WaitingForShutdownToComplete: WebSocket:0.0.0.0:9090
7804: 20:58:04.406 - OnShutdownCompleted: WebSocket:0.0.0.0:9090
7804: 20:58:04.407 - Shutting down CLR applications...
7804: 20:58:04.410 - Shutting down business logic thread pool...
5244: 20:58:04.410 - CManagedHost::OnDefaultAction() - OPR_AppDomainUnload - eUnloadAppDomain
3580: 20:58:04.424 - Unloading Domain: ApplicationName = 'battleRoyalServer', DomainId='7'
5244: 20:58:04.424 - CManagedHost::OnDomainUnload() - 7
7804: 20:58:04.439 - Shutting down I/O thread pool...
7804: 20:58:04.448 - Destroying servers
7804: 20:58:04.449 - Destroying WebSocket Outbound Connection Manager
7804: 20:58:04.449 - Destroying TCP Outbound Connection Manager
7804: 20:58:04.449 - Destroying TCP inactivity timer
7804: 20:58:04.449 - Destroying ENet timer wheel
7804: 20:58:04.449 - Destroying ENet host
7804: 20:58:04.449 - Destroying ENet outbound host
7804: 20:58:04.449 - Destroying HTTP inactivity timer
7804: 20:58:04.449 - Destroying HTTP host
7804: 20:58:04.449 - Destroying HTTP Chunk host
7804: 20:58:04.450 - Flushing ENET buffer allocator...
7804: 20:58:04.468 - Flushing TCP buffer handle allocator...
7804: 20:58:04.468 - Flushing stream socket allocator...
7804: 20:58:04.469 - Flushing inbound datagram socket allocator...
7804: 20:58:04.533 - Flushing outbound datagram socket allocator...
7804: 20:58:04.533 - Destroying CLR dispatcher
7804: 20:58:04.533 - Destroying CLR applications
7804: 20:58:04.542 - ~CCLRApplicationCollection() - Waiting up to 10 seconds for the CLR to release all of our objects
7804: 20:58:04.542 - ~CCLRApplicationCollection() - Done. All objects released
7804: 20:58:04.543 - ~CManagedHost() - Release default app domain
7804: 20:58:04.543 - CManagedHost::OnDomainUnload() - 1
7804: 20:58:04.543 - ~CManagedHost() - Waiting up to 10 seconds for CLR shutdown...
7804: 20:58:04.543 - ~CManagedHost
7804: 20:58:04.543 - Destroying ENet thread pool
7804: 20:58:04.544 - Destroying Business logic thread pool
7804: 20:58:04.544 - Destroying I/O thread pool
7804: 20:58:04.544 - Destroying ENet buffer allocator
7804: 20:58:04.544 - Destroying TCP buffer allocator
7804: 20:58:04.544 - Destroying TCP socket allocator
7804: 20:58:04.544 - Destroying ENet inbound socket allocator
7804: 20:58:04.544 - Destroying ENet outbound socket allocator
7804: 20:58:04.544 - Destroying shared datagram flow control data
7804: 20:58:04.545 - Shutdown complete...
7804: 20:58:04.545 - Service shutting down
7804: 20:58:04.567 - Service shut down complete
12612: 20:58:09.819 - ---
12612: 20:58:09.819 - Service: "Photon Socket Server" starting
12612: 20:58:09.819 - Config File: D:\battleRoyal\PhotonBase\deploy\bin_Win64\PhotonServer.config
12612: 20:58:09.820 - Will produce at most: 10 crash dumps
12612: 20:58:09.820 - Action: run as exe
12612: 20:58:09.821 - Server Starting...
12612: 20:58:09.821 -    Tick count: 48472334 (wraps in: 49.1492 days)
12612: 20:58:09.821 - Tick count 64: 48472334
12612: 20:58:09.821 - Photon Version: 4.0.28.2962
12612: 20:58:09.821 - PID: 13668
12612: 20:58:09.821 - Config File: D:\battleRoyal\PhotonBase\deploy\bin_Win64\PhotonServer.config
12612: 20:58:09.821 - Will NOT log unimportant exceptions
12612: 20:58:09.823 - Not using performance counters as they are not currently installed. Run the service with /InstallCounters to install them.
12612: 20:58:09.823 - Shutdown timeout enabled: 30000ms
12612: 20:58:09.823 - Starting I/O thread pool with 2 threads
12612: 20:58:09.824 - Using Standard allocator
12612: 20:58:09.824 - Max message size: 512000
12612: 20:58:09.824 - Starting business logic thread pool with the following settings
12612: 20:58:09.824 - InitialThreads: 4 threads
12612: 20:58:09.824 - MinThreads: 4 threads
12612: 20:58:09.824 - Thread pool is fixed size
12612: 20:58:09.824 - Starting ENet thread pool with the following settings
12612: 20:58:09.824 - InitialThreads: 2 threads
12612: 20:58:09.824 - MinThreads: 2 threads
12612: 20:58:09.824 - Thread pool is fixed size
12612: 20:58:09.824 - OnlyDispatchTimers: False
12612: 20:58:09.824 - S2S: flow control: Max pending writes: 50
12612: 20:58:09.824 - S2S: flow control: Max queued buffers: 200
12612: 20:58:09.824 - S2S: flow control: Max pending writes MUX: 500
12612: 20:58:09.824 - S2S: flow control: Max queued buffers MUX: 2000
12612: 20:58:09.824 - S2S: MaxInboundMessageSize: 512000
12612: 20:58:09.824 - S2S: MaxOutboundMessageSize: 512000
12612: 20:58:09.824 - S2S: No inactivity timeout
12612: 20:58:09.827 - WebSocket S2S: MaxInboundMessageSize: 512000
12612: 20:58:09.827 - WebSocket S2S: MaxOutboundMessageSize: 512000
12612: 20:58:09.827 - WebSocket S2S: No inactivity timeout
12612: 20:58:09.828 - Max Reliable Data In Transit (awaiting ACKs) per peer : 51200 bytes
12612: 20:58:09.828 - Per peer bandwidth limit
12612: 20:58:09.828 - Transmit Rate Limit: 256 KB/Sec
12612: 20:58:09.828 - Limit period: 200ms
12612: 20:58:09.828 - Limit per period: 52428 bytes
12612: 20:58:09.828 - Max queued data for transmission per peer: 512000 bytes
12612: 20:58:09.828 - Minimum retransmit timeout: 200
12612: 20:58:09.828 - No Maximum retransmit timeout
12612: 20:58:09.828 - Minimum ENet timeout: 5000ms
12612: 20:58:09.828 - Maximum ENet timeout: 30000ms
12612: 20:58:09.828 - Max Inbound Reliable Data Queued (awaiting resends of earlier sequence numbers) per peer : 163840 bytes
12612: 20:58:09.828 - No RTT ACK adjustment timeout
12612: 20:58:09.828 - Outbound ENet: MaxInboundMessageSize: 512000
12612: 20:58:09.828 - Outbound ENet: MaxOutboundMessageSize: 512000
12612: 20:58:09.829 - GetRuntime - About to load CLR - versions available:
12612: 20:58:09.830 - v2.0.50727
12612: 20:58:09.830 - v4.0.30319
12612: 20:58:09.830 - Configuration requests: "v2.0.50727"
12612: 20:58:09.830 - About to load version: "v2.0.50727"
12612: 20:58:09.836 - About to load runtime: PhotonHostRuntime.PhotonDomainManager from PhotonHostRuntime, Culture=neutral, PublicKeyToken=02C301B61B060C4D
12612: 20:58:09.836 - CLRBaseDirectory set to "D:\battleRoyal\PhotonBase\deploy"
12612: 20:58:09.836 - Optimising event broadcast for 20 or more peers
12612: 20:58:09.837 - Start: About to load CLR - versions available:
12612: 20:58:09.837 - v2.0.50727
12612: 20:58:09.837 - v4.0.30319
12612: 20:58:09.837 - No preference in configuration file, will load latest.
12612: 20:58:09.837 - About to load version: "v4.0.30319"
12612: 20:58:09.838 - Loaded version: "v4.0.30319"
12612: 20:58:09.998 - Photon host runtime loaded
12612: 20:58:12.730 - LICENSE: No license file was found. Starting with Bootstrap License.
12612: 20:58:12.731 - License is valid.
12612: 20:58:12.731 - Licensed for 20 concurrent connections.
12612: 20:58:12.731 - ENet: Max Reliable Data In Transit (awaiting ACKs) per peer : 51200 bytes
12612: 20:58:12.731 - ENet: Per peer bandwidth limit
12612: 20:58:12.731 - ENet: Transmit Rate Limit: 256 KB/Sec
12612: 20:58:12.731 - ENet: Limit period: 200ms
12612: 20:58:12.731 - ENet: Limit per period: 52428 bytes
12612: 20:58:12.731 - ENet: Max queued data for transmission per peer: 512000 bytes
12612: 20:58:12.731 - ENet: Minimum retransmit timeout: 200
12612: 20:58:12.731 - No Maximum retransmit timeout
12612: 20:58:12.731 - ENet: Minimum timeout: 5000ms
12612: 20:58:12.731 - ENet: Maximum timeout: 30000ms
12612: 20:58:12.731 - ENet: Max Inbound Reliable Data Queued (awaiting resends of earlier sequence numbers) per peer : 163840 bytes
12612: 20:58:12.731 - No RTT ACK adjustment timeout
12612: 20:58:12.731 - About to load application: battleRoyalServer from battleRoyalServer
12612: 20:58:12.731 - Auto restart is enabled for application, existing connections will be terminated during restart
12612: 20:58:12.731 - Application will restart 1000ms after the last change detected
12612: 20:58:12.731 - Application will restart if files matching the following are changed: "dll;config"
12612: 20:58:12.731 - Application will NOT restart if files matching the following are changed: "log4net.config"
12612: 20:58:12.813 - Taking reference on default app domain
12612: 20:58:12.860 - Application: "battleRoyalServer" started in app domain: 2
12612: 20:58:12.860 - Adding TCP listener on: 0.0.0.0: 4530 with a listen backlog of: 150
12612: 20:58:12.860 - TCP inactivity timeout: 10000ms
12612: 20:58:12.860 - TCP disconnect timeout: 120000ms
12612: 20:58:12.860 - MaxInboundMessageSize: 512000
12612: 20:58:12.860 - MaxOutboundMessageSize: 512000
12612: 20:58:12.860 - Forcing all applications ids to: "battleRoyalServer"
12612: 20:58:12.861 - Serving policy file requests from: "D:\battleRoyal\PhotonBase\deploy\Policy\assets\socket-policy.xml"
12612: 20:58:12.861 - Forcing all applications ids to: "battleRoyalServer"
12612: 20:58:12.861 - MaxInboundMessageSize: 512000
12612: 20:58:12.861 - MaxOutboundMessageSize: 512000
12612: 20:58:12.861 - UDP address specified as: "0.0.0.0" adding listener to each available IPv4 address
12612: 20:58:12.861 - Adding UDP listener on: 192.168.0.105: 5055 with a listen backlog of: 500
12612: 20:58:12.861 - Adding UDP listener on: 127.0.0.1: 5055 with a listen backlog of: 500
12612: 20:58:12.861 - Adding WebSocket TCP listener on: 0.0.0.0: 9090 with a listen backlog of: 150
12612: 20:58:12.861 - Nagle disabled
12612: 20:58:12.861 - TCP inactivity timeout: 10000ms
12612: 20:58:12.861 - MaxInboundMessageSize: 512000
12612: 20:58:12.861 - MaxOutboundMessageSize: 512000
12612: 20:58:12.861 - Forcing all applications ids to: "battleRoyalServer"
12612: 20:58:12.862 - Will accept ANY sub-protocols from the client
12612: 20:58:12.862 - No automatic WebSocket ping
12612: 20:58:12.862 - Adding Policy File listener on: 0.0.0.0: 843 with a listen backlog of: 150 and serving Policy File: "D:\battleRoyal\PhotonBase\deploy\Policy\assets\socket-policy.xml"
12612: 20:58:12.862 - TCP inactivity timeout: 10000ms
12612: 20:58:12.862 - Adding Policy File listener on: 0.0.0.0: 943 with a listen backlog of: 150 and serving Policy File: "D:\battleRoyal\PhotonBase\deploy\Policy\assets\socket-policy-silverlight.xml"
12612: 20:58:12.862 - TCP inactivity timeout: 10000ms
12612: 20:58:12.893 - Service is running...
12612: 20:58:42.339 - Service is stopped...
12612: 20:58:42.339 - Server shutting down...
12612: 20:58:42.339 - Shutdown monitoring enabled, 30000ms before process abort
12612: 20:58:42.339 - Notifying CLR applications of shutdown...
12612: 20:58:42.339 - RequestApplicationStop: 2
12612: 20:58:42.346 - RequestStop: defalt app domain
12612: 20:58:42.347 - Shutting down WebSocket Outbound Connection Manager...
12612: 20:58:42.347 - Shutting down TCP Outbound Connection Manager...
12612: 20:58:42.347 - Shutting down ENet Outbound Connection Manager...
12612: 20:58:42.347 - Disconnecting all outbound peers...
12612: 20:58:42.347 - Shutting down ENet host...
12612: 20:58:42.347 - Disconnecting all peers...
12612: 20:58:42.347 - Shutting down socket servers...
12612: 20:58:42.347 - Shutting down ENet thread pool...
12612: 20:58:42.347 - Shutting down TCP inactivity timers...
12612: 20:58:42.348 - WaitingForShutdownToComplete: NativePolicy:0.0.0.0:843
12612: 20:58:42.348 - OnShutdownCompleted: NativePolicy:0.0.0.0:843
12612: 20:58:42.348 - WaitingForShutdownToComplete: NativePolicy:0.0.0.0:943
12612: 20:58:42.348 - OnShutdownCompleted: NativePolicy:0.0.0.0:943
12612: 20:58:42.348 - WaitingForShutdownToComplete: TCP:0.0.0.0:4530
12612: 20:58:42.348 - OnShutdownCompleted: TCP:0.0.0.0:4530
12612: 20:58:42.348 - WaitingForShutdownToComplete: UDP:127.0.0.1:5055
12612: 20:58:42.348 - OnShutdownCompleted: UDP:127.0.0.1:5055
12612: 20:58:42.348 - WaitingForShutdownToComplete: UDP:192.168.0.105:5055
12612: 20:58:42.348 - OnShutdownCompleted: UDP:192.168.0.105:5055
12612: 20:58:42.348 - WaitingForShutdownToComplete: WebSocket:0.0.0.0:9090
12612: 20:58:42.348 - OnShutdownCompleted: WebSocket:0.0.0.0:9090
12612: 20:58:42.348 - Shutting down CLR applications...
12612: 20:58:42.352 - Shutting down business logic thread pool...
8528: 20:58:42.352 - CManagedHost::OnDefaultAction() - OPR_AppDomainUnload - eUnloadAppDomain
12612: 20:58:42.364 - Shutting down I/O thread pool...
11016: 20:58:42.364 - Unloading Domain: ApplicationName = 'battleRoyalServer', DomainId='2'
12612: 20:58:42.364 - Destroying servers
12612: 20:58:42.364 - Destroying WebSocket Outbound Connection Manager
8528: 20:58:42.364 - CManagedHost::OnDomainUnload() - 2
12612: 20:58:42.364 - Destroying TCP Outbound Connection Manager
12612: 20:58:42.364 - Destroying TCP inactivity timer
12612: 20:58:42.364 - Destroying ENet timer wheel
12612: 20:58:42.365 - Destroying ENet host
12612: 20:58:42.365 - Destroying ENet outbound host
12612: 20:58:42.365 - Destroying HTTP inactivity timer
12612: 20:58:42.365 - Destroying HTTP host
12612: 20:58:42.365 - Destroying HTTP Chunk host
12612: 20:58:42.365 - Flushing ENET buffer allocator...
12612: 20:58:42.366 - Flushing TCP buffer handle allocator...
12612: 20:58:42.366 - Flushing stream socket allocator...
12612: 20:58:42.366 - Flushing inbound datagram socket allocator...
12612: 20:58:42.369 - Flushing outbound datagram socket allocator...
12612: 20:58:42.369 - Destroying CLR dispatcher
12612: 20:58:42.369 - Destroying CLR applications
12612: 20:58:42.370 - ~CCLRApplicationCollection() - Waiting up to 10 seconds for the CLR to release all of our objects
12612: 20:58:42.370 - ~CCLRApplicationCollection() - Done. All objects released
12612: 20:58:42.370 - ~CManagedHost() - Release default app domain
12612: 20:58:42.370 - CManagedHost::OnDomainUnload() - 1
12612: 20:58:42.370 - ~CManagedHost() - Waiting up to 10 seconds for CLR shutdown...
12612: 20:58:42.375 - ~CManagedHost
12612: 20:58:42.375 - Destroying ENet thread pool
12612: 20:58:42.375 - Destroying Business logic thread pool
12612: 20:58:42.375 - Destroying I/O thread pool
12612: 20:58:42.376 - Destroying ENet buffer allocator
12612: 20:58:42.376 - Destroying TCP buffer allocator
12612: 20:58:42.376 - Destroying TCP socket allocator
12612: 20:58:42.376 - Destroying ENet inbound socket allocator
12612: 20:58:42.376 - Destroying ENet outbound socket allocator
12612: 20:58:42.376 - Destroying shared datagram flow control data
12612: 20:58:42.376 - Shutdown complete...
12612: 20:58:42.376 - Service shutting down
12612: 20:58:42.377 - Service shut down complete
11640: 20:58:46.701 - ---
11640: 20:58:46.701 - Service: "Photon Socket Server" starting
11640: 20:58:46.702 - Config File: D:\battleRoyal\PhotonBase\deploy\bin_Win64\PhotonServer.config
11640: 20:58:46.703 - Will produce at most: 10 crash dumps
11640: 20:58:46.703 - Action: run as exe
11640: 20:58:46.703 - Server Starting...
11640: 20:58:46.703 -    Tick count: 48509212 (wraps in: 49.1488 days)
11640: 20:58:46.703 - Tick count 64: 48509212
11640: 20:58:46.703 - Photon Version: 4.0.28.2962
11640: 20:58:46.703 - PID: 8000
11640: 20:58:46.704 - Config File: D:\battleRoyal\PhotonBase\deploy\bin_Win64\PhotonServer.config
11640: 20:58:46.704 - Will NOT log unimportant exceptions
11640: 20:58:46.708 - Not using performance counters as they are not currently installed. Run the service with /InstallCounters to install them.
11640: 20:58:46.708 - Shutdown timeout enabled: 30000ms
11640: 20:58:46.709 - Starting I/O thread pool with 2 threads
11640: 20:58:46.709 - Using Standard allocator
11640: 20:58:46.709 - Max message size: 512000
11640: 20:58:46.709 - Starting business logic thread pool with the following settings
11640: 20:58:46.709 - InitialThreads: 4 threads
11640: 20:58:46.709 - MinThreads: 4 threads
11640: 20:58:46.709 - Thread pool is fixed size
11640: 20:58:46.711 - Starting ENet thread pool with the following settings
11640: 20:58:46.711 - InitialThreads: 2 threads
11640: 20:58:46.711 - MinThreads: 2 threads
11640: 20:58:46.711 - Thread pool is fixed size
11640: 20:58:46.711 - OnlyDispatchTimers: False
11640: 20:58:46.711 - S2S: flow control: Max pending writes: 50
11640: 20:58:46.711 - S2S: flow control: Max queued buffers: 200
11640: 20:58:46.711 - S2S: flow control: Max pending writes MUX: 500
11640: 20:58:46.711 - S2S: flow control: Max queued buffers MUX: 2000
11640: 20:58:46.711 - S2S: MaxInboundMessageSize: 512000
11640: 20:58:46.711 - S2S: MaxOutboundMessageSize: 512000
11640: 20:58:46.711 - S2S: No inactivity timeout
11640: 20:58:46.716 - WebSocket S2S: MaxInboundMessageSize: 512000
11640: 20:58:46.716 - WebSocket S2S: MaxOutboundMessageSize: 512000
11640: 20:58:46.716 - WebSocket S2S: No inactivity timeout
11640: 20:58:46.716 - Max Reliable Data In Transit (awaiting ACKs) per peer : 51200 bytes
11640: 20:58:46.716 - Per peer bandwidth limit
11640: 20:58:46.716 - Transmit Rate Limit: 256 KB/Sec
11640: 20:58:46.716 - Limit period: 200ms
11640: 20:58:46.716 - Limit per period: 52428 bytes
11640: 20:58:46.716 - Max queued data for transmission per peer: 512000 bytes
11640: 20:58:46.716 - Minimum retransmit timeout: 200
11640: 20:58:46.716 - No Maximum retransmit timeout
11640: 20:58:46.716 - Minimum ENet timeout: 5000ms
11640: 20:58:46.716 - Maximum ENet timeout: 30000ms
11640: 20:58:46.716 - Max Inbound Reliable Data Queued (awaiting resends of earlier sequence numbers) per peer : 163840 bytes
11640: 20:58:46.716 - No RTT ACK adjustment timeout
11640: 20:58:46.716 - Outbound ENet: MaxInboundMessageSize: 512000
11640: 20:58:46.716 - Outbound ENet: MaxOutboundMessageSize: 512000
11640: 20:58:46.720 - GetRuntime - About to load CLR - versions available:
11640: 20:58:46.720 - v2.0.50727
11640: 20:58:46.720 - v4.0.30319
11640: 20:58:46.720 - Configuration requests: "v2.0.50727"
11640: 20:58:46.720 - About to load version: "v2.0.50727"
11640: 20:58:46.728 - About to load runtime: PhotonHostRuntime.PhotonDomainManager from PhotonHostRuntime, Culture=neutral, PublicKeyToken=02C301B61B060C4D
11640: 20:58:46.728 - CLRBaseDirectory set to "D:\battleRoyal\PhotonBase\deploy"
11640: 20:58:46.728 - Optimising event broadcast for 20 or more peers
11640: 20:58:46.729 - Start: About to load CLR - versions available:
11640: 20:58:46.729 - v2.0.50727
11640: 20:58:46.729 - v4.0.30319
11640: 20:58:46.729 - No preference in configuration file, will load latest.
11640: 20:58:46.729 - About to load version: "v4.0.30319"
11640: 20:58:46.731 - Loaded version: "v4.0.30319"
11640: 20:58:46.879 - Photon host runtime loaded
11640: 20:58:49.098 - LICENSE: No license file was found. Starting with Bootstrap License.
11640: 20:58:49.098 - License is valid.
11640: 20:58:49.098 - Licensed for 20 concurrent connections.
11640: 20:58:49.098 - ENet: Max Reliable Data In Transit (awaiting ACKs) per peer : 51200 bytes
11640: 20:58:49.098 - ENet: Per peer bandwidth limit
11640: 20:58:49.098 - ENet: Transmit Rate Limit: 256 KB/Sec
11640: 20:58:49.098 - ENet: Limit period: 200ms
11640: 20:58:49.098 - ENet: Limit per period: 52428 bytes
11640: 20:58:49.098 - ENet: Max queued data for transmission per peer: 512000 bytes
11640: 20:58:49.098 - ENet: Minimum retransmit timeout: 200
11640: 20:58:49.098 - No Maximum retransmit timeout
11640: 20:58:49.098 - ENet: Minimum timeout: 5000ms
11640: 20:58:49.098 - ENet: Maximum timeout: 30000ms
11640: 20:58:49.098 - ENet: Max Inbound Reliable Data Queued (awaiting resends of earlier sequence numbers) per peer : 163840 bytes
11640: 20:58:49.098 - No RTT ACK adjustment timeout
11640: 20:58:49.098 - About to load application: battleRoyalServer from battleRoyalServer
11640: 20:58:49.098 - Auto restart is enabled for application, existing connections will be terminated during restart
11640: 20:58:49.098 - Application will restart 1000ms after the last change detected
11640: 20:58:49.098 - Application will restart if files matching the following are changed: "dll;config"
11640: 20:58:49.098 - Application will NOT restart if files matching the following are changed: "log4net.config"
11640: 20:58:49.199 - Taking reference on default app domain
11640: 20:58:49.253 - Application: "battleRoyalServer" started in app domain: 2
11640: 20:58:49.254 - Adding TCP listener on: 0.0.0.0: 4530 with a listen backlog of: 150
11640: 20:58:49.254 - TCP inactivity timeout: 10000ms
11640: 20:58:49.254 - TCP disconnect timeout: 120000ms
11640: 20:58:49.254 - MaxInboundMessageSize: 512000
11640: 20:58:49.254 - MaxOutboundMessageSize: 512000
11640: 20:58:49.254 - Forcing all applications ids to: "battleRoyalServer"
11640: 20:58:49.254 - Serving policy file requests from: "D:\battleRoyal\PhotonBase\deploy\Policy\assets\socket-policy.xml"
11640: 20:58:49.254 - Forcing all applications ids to: "battleRoyalServer"
11640: 20:58:49.254 - MaxInboundMessageSize: 512000
11640: 20:58:49.254 - MaxOutboundMessageSize: 512000
11640: 20:58:49.254 - UDP address specified as: "0.0.0.0" adding listener to each available IPv4 address
11640: 20:58:49.254 - Adding UDP listener on: 192.168.0.105: 5055 with a listen backlog of: 500
11640: 20:58:49.255 - Adding UDP listener on: 127.0.0.1: 5055 with a listen backlog of: 500
11640: 20:58:49.255 - Adding WebSocket TCP listener on: 0.0.0.0: 9090 with a listen backlog of: 150
11640: 20:58:49.255 - Nagle disabled
11640: 20:58:49.255 - TCP inactivity timeout: 10000ms
11640: 20:58:49.255 - MaxInboundMessageSize: 512000
11640: 20:58:49.255 - MaxOutboundMessageSize: 512000
11640: 20:58:49.255 - Forcing all applications ids to: "battleRoyalServer"
11640: 20:58:49.255 - Will accept ANY sub-protocols from the client
11640: 20:58:49.255 - No automatic WebSocket ping
11640: 20:58:49.255 - Adding Policy File listener on: 0.0.0.0: 843 with a listen backlog of: 150 and serving Policy File: "D:\battleRoyal\PhotonBase\deploy\Policy\assets\socket-policy.xml"
11640: 20:58:49.255 - TCP inactivity timeout: 10000ms
11640: 20:58:49.255 - Adding Policy File listener on: 0.0.0.0: 943 with a listen backlog of: 150 and serving Policy File: "D:\battleRoyal\PhotonBase\deploy\Policy\assets\socket-policy-silverlight.xml"
11640: 20:58:49.255 - TCP inactivity timeout: 10000ms
11640: 20:58:49.290 - Service is running...
9712: 20:58:50.850 - Restarting application: "battleRoyalServer" due to file changes
9712: 20:58:50.850 - Application: "battleRoyalServer" restart request (abort existing connections)
9712: 20:58:50.924 - Taking reference on default app domain
9712: 20:58:50.999 - Application: "battleRoyalServer" started in app domain: 3
9712: 20:58:51.124 - RequestApplicationStop: 2
9712: 20:58:51.129 - Application: "battleRoyalServer" stopped in app domain: 2 (abort existing connections)
9712: 20:58:51.129 - Application: "battleRoyalServer" restart complete.
10644: 20:58:51.129 - CManagedHost::OnDefaultAction() - OPR_AppDomainUnload - eUnloadAppDomain
14664: 20:58:51.138 - Unloading Domain: ApplicationName = 'battleRoyalServer', DomainId='2'
10644: 20:58:51.138 - CManagedHost::OnDomainUnload() - 2
