12028: 21:39:14.657 - ---
12028: 21:39:14.657 - Service: "Photon Socket Server" starting
12028: 21:39:14.657 - Config File: D:\battleRoyal\PhotonBase\deploy\bin_Win64\PhotonServer.config
12028: 21:39:14.658 - Will produce at most: 10 crash dumps
12028: 21:39:14.659 - Action: run as exe
12028: 21:39:14.659 - Server Starting...
12028: 21:39:14.660 -    Tick count: 5778183 (wraps in: 49.6434 days)
12028: 21:39:14.660 - Tick count 64: 5778183
12028: 21:39:14.660 - Photon Version: 4.0.28.2962
12028: 21:39:14.660 - PID: 11380
12028: 21:39:14.660 - Config File: D:\battleRoyal\PhotonBase\deploy\bin_Win64\PhotonServer.config
12028: 21:39:14.660 - Will NOT log unimportant exceptions
12028: 21:39:14.668 - Not using performance counters as they are not currently installed. Run the service with /InstallCounters to install them.
12028: 21:39:14.668 - Shutdown timeout enabled: 30000ms
12028: 21:39:14.669 - Starting I/O thread pool with 2 threads
12028: 21:39:14.669 - Using Standard allocator
12028: 21:39:14.669 - Max message size: 512000
12028: 21:39:14.670 - Starting business logic thread pool with the following settings
12028: 21:39:14.670 - InitialThreads: 4 threads
12028: 21:39:14.670 - MinThreads: 4 threads
12028: 21:39:14.670 - Thread pool is fixed size
12028: 21:39:14.671 - Starting ENet thread pool with the following settings
12028: 21:39:14.671 - InitialThreads: 2 threads
12028: 21:39:14.671 - MinThreads: 2 threads
12028: 21:39:14.671 - Thread pool is fixed size
12028: 21:39:14.671 - OnlyDispatchTimers: False
12028: 21:39:14.672 - S2S: flow control: Max pending writes: 50
12028: 21:39:14.672 - S2S: flow control: Max queued buffers: 200
12028: 21:39:14.672 - S2S: flow control: Max pending writes MUX: 500
12028: 21:39:14.672 - S2S: flow control: Max queued buffers MUX: 2000
12028: 21:39:14.672 - S2S: MaxInboundMessageSize: 512000
12028: 21:39:14.672 - S2S: MaxOutboundMessageSize: 512000
12028: 21:39:14.672 - S2S: No inactivity timeout
12028: 21:39:14.700 - WebSocket S2S: MaxInboundMessageSize: 512000
12028: 21:39:14.700 - WebSocket S2S: MaxOutboundMessageSize: 512000
12028: 21:39:14.700 - WebSocket S2S: No inactivity timeout
12028: 21:39:14.700 - Max Reliable Data In Transit (awaiting ACKs) per peer : 51200 bytes
12028: 21:39:14.700 - Per peer bandwidth limit
12028: 21:39:14.700 - Transmit Rate Limit: 256 KB/Sec
12028: 21:39:14.700 - Limit period: 200ms
12028: 21:39:14.700 - Limit per period: 52428 bytes
12028: 21:39:14.700 - Max queued data for transmission per peer: 512000 bytes
12028: 21:39:14.700 - Minimum retransmit timeout: 200
12028: 21:39:14.700 - No Maximum retransmit timeout
12028: 21:39:14.700 - Minimum ENet timeout: 5000ms
12028: 21:39:14.700 - Maximum ENet timeout: 30000ms
12028: 21:39:14.700 - Max Inbound Reliable Data Queued (awaiting resends of earlier sequence numbers) per peer : 163840 bytes
12028: 21:39:14.700 - No RTT ACK adjustment timeout
12028: 21:39:14.700 - Outbound ENet: MaxInboundMessageSize: 512000
12028: 21:39:14.700 - Outbound ENet: MaxOutboundMessageSize: 512000
12028: 21:39:14.739 - GetRuntime - About to load CLR - versions available:
12028: 21:39:14.739 - v2.0.50727
12028: 21:39:14.739 - v4.0.30319
12028: 21:39:14.739 - Configuration requests: "v2.0.50727"
12028: 21:39:14.739 - About to load version: "v2.0.50727"
12028: 21:39:15.013 - About to load runtime: PhotonHostRuntime.PhotonDomainManager from PhotonHostRuntime, Culture=neutral, PublicKeyToken=02C301B61B060C4D
12028: 21:39:15.013 - CLRBaseDirectory set to "D:\battleRoyal\PhotonBase\deploy"
12028: 21:39:15.013 - Optimising event broadcast for 20 or more peers
12028: 21:39:15.024 - Start: About to load CLR - versions available:
12028: 21:39:15.024 - v2.0.50727
12028: 21:39:15.024 - v4.0.30319
12028: 21:39:15.024 - No preference in configuration file, will load latest.
12028: 21:39:15.024 - About to load version: "v4.0.30319"
12028: 21:39:15.025 - Loaded version: "v4.0.30319"
12028: 21:39:15.409 - Photon host runtime loaded
12028: 21:39:17.627 - LICENSE: No license file was found. Starting with Bootstrap License.
12028: 21:39:17.627 - License is valid.
12028: 21:39:17.627 - Licensed for 20 concurrent connections.
12028: 21:39:17.627 - ENet: Max Reliable Data In Transit (awaiting ACKs) per peer : 51200 bytes
12028: 21:39:17.627 - ENet: Per peer bandwidth limit
12028: 21:39:17.627 - ENet: Transmit Rate Limit: 256 KB/Sec
12028: 21:39:17.628 - ENet: Limit period: 200ms
12028: 21:39:17.628 - ENet: Limit per period: 52428 bytes
12028: 21:39:17.628 - ENet: Max queued data for transmission per peer: 512000 bytes
12028: 21:39:17.628 - ENet: Minimum retransmit timeout: 200
12028: 21:39:17.628 - No Maximum retransmit timeout
12028: 21:39:17.628 - ENet: Minimum timeout: 5000ms
12028: 21:39:17.628 - ENet: Maximum timeout: 30000ms
12028: 21:39:17.628 - ENet: Max Inbound Reliable Data Queued (awaiting resends of earlier sequence numbers) per peer : 163840 bytes
12028: 21:39:17.628 - No RTT ACK adjustment timeout
12028: 21:39:17.628 - About to load application: battleRoyalServer from battleRoyalServer
12028: 21:39:17.628 - Auto restart is enabled for application, existing connections will be terminated during restart
12028: 21:39:17.628 - Application will restart 1000ms after the last change detected
12028: 21:39:17.628 - Application will restart if files matching the following are changed: "dll;config"
12028: 21:39:17.628 - Application will NOT restart if files matching the following are changed: "log4net.config"
12028: 21:39:17.964 - Taking reference on default app domain
12028: 21:39:18.307 - Application: "battleRoyalServer" started in app domain: 2
12028: 21:39:18.307 - Adding TCP listener on: 0.0.0.0: 4530 with a listen backlog of: 150
12028: 21:39:18.307 - TCP inactivity timeout: 10000ms
12028: 21:39:18.307 - TCP disconnect timeout: 120000ms
12028: 21:39:18.307 - MaxInboundMessageSize: 512000
12028: 21:39:18.307 - MaxOutboundMessageSize: 512000
12028: 21:39:18.307 - Forcing all applications ids to: "battleRoyalServer"
12028: 21:39:18.308 - Serving policy file requests from: "D:\battleRoyal\PhotonBase\deploy\Policy\assets\socket-policy.xml"
12028: 21:39:18.308 - Forcing all applications ids to: "battleRoyalServer"
12028: 21:39:18.308 - MaxInboundMessageSize: 512000
12028: 21:39:18.308 - MaxOutboundMessageSize: 512000
12028: 21:39:18.308 - UDP address specified as: "0.0.0.0" adding listener to each available IPv4 address
12028: 21:39:18.308 - Adding UDP listener on: 192.168.0.105: 5055 with a listen backlog of: 500
12028: 21:39:18.308 - Adding UDP listener on: 127.0.0.1: 5055 with a listen backlog of: 500
12028: 21:39:18.308 - Adding WebSocket TCP listener on: 0.0.0.0: 9090 with a listen backlog of: 150
12028: 21:39:18.308 - Nagle disabled
12028: 21:39:18.308 - TCP inactivity timeout: 10000ms
12028: 21:39:18.308 - MaxInboundMessageSize: 512000
12028: 21:39:18.308 - MaxOutboundMessageSize: 512000
12028: 21:39:18.308 - Forcing all applications ids to: "battleRoyalServer"
12028: 21:39:18.308 - Will accept ANY sub-protocols from the client
12028: 21:39:18.308 - No automatic WebSocket ping
12028: 21:39:18.326 - Adding Policy File listener on: 0.0.0.0: 843 with a listen backlog of: 150 and serving Policy File: "D:\battleRoyal\PhotonBase\deploy\Policy\assets\socket-policy.xml"
12028: 21:39:18.326 - TCP inactivity timeout: 10000ms
12028: 21:39:18.326 - Adding Policy File listener on: 0.0.0.0: 943 with a listen backlog of: 150 and serving Policy File: "D:\battleRoyal\PhotonBase\deploy\Policy\assets\socket-policy-silverlight.xml"
12028: 21:39:18.326 - TCP inactivity timeout: 10000ms
12028: 21:39:18.367 - Service is running...
