11472: 01:51:31.329 - Service is stopped...
11472: 01:51:31.329 - Server shutting down...
11472: 01:51:31.329 - Shutdown monitoring enabled, 30000ms before process abort
11472: 01:51:31.377 - Notifying CLR applications of shutdown...
11472: 01:51:31.379 - RequestApplicationStop: 3
11472: 01:51:31.621 - RequestStop: defalt app domain
11472: 01:51:31.624 - Shutting down WebSocket Outbound Connection Manager...
11472: 01:51:31.626 - Shutting down TCP Outbound Connection Manager...
11472: 01:51:31.629 - Shutting down ENet Outbound Connection Manager...
11472: 01:51:31.629 - Disconnecting all outbound peers...
11472: 01:51:31.629 - Shutting down ENet host...
11472: 01:51:31.629 - Disconnecting all peers...
11472: 01:51:31.629 - Shutting down socket servers...
11472: 01:51:31.629 - Shutting down ENet thread pool...
11472: 01:51:31.630 - Shutting down TCP inactivity timers...
11472: 01:51:31.630 - WaitingForShutdownToComplete: NativePolicy:0.0.0.0:843
11472: 01:51:31.630 - OnShutdownCompleted: NativePolicy:0.0.0.0:843
11472: 01:51:31.630 - WaitingForShutdownToComplete: NativePolicy:0.0.0.0:943
11472: 01:51:31.630 - OnShutdownCompleted: NativePolicy:0.0.0.0:943
11472: 01:51:31.630 - WaitingForShutdownToComplete: TCP:0.0.0.0:4530
11472: 01:51:31.630 - OnShutdownCompleted: TCP:0.0.0.0:4530
11472: 01:51:31.630 - WaitingForShutdownToComplete: UDP:127.0.0.1:5055
11472: 01:51:31.630 - OnShutdownCompleted: UDP:127.0.0.1:5055
11472: 01:51:31.630 - WaitingForShutdownToComplete: UDP:192.168.0.105:5055
11472: 01:51:31.630 - OnShutdownCompleted: UDP:192.168.0.105:5055
11472: 01:51:31.630 - WaitingForShutdownToComplete: WebSocket:0.0.0.0:9090
11472: 01:51:31.631 - OnShutdownCompleted: WebSocket:0.0.0.0:9090
11472: 01:51:31.631 - Shutting down CLR applications...
11472: 01:51:31.636 - Shutting down business logic thread pool...
11584: 01:51:31.637 - CManagedHost::OnDefaultAction() - OPR_AppDomainUnload - eUnloadAppDomain
11472: 01:51:31.637 - Shutting down I/O thread pool...
11472: 01:51:31.638 - Destroying servers
11472: 01:51:31.644 - Destroying WebSocket Outbound Connection Manager
11472: 01:51:31.644 - Destroying TCP Outbound Connection Manager
11472: 01:51:31.644 - Destroying TCP inactivity timer
11472: 01:51:31.644 - Destroying ENet timer wheel
11472: 01:51:31.644 - Destroying ENet host
11472: 01:51:31.644 - Destroying ENet outbound host
11472: 01:51:31.644 - Destroying HTTP inactivity timer
11472: 01:51:31.644 - Destroying HTTP host
11472: 01:51:31.644 - Destroying HTTP Chunk host
11472: 01:51:31.645 - Flushing ENET buffer allocator...
11472: 01:51:31.646 - Flushing TCP buffer handle allocator...
11472: 01:51:31.646 - Flushing stream socket allocator...
11472: 01:51:31.647 - Flushing inbound datagram socket allocator...
11472: 01:51:31.652 - Flushing outbound datagram socket allocator...
11472: 01:51:31.652 - Destroying CLR dispatcher
11472: 01:51:31.652 - Destroying CLR applications
11472: 01:51:31.655 - ~CCLRApplicationCollection() - Waiting up to 10 seconds for the CLR to release all of our objects
11580: 01:51:31.669 - Unloading Domain: ApplicationName = 'battleRoyalServer', DomainId='3'
11584: 01:51:31.669 - CManagedHost::OnDomainUnload() - 3
11472: 01:51:31.672 - ~CCLRApplicationCollection() - Done. All objects released
11472: 01:51:31.673 - ~CManagedHost() - Release default app domain
11472: 01:51:31.673 - CManagedHost::OnDomainUnload() - 1
11472: 01:51:31.673 - ~CManagedHost() - Waiting up to 10 seconds for CLR shutdown...
11472: 01:51:31.681 - ~CManagedHost
11472: 01:51:31.681 - Destroying ENet thread pool
11472: 01:51:31.681 - Destroying Business logic thread pool
11472: 01:51:31.681 - Destroying I/O thread pool
11472: 01:51:31.681 - Destroying ENet buffer allocator
11472: 01:51:31.681 - Destroying TCP buffer allocator
11472: 01:51:31.681 - Destroying TCP socket allocator
11472: 01:51:31.681 - Destroying ENet inbound socket allocator
11472: 01:51:31.681 - Destroying ENet outbound socket allocator
11472: 01:51:31.681 - Destroying shared datagram flow control data
11472: 01:51:31.701 - Shutdown complete...
11472: 01:51:31.702 - Service shutting down
11472: 01:51:31.706 - Service shut down complete
12276: 20:49:25.060 - ---
12276: 20:49:25.060 - Service: "Photon Socket Server" starting
12276: 20:49:25.060 - Config File: D:\battleRoyal\PhotonBase\deploy\bin_Win64\PhotonServer.config
12276: 20:49:25.062 - Will produce at most: 10 crash dumps
12276: 20:49:25.062 - Action: run as exe
12276: 20:49:25.076 - Server Starting...
12276: 20:49:25.076 -    Tick count: 9207194 (wraps in: 49.6037 days)
12276: 20:49:25.076 - Tick count 64: 9207194
12276: 20:49:25.076 - Photon Version: 4.0.28.2962
12276: 20:49:25.076 - PID: 11672
12276: 20:49:25.076 - Config File: D:\battleRoyal\PhotonBase\deploy\bin_Win64\PhotonServer.config
12276: 20:49:25.077 - Will NOT log unimportant exceptions
12276: 20:49:25.083 - Not using performance counters as they are not currently installed. Run the service with /InstallCounters to install them.
12276: 20:49:25.083 - Shutdown timeout enabled: 30000ms
12276: 20:49:25.084 - Starting I/O thread pool with 2 threads
12276: 20:49:25.084 - Using Standard allocator
12276: 20:49:25.085 - Max message size: 512000
12276: 20:49:25.085 - Starting business logic thread pool with the following settings
12276: 20:49:25.085 - InitialThreads: 4 threads
12276: 20:49:25.085 - MinThreads: 4 threads
12276: 20:49:25.085 - Thread pool is fixed size
12276: 20:49:25.086 - Starting ENet thread pool with the following settings
12276: 20:49:25.086 - InitialThreads: 2 threads
12276: 20:49:25.086 - MinThreads: 2 threads
12276: 20:49:25.086 - Thread pool is fixed size
12276: 20:49:25.086 - OnlyDispatchTimers: False
12276: 20:49:25.086 - S2S: flow control: Max pending writes: 50
12276: 20:49:25.086 - S2S: flow control: Max queued buffers: 200
12276: 20:49:25.086 - S2S: flow control: Max pending writes MUX: 500
12276: 20:49:25.086 - S2S: flow control: Max queued buffers MUX: 2000
12276: 20:49:25.086 - S2S: MaxInboundMessageSize: 512000
12276: 20:49:25.086 - S2S: MaxOutboundMessageSize: 512000
12276: 20:49:25.086 - S2S: No inactivity timeout
12276: 20:49:25.112 - WebSocket S2S: MaxInboundMessageSize: 512000
12276: 20:49:25.112 - WebSocket S2S: MaxOutboundMessageSize: 512000
12276: 20:49:25.112 - WebSocket S2S: No inactivity timeout
12276: 20:49:25.113 - Max Reliable Data In Transit (awaiting ACKs) per peer : 51200 bytes
12276: 20:49:25.113 - Per peer bandwidth limit
12276: 20:49:25.113 - Transmit Rate Limit: 256 KB/Sec
12276: 20:49:25.113 - Limit period: 200ms
12276: 20:49:25.113 - Limit per period: 52428 bytes
12276: 20:49:25.113 - Max queued data for transmission per peer: 512000 bytes
12276: 20:49:25.113 - Minimum retransmit timeout: 200
12276: 20:49:25.113 - No Maximum retransmit timeout
12276: 20:49:25.113 - Minimum ENet timeout: 5000ms
12276: 20:49:25.113 - Maximum ENet timeout: 30000ms
12276: 20:49:25.113 - Max Inbound Reliable Data Queued (awaiting resends of earlier sequence numbers) per peer : 163840 bytes
12276: 20:49:25.114 - No RTT ACK adjustment timeout
12276: 20:49:25.114 - Outbound ENet: MaxInboundMessageSize: 512000
12276: 20:49:25.114 - Outbound ENet: MaxOutboundMessageSize: 512000
12276: 20:49:25.128 - GetRuntime - About to load CLR - versions available:
12276: 20:49:25.128 - v2.0.50727
12276: 20:49:25.128 - v4.0.30319
12276: 20:49:25.128 - Configuration requests: "v2.0.50727"
12276: 20:49:25.128 - About to load version: "v2.0.50727"
12276: 20:49:25.311 - About to load runtime: PhotonHostRuntime.PhotonDomainManager from PhotonHostRuntime, Culture=neutral, PublicKeyToken=02C301B61B060C4D
12276: 20:49:25.311 - CLRBaseDirectory set to "D:\battleRoyal\PhotonBase\deploy"
12276: 20:49:25.311 - Optimising event broadcast for 20 or more peers
12276: 20:49:25.327 - Start: About to load CLR - versions available:
12276: 20:49:25.327 - v2.0.50727
12276: 20:49:25.327 - v4.0.30319
12276: 20:49:25.327 - No preference in configuration file, will load latest.
12276: 20:49:25.327 - About to load version: "v4.0.30319"
12276: 20:49:25.329 - Loaded version: "v4.0.30319"
12276: 20:49:25.913 - Photon host runtime loaded
12276: 20:49:31.709 - LICENSE: No license file was found. Starting with Bootstrap License.
12276: 20:49:31.709 - License is valid.
12276: 20:49:31.709 - Licensed for 20 concurrent connections.
12276: 20:49:31.709 - ENet: Max Reliable Data In Transit (awaiting ACKs) per peer : 51200 bytes
12276: 20:49:31.709 - ENet: Per peer bandwidth limit
12276: 20:49:31.709 - ENet: Transmit Rate Limit: 256 KB/Sec
12276: 20:49:31.709 - ENet: Limit period: 200ms
12276: 20:49:31.709 - ENet: Limit per period: 52428 bytes
12276: 20:49:31.709 - ENet: Max queued data for transmission per peer: 512000 bytes
12276: 20:49:31.709 - ENet: Minimum retransmit timeout: 200
12276: 20:49:31.709 - No Maximum retransmit timeout
12276: 20:49:31.709 - ENet: Minimum timeout: 5000ms
12276: 20:49:31.709 - ENet: Maximum timeout: 30000ms
12276: 20:49:31.709 - ENet: Max Inbound Reliable Data Queued (awaiting resends of earlier sequence numbers) per peer : 163840 bytes
12276: 20:49:31.709 - No RTT ACK adjustment timeout
12276: 20:49:31.710 - About to load application: battleRoyalServer from battleRoyalServer
12276: 20:49:31.710 - Auto restart is enabled for application, existing connections will be terminated during restart
12276: 20:49:31.710 - Application will restart 1000ms after the last change detected
12276: 20:49:31.710 - Application will restart if files matching the following are changed: "dll;config"
12276: 20:49:31.710 - Application will NOT restart if files matching the following are changed: "log4net.config"
12276: 20:49:32.462 - Taking reference on default app domain
12276: 20:49:32.995 - Application: "battleRoyalServer" started in app domain: 2
12276: 20:49:32.995 - Adding TCP listener on: 0.0.0.0: 4530 with a listen backlog of: 150
12276: 20:49:32.995 - TCP inactivity timeout: 10000ms
12276: 20:49:32.995 - TCP disconnect timeout: 120000ms
12276: 20:49:32.995 - MaxInboundMessageSize: 512000
12276: 20:49:32.995 - MaxOutboundMessageSize: 512000
12276: 20:49:32.995 - Forcing all applications ids to: "battleRoyalServer"
12276: 20:49:33.014 - Serving policy file requests from: "D:\battleRoyal\PhotonBase\deploy\Policy\assets\socket-policy.xml"
12276: 20:49:33.023 - Forcing all applications ids to: "battleRoyalServer"
12276: 20:49:33.023 - MaxInboundMessageSize: 512000
12276: 20:49:33.023 - MaxOutboundMessageSize: 512000
12276: 20:49:33.023 - UDP address specified as: "0.0.0.0" adding listener to each available IPv4 address
12276: 20:49:33.039 - Adding UDP listener on: 192.168.0.105: 5055 with a listen backlog of: 500
12276: 20:49:33.039 - Adding UDP listener on: 127.0.0.1: 5055 with a listen backlog of: 500
12276: 20:49:33.039 - Adding WebSocket TCP listener on: 0.0.0.0: 9090 with a listen backlog of: 150
12276: 20:49:33.039 - Nagle disabled
12276: 20:49:33.039 - TCP inactivity timeout: 10000ms
12276: 20:49:33.039 - MaxInboundMessageSize: 512000
12276: 20:49:33.039 - MaxOutboundMessageSize: 512000
12276: 20:49:33.039 - Forcing all applications ids to: "battleRoyalServer"
12276: 20:49:33.039 - Will accept ANY sub-protocols from the client
12276: 20:49:33.039 - No automatic WebSocket ping
12276: 20:49:33.077 - Adding Policy File listener on: 0.0.0.0: 843 with a listen backlog of: 150 and serving Policy File: "D:\battleRoyal\PhotonBase\deploy\Policy\assets\socket-policy.xml"
12276: 20:49:33.077 - TCP inactivity timeout: 10000ms
12276: 20:49:33.078 - Adding Policy File listener on: 0.0.0.0: 943 with a listen backlog of: 150 and serving Policy File: "D:\battleRoyal\PhotonBase\deploy\Policy\assets\socket-policy-silverlight.xml"
12276: 20:49:33.078 - TCP inactivity timeout: 10000ms
12276: 20:49:33.177 - Service is running...
9984: 20:53:11.054 - Restarting application: "battleRoyalServer" due to file changes
9984: 20:53:11.054 - Application: "battleRoyalServer" restart request (abort existing connections)
9984: 20:53:11.106 - Failed to restart application: CManagedHost::CreateApplicationInNewAppDomain() - Failed to create new application domain for : "battleRoyalServer" - Can't find battleRoyalServer.dll in D:\battleRoyal\PhotonBase\deploy\battleRoyalServer\bin or D:\battleRoyal\PhotonBase\deploy\battleRoyalServer\bin
9984: 20:53:45.671 - Restarting application: "battleRoyalServer" due to file changes
9984: 20:53:45.671 - Application: "battleRoyalServer" restart request (abort existing connections)
9984: 20:53:45.776 - Taking reference on default app domain
9984: 20:53:45.874 - Application: "battleRoyalServer" started in app domain: 3
9984: 20:53:46.100 - RequestApplicationStop: 2
9984: 20:53:46.103 - Application: "battleRoyalServer" stopped in app domain: 2 (abort existing connections)
9984: 20:53:46.103 - Application: "battleRoyalServer" restart complete.
10832: 20:53:46.130 - CManagedHost::OnDefaultAction() - OPR_AppDomainUnload - eUnloadAppDomain
9736: 20:53:46.139 - Unloading Domain: ApplicationName = 'battleRoyalServer', DomainId='2'
10832: 20:53:46.139 - CManagedHost::OnDomainUnload() - 2
12276: 20:59:35.168 - Service is stopped...
12276: 20:59:35.168 - Server shutting down...
12276: 20:59:35.168 - Shutdown monitoring enabled, 30000ms before process abort
12276: 20:59:35.168 - Notifying CLR applications of shutdown...
12276: 20:59:35.168 - RequestApplicationStop: 3
12276: 20:59:35.301 - RequestStop: defalt app domain
12276: 20:59:35.302 - Shutting down WebSocket Outbound Connection Manager...
12276: 20:59:35.310 - Shutting down TCP Outbound Connection Manager...
12276: 20:59:35.313 - Shutting down ENet Outbound Connection Manager...
12276: 20:59:35.313 - Disconnecting all outbound peers...
12276: 20:59:35.313 - Shutting down ENet host...
12276: 20:59:35.313 - Disconnecting all peers...
12276: 20:59:35.313 - CUDPSocketServer::OnError() - CUDPSocketServer::OnSendToCompletionError(): —делана попытка выполнить операцию на объекте, не €вл€ющемс€ сокетом.
12276: 20:59:35.313 - 1 disconnected
12276: 20:59:35.313 - Shutting down socket servers...
12276: 20:59:35.313 - Shutting down ENet thread pool...
12276: 20:59:35.322 - Shutting down TCP inactivity timers...
12276: 20:59:35.322 - ENet Host - Resetting all peers...
12276: 20:59:35.322 - WaitingForShutdownToComplete: NativePolicy:0.0.0.0:843
12276: 20:59:35.322 - OnShutdownCompleted: NativePolicy:0.0.0.0:843
12276: 20:59:35.323 - WaitingForShutdownToComplete: NativePolicy:0.0.0.0:943
12276: 20:59:35.323 - OnShutdownCompleted: NativePolicy:0.0.0.0:943
12276: 20:59:35.323 - WaitingForShutdownToComplete: TCP:0.0.0.0:4530
12276: 20:59:35.323 - OnShutdownCompleted: TCP:0.0.0.0:4530
12276: 20:59:35.323 - WaitingForShutdownToComplete: UDP:127.0.0.1:5055
12276: 20:59:35.323 - OnShutdownCompleted: UDP:127.0.0.1:5055
12276: 20:59:35.323 - WaitingForShutdownToComplete: UDP:192.168.0.105:5055
12276: 20:59:35.323 - OnShutdownCompleted: UDP:192.168.0.105:5055
12276: 20:59:35.323 - WaitingForShutdownToComplete: WebSocket:0.0.0.0:9090
12276: 20:59:35.323 - OnShutdownCompleted: WebSocket:0.0.0.0:9090
12276: 20:59:35.323 - Shutting down CLR applications...
12276: 20:59:35.327 - Shutting down business logic thread pool...
10832: 20:59:35.327 - CManagedHost::OnDefaultAction() - OPR_AppDomainUnload - eUnloadAppDomain
9736: 20:59:35.339 - Unloading Domain: ApplicationName = 'battleRoyalServer', DomainId='3'
10832: 20:59:35.339 - CManagedHost::OnDomainUnload() - 3
12276: 20:59:35.355 - Shutting down I/O thread pool...
12276: 20:59:35.355 - Destroying servers
12276: 20:59:35.355 - Destroying WebSocket Outbound Connection Manager
12276: 20:59:35.355 - Destroying TCP Outbound Connection Manager
12276: 20:59:35.355 - Destroying TCP inactivity timer
12276: 20:59:35.355 - Destroying ENet timer wheel
12276: 20:59:35.355 - Destroying ENet host
12276: 20:59:35.355 - Destroying ENet outbound host
12276: 20:59:35.355 - Destroying HTTP inactivity timer
12276: 20:59:35.355 - Destroying HTTP host
12276: 20:59:35.355 - Destroying HTTP Chunk host
12276: 20:59:35.355 - Flushing ENET buffer allocator...
12276: 20:59:35.356 - Flushing TCP buffer handle allocator...
12276: 20:59:35.356 - Flushing stream socket allocator...
12276: 20:59:35.356 - Flushing inbound datagram socket allocator...
12276: 20:59:35.358 - Flushing outbound datagram socket allocator...
12276: 20:59:35.358 - Destroying CLR dispatcher
12276: 20:59:35.358 - Destroying CLR applications
12276: 20:59:35.358 - ~CCLRApplicationCollection() - Waiting up to 10 seconds for the CLR to release all of our objects
12276: 20:59:35.358 - ~CCLRApplicationCollection() - Done. All objects released
12276: 20:59:35.359 - ~CManagedHost() - Release default app domain
12276: 20:59:35.359 - CManagedHost::OnDomainUnload() - 1
12276: 20:59:35.359 - ~CManagedHost() - Waiting up to 10 seconds for CLR shutdown...
12276: 20:59:35.359 - ~CManagedHost
12276: 20:59:35.359 - Destroying ENet thread pool
12276: 20:59:35.359 - Destroying Business logic thread pool
12276: 20:59:35.359 - Destroying I/O thread pool
12276: 20:59:35.359 - Destroying ENet buffer allocator
12276: 20:59:35.359 - Destroying TCP buffer allocator
12276: 20:59:35.359 - Destroying TCP socket allocator
12276: 20:59:35.359 - Destroying ENet inbound socket allocator
12276: 20:59:35.359 - Destroying ENet outbound socket allocator
12276: 20:59:35.359 - Destroying shared datagram flow control data
12276: 20:59:35.369 - Shutdown complete...
12276: 20:59:35.369 - Service shutting down
12276: 20:59:35.370 - Service shut down complete
9776: 21:00:18.809 - ---
9776: 21:00:18.810 - Service: "Photon Socket Server" starting
9776: 21:00:18.810 - Config File: D:\battleRoyal\PhotonBase\deploy\bin_Win64\PhotonServer.config
9776: 21:00:18.811 - Will produce at most: 10 crash dumps
9776: 21:00:18.811 - Action: run as exe
9776: 21:00:18.811 - Server Starting...
9776: 21:00:18.811 -    Tick count: 9860932 (wraps in: 49.5961 days)
9776: 21:00:18.811 - Tick count 64: 9860932
9776: 21:00:18.811 - Photon Version: 4.0.28.2962
9776: 21:00:18.811 - PID: 7600
9776: 21:00:18.811 - Config File: D:\battleRoyal\PhotonBase\deploy\bin_Win64\PhotonServer.config
9776: 21:00:18.812 - Will NOT log unimportant exceptions
9776: 21:00:18.820 - Not using performance counters as they are not currently installed. Run the service with /InstallCounters to install them.
9776: 21:00:18.820 - Shutdown timeout enabled: 30000ms
9776: 21:00:18.820 - Starting I/O thread pool with 2 threads
9776: 21:00:18.835 - Using Standard allocator
9776: 21:00:18.835 - Max message size: 512000
9776: 21:00:18.835 - Starting business logic thread pool with the following settings
9776: 21:00:18.835 - InitialThreads: 4 threads
9776: 21:00:18.835 - MinThreads: 4 threads
9776: 21:00:18.835 - Thread pool is fixed size
9776: 21:00:18.835 - Starting ENet thread pool with the following settings
9776: 21:00:18.835 - InitialThreads: 2 threads
9776: 21:00:18.835 - MinThreads: 2 threads
9776: 21:00:18.835 - Thread pool is fixed size
9776: 21:00:18.835 - OnlyDispatchTimers: False
9776: 21:00:18.835 - S2S: flow control: Max pending writes: 50
9776: 21:00:18.835 - S2S: flow control: Max queued buffers: 200
9776: 21:00:18.835 - S2S: flow control: Max pending writes MUX: 500
9776: 21:00:18.835 - S2S: flow control: Max queued buffers MUX: 2000
9776: 21:00:18.835 - S2S: MaxInboundMessageSize: 512000
9776: 21:00:18.835 - S2S: MaxOutboundMessageSize: 512000
9776: 21:00:18.835 - S2S: No inactivity timeout
9776: 21:00:18.839 - WebSocket S2S: MaxInboundMessageSize: 512000
9776: 21:00:18.839 - WebSocket S2S: MaxOutboundMessageSize: 512000
9776: 21:00:18.839 - WebSocket S2S: No inactivity timeout
9776: 21:00:18.839 - Max Reliable Data In Transit (awaiting ACKs) per peer : 51200 bytes
9776: 21:00:18.839 - Per peer bandwidth limit
9776: 21:00:18.839 - Transmit Rate Limit: 256 KB/Sec
9776: 21:00:18.839 - Limit period: 200ms
9776: 21:00:18.839 - Limit per period: 52428 bytes
9776: 21:00:18.839 - Max queued data for transmission per peer: 512000 bytes
9776: 21:00:18.839 - Minimum retransmit timeout: 200
9776: 21:00:18.839 - No Maximum retransmit timeout
9776: 21:00:18.839 - Minimum ENet timeout: 5000ms
9776: 21:00:18.839 - Maximum ENet timeout: 30000ms
9776: 21:00:18.839 - Max Inbound Reliable Data Queued (awaiting resends of earlier sequence numbers) per peer : 163840 bytes
9776: 21:00:18.839 - No RTT ACK adjustment timeout
9776: 21:00:18.839 - Outbound ENet: MaxInboundMessageSize: 512000
9776: 21:00:18.839 - Outbound ENet: MaxOutboundMessageSize: 512000
9776: 21:00:18.843 - GetRuntime - About to load CLR - versions available:
9776: 21:00:18.843 - v2.0.50727
9776: 21:00:18.843 - v4.0.30319
9776: 21:00:18.843 - Configuration requests: "v2.0.50727"
9776: 21:00:18.843 - About to load version: "v2.0.50727"
9776: 21:00:18.852 - About to load runtime: PhotonHostRuntime.PhotonDomainManager from PhotonHostRuntime, Culture=neutral, PublicKeyToken=02C301B61B060C4D
9776: 21:00:18.852 - CLRBaseDirectory set to "D:\battleRoyal\PhotonBase\deploy"
9776: 21:00:18.852 - Optimising event broadcast for 20 or more peers
9776: 21:00:18.853 - Start: About to load CLR - versions available:
9776: 21:00:18.853 - v2.0.50727
9776: 21:00:18.853 - v4.0.30319
9776: 21:00:18.853 - No preference in configuration file, will load latest.
9776: 21:00:18.853 - About to load version: "v4.0.30319"
9776: 21:00:18.855 - Loaded version: "v4.0.30319"
9776: 21:00:19.047 - Photon host runtime loaded
9776: 21:00:23.951 - LICENSE: No license file was found. Starting with Bootstrap License.
9776: 21:00:23.951 - License is valid.
9776: 21:00:23.951 - Licensed for 20 concurrent connections.
9776: 21:00:23.951 - ENet: Max Reliable Data In Transit (awaiting ACKs) per peer : 51200 bytes
9776: 21:00:23.951 - ENet: Per peer bandwidth limit
9776: 21:00:23.951 - ENet: Transmit Rate Limit: 256 KB/Sec
9776: 21:00:23.951 - ENet: Limit period: 200ms
9776: 21:00:23.951 - ENet: Limit per period: 52428 bytes
9776: 21:00:23.951 - ENet: Max queued data for transmission per peer: 512000 bytes
9776: 21:00:23.951 - ENet: Minimum retransmit timeout: 200
9776: 21:00:23.951 - No Maximum retransmit timeout
9776: 21:00:23.951 - ENet: Minimum timeout: 5000ms
9776: 21:00:23.951 - ENet: Maximum timeout: 30000ms
9776: 21:00:23.951 - ENet: Max Inbound Reliable Data Queued (awaiting resends of earlier sequence numbers) per peer : 163840 bytes
9776: 21:00:23.951 - No RTT ACK adjustment timeout
9776: 21:00:23.951 - About to load application: battleRoyalServer from battleRoyalServer
9776: 21:00:23.951 - Auto restart is enabled for application, existing connections will be terminated during restart
9776: 21:00:23.951 - Application will restart 1000ms after the last change detected
9776: 21:00:23.951 - Application will restart if files matching the following are changed: "dll;config"
9776: 21:00:23.951 - Application will NOT restart if files matching the following are changed: "log4net.config"
9776: 21:00:24.054 - Taking reference on default app domain
9776: 21:00:24.158 - Application: "battleRoyalServer" started in app domain: 2
9776: 21:00:24.159 - Adding TCP listener on: 0.0.0.0: 4530 with a listen backlog of: 150
9776: 21:00:24.159 - TCP inactivity timeout: 10000ms
9776: 21:00:24.159 - TCP disconnect timeout: 120000ms
9776: 21:00:24.159 - MaxInboundMessageSize: 512000
9776: 21:00:24.159 - MaxOutboundMessageSize: 512000
9776: 21:00:24.159 - Forcing all applications ids to: "battleRoyalServer"
9776: 21:00:24.170 - Serving policy file requests from: "D:\battleRoyal\PhotonBase\deploy\Policy\assets\socket-policy.xml"
9776: 21:00:24.170 - Forcing all applications ids to: "battleRoyalServer"
9776: 21:00:24.170 - MaxInboundMessageSize: 512000
9776: 21:00:24.170 - MaxOutboundMessageSize: 512000
9776: 21:00:24.170 - UDP address specified as: "0.0.0.0" adding listener to each available IPv4 address
9776: 21:00:24.181 - Adding UDP listener on: 192.168.0.105: 5055 with a listen backlog of: 500
9776: 21:00:24.181 - Adding UDP listener on: 127.0.0.1: 5055 with a listen backlog of: 500
9776: 21:00:24.181 - Adding WebSocket TCP listener on: 0.0.0.0: 9090 with a listen backlog of: 150
9776: 21:00:24.181 - Nagle disabled
9776: 21:00:24.181 - TCP inactivity timeout: 10000ms
9776: 21:00:24.181 - MaxInboundMessageSize: 512000
9776: 21:00:24.181 - MaxOutboundMessageSize: 512000
9776: 21:00:24.181 - Forcing all applications ids to: "battleRoyalServer"
9776: 21:00:24.181 - Will accept ANY sub-protocols from the client
9776: 21:00:24.181 - No automatic WebSocket ping
9776: 21:00:24.181 - Adding Policy File listener on: 0.0.0.0: 843 with a listen backlog of: 150 and serving Policy File: "D:\battleRoyal\PhotonBase\deploy\Policy\assets\socket-policy.xml"
9776: 21:00:24.181 - TCP inactivity timeout: 10000ms
9776: 21:00:24.185 - Adding Policy File listener on: 0.0.0.0: 943 with a listen backlog of: 150 and serving Policy File: "D:\battleRoyal\PhotonBase\deploy\Policy\assets\socket-policy-silverlight.xml"
9776: 21:00:24.185 - TCP inactivity timeout: 10000ms
9776: 21:00:24.221 - Service is running...
9776: 21:03:31.777 - Service is stopped...
9776: 21:03:31.777 - Server shutting down...
9776: 21:03:31.777 - Shutdown monitoring enabled, 30000ms before process abort
9776: 21:03:31.777 - Notifying CLR applications of shutdown...
9776: 21:03:31.777 - RequestApplicationStop: 2
9776: 21:03:31.780 - RequestStop: defalt app domain
9776: 21:03:31.781 - Shutting down WebSocket Outbound Connection Manager...
9776: 21:03:31.781 - Shutting down TCP Outbound Connection Manager...
9776: 21:03:31.781 - Shutting down ENet Outbound Connection Manager...
9776: 21:03:31.781 - Disconnecting all outbound peers...
9776: 21:03:31.781 - Shutting down ENet host...
9776: 21:03:31.781 - Disconnecting all peers...
9776: 21:03:31.781 - CUDPSocketServer::OnError() - CUDPSocketServer::OnSendToCompletionError(): —делана попытка выполнить операцию на объекте, не €вл€ющемс€ сокетом.
9776: 21:03:31.781 - 1 disconnected
9776: 21:03:31.781 - Shutting down socket servers...
9776: 21:03:31.781 - Shutting down ENet thread pool...
9776: 21:03:31.791 - Shutting down TCP inactivity timers...
9776: 21:03:31.791 - ENet Host - Resetting all peers...
9776: 21:03:31.804 - WaitingForShutdownToComplete: NativePolicy:0.0.0.0:843
9776: 21:03:31.804 - OnShutdownCompleted: NativePolicy:0.0.0.0:843
9776: 21:03:31.804 - WaitingForShutdownToComplete: NativePolicy:0.0.0.0:943
9776: 21:03:31.804 - OnShutdownCompleted: NativePolicy:0.0.0.0:943
9776: 21:03:31.804 - WaitingForShutdownToComplete: TCP:0.0.0.0:4530
9776: 21:03:31.804 - OnShutdownCompleted: TCP:0.0.0.0:4530
9776: 21:03:31.804 - WaitingForShutdownToComplete: UDP:127.0.0.1:5055
9776: 21:03:31.804 - OnShutdownCompleted: UDP:127.0.0.1:5055
9776: 21:03:31.804 - WaitingForShutdownToComplete: UDP:192.168.0.105:5055
9776: 21:03:31.804 - OnShutdownCompleted: UDP:192.168.0.105:5055
9776: 21:03:31.804 - WaitingForShutdownToComplete: WebSocket:0.0.0.0:9090
9776: 21:03:31.804 - OnShutdownCompleted: WebSocket:0.0.0.0:9090
9776: 21:03:31.804 - Shutting down CLR applications...
9776: 21:03:31.808 - Shutting down business logic thread pool...
10580: 21:03:31.808 - CManagedHost::OnDefaultAction() - OPR_AppDomainUnload - eUnloadAppDomain
9776: 21:03:31.812 - Shutting down I/O thread pool...
9776: 21:03:31.813 - Destroying servers
9776: 21:03:31.813 - Destroying WebSocket Outbound Connection Manager
9776: 21:03:31.813 - Destroying TCP Outbound Connection Manager
9776: 21:03:31.813 - Destroying TCP inactivity timer
9776: 21:03:31.813 - Destroying ENet timer wheel
9776: 21:03:31.813 - Destroying ENet host
9776: 21:03:31.813 - Destroying ENet outbound host
9776: 21:03:31.813 - Destroying HTTP inactivity timer
9776: 21:03:31.813 - Destroying HTTP host
9776: 21:03:31.813 - Destroying HTTP Chunk host
9776: 21:03:31.813 - Flushing ENET buffer allocator...
9776: 21:03:31.814 - Flushing TCP buffer handle allocator...
9776: 21:03:31.814 - Flushing stream socket allocator...
9776: 21:03:31.814 - Flushing inbound datagram socket allocator...
9776: 21:03:31.816 - Flushing outbound datagram socket allocator...
9776: 21:03:31.816 - Destroying CLR dispatcher
9776: 21:03:31.816 - Destroying CLR applications
9776: 21:03:31.817 - ~CCLRApplicationCollection() - Waiting up to 10 seconds for the CLR to release all of our objects
10396: 21:03:31.821 - Unloading Domain: ApplicationName = 'battleRoyalServer', DomainId='2'
10580: 21:03:31.821 - CManagedHost::OnDomainUnload() - 2
9776: 21:03:31.844 - ~CCLRApplicationCollection() - Done. All objects released
9776: 21:03:31.844 - ~CManagedHost() - Release default app domain
9776: 21:03:31.844 - CManagedHost::OnDomainUnload() - 1
9776: 21:03:31.844 - ~CManagedHost() - Waiting up to 10 seconds for CLR shutdown...
9776: 21:03:31.844 - ~CManagedHost
9776: 21:03:31.844 - Destroying ENet thread pool
9776: 21:03:31.844 - Destroying Business logic thread pool
9776: 21:03:31.844 - Destroying I/O thread pool
9776: 21:03:31.844 - Destroying ENet buffer allocator
9776: 21:03:31.844 - Destroying TCP buffer allocator
9776: 21:03:31.844 - Destroying TCP socket allocator
9776: 21:03:31.844 - Destroying ENet inbound socket allocator
9776: 21:03:31.844 - Destroying ENet outbound socket allocator
9776: 21:03:31.844 - Destroying shared datagram flow control data
9776: 21:03:31.844 - Shutdown complete...
9776: 21:03:31.844 - Service shutting down
9776: 21:03:31.845 - Service shut down complete
1328: 21:03:48.500 - ---
1328: 21:03:48.500 - Service: "Photon Socket Server" starting
1328: 21:03:48.500 - Config File: D:\battleRoyal\PhotonBase\deploy\bin_Win64\PhotonServer.config
1328: 21:03:48.501 - Will produce at most: 10 crash dumps
1328: 21:03:48.501 - Action: run as exe
1328: 21:03:48.502 - Server Starting...
1328: 21:03:48.502 -    Tick count: 10070613 (wraps in: 49.5937 days)
1328: 21:03:48.502 - Tick count 64: 10070613
1328: 21:03:48.502 - Photon Version: 4.0.28.2962
1328: 21:03:48.502 - PID: 11120
1328: 21:03:48.502 - Config File: D:\battleRoyal\PhotonBase\deploy\bin_Win64\PhotonServer.config
1328: 21:03:48.502 - Will NOT log unimportant exceptions
1328: 21:03:48.509 - Not using performance counters as they are not currently installed. Run the service with /InstallCounters to install them.
1328: 21:03:48.509 - Shutdown timeout enabled: 30000ms
1328: 21:03:48.509 - Starting I/O thread pool with 2 threads
1328: 21:03:48.509 - Using Standard allocator
1328: 21:03:48.509 - Max message size: 512000
1328: 21:03:48.509 - Starting business logic thread pool with the following settings
1328: 21:03:48.509 - InitialThreads: 4 threads
1328: 21:03:48.509 - MinThreads: 4 threads
1328: 21:03:48.509 - Thread pool is fixed size
1328: 21:03:48.509 - Starting ENet thread pool with the following settings
1328: 21:03:48.509 - InitialThreads: 2 threads
1328: 21:03:48.509 - MinThreads: 2 threads
1328: 21:03:48.510 - Thread pool is fixed size
1328: 21:03:48.510 - OnlyDispatchTimers: False
1328: 21:03:48.510 - S2S: flow control: Max pending writes: 50
1328: 21:03:48.510 - S2S: flow control: Max queued buffers: 200
1328: 21:03:48.510 - S2S: flow control: Max pending writes MUX: 500
1328: 21:03:48.510 - S2S: flow control: Max queued buffers MUX: 2000
1328: 21:03:48.510 - S2S: MaxInboundMessageSize: 512000
1328: 21:03:48.510 - S2S: MaxOutboundMessageSize: 512000
1328: 21:03:48.510 - S2S: No inactivity timeout
1328: 21:03:48.513 - WebSocket S2S: MaxInboundMessageSize: 512000
1328: 21:03:48.513 - WebSocket S2S: MaxOutboundMessageSize: 512000
1328: 21:03:48.513 - WebSocket S2S: No inactivity timeout
1328: 21:03:48.513 - Max Reliable Data In Transit (awaiting ACKs) per peer : 51200 bytes
1328: 21:03:48.513 - Per peer bandwidth limit
1328: 21:03:48.513 - Transmit Rate Limit: 256 KB/Sec
1328: 21:03:48.513 - Limit period: 200ms
1328: 21:03:48.513 - Limit per period: 52428 bytes
1328: 21:03:48.513 - Max queued data for transmission per peer: 512000 bytes
1328: 21:03:48.514 - Minimum retransmit timeout: 200
1328: 21:03:48.514 - No Maximum retransmit timeout
1328: 21:03:48.514 - Minimum ENet timeout: 5000ms
1328: 21:03:48.514 - Maximum ENet timeout: 30000ms
1328: 21:03:48.514 - Max Inbound Reliable Data Queued (awaiting resends of earlier sequence numbers) per peer : 163840 bytes
1328: 21:03:48.514 - No RTT ACK adjustment timeout
1328: 21:03:48.514 - Outbound ENet: MaxInboundMessageSize: 512000
1328: 21:03:48.514 - Outbound ENet: MaxOutboundMessageSize: 512000
1328: 21:03:48.516 - GetRuntime - About to load CLR - versions available:
1328: 21:03:48.516 - v2.0.50727
1328: 21:03:48.516 - v4.0.30319
1328: 21:03:48.516 - Configuration requests: "v2.0.50727"
1328: 21:03:48.516 - About to load version: "v2.0.50727"
1328: 21:03:48.526 - About to load runtime: PhotonHostRuntime.PhotonDomainManager from PhotonHostRuntime, Culture=neutral, PublicKeyToken=02C301B61B060C4D
1328: 21:03:48.526 - CLRBaseDirectory set to "D:\battleRoyal\PhotonBase\deploy"
1328: 21:03:48.526 - Optimising event broadcast for 20 or more peers
1328: 21:03:48.527 - Start: About to load CLR - versions available:
1328: 21:03:48.527 - v2.0.50727
1328: 21:03:48.527 - v4.0.30319
1328: 21:03:48.527 - No preference in configuration file, will load latest.
1328: 21:03:48.527 - About to load version: "v4.0.30319"
1328: 21:03:48.529 - Loaded version: "v4.0.30319"
1328: 21:03:48.751 - Photon host runtime loaded
1328: 21:03:54.146 - LICENSE: No license file was found. Starting with Bootstrap License.
1328: 21:03:54.146 - License is valid.
1328: 21:03:54.146 - Licensed for 20 concurrent connections.
1328: 21:03:54.146 - ENet: Max Reliable Data In Transit (awaiting ACKs) per peer : 51200 bytes
1328: 21:03:54.146 - ENet: Per peer bandwidth limit
1328: 21:03:54.146 - ENet: Transmit Rate Limit: 256 KB/Sec
1328: 21:03:54.146 - ENet: Limit period: 200ms
1328: 21:03:54.146 - ENet: Limit per period: 52428 bytes
1328: 21:03:54.146 - ENet: Max queued data for transmission per peer: 512000 bytes
1328: 21:03:54.146 - ENet: Minimum retransmit timeout: 200
1328: 21:03:54.146 - No Maximum retransmit timeout
1328: 21:03:54.146 - ENet: Minimum timeout: 5000ms
1328: 21:03:54.146 - ENet: Maximum timeout: 30000ms
1328: 21:03:54.146 - ENet: Max Inbound Reliable Data Queued (awaiting resends of earlier sequence numbers) per peer : 163840 bytes
1328: 21:03:54.146 - No RTT ACK adjustment timeout
1328: 21:03:54.146 - About to load application: battleRoyalServer from battleRoyalServer
1328: 21:03:54.146 - Auto restart is enabled for application, existing connections will be terminated during restart
1328: 21:03:54.146 - Application will restart 1000ms after the last change detected
1328: 21:03:54.146 - Application will restart if files matching the following are changed: "dll;config"
1328: 21:03:54.146 - Application will NOT restart if files matching the following are changed: "log4net.config"
1328: 21:03:54.389 - Taking reference on default app domain
1328: 21:03:54.640 - Application: "battleRoyalServer" started in app domain: 2
1328: 21:03:54.640 - Adding TCP listener on: 0.0.0.0: 4530 with a listen backlog of: 150
1328: 21:03:54.640 - TCP inactivity timeout: 10000ms
1328: 21:03:54.640 - TCP disconnect timeout: 120000ms
1328: 21:03:54.640 - MaxInboundMessageSize: 512000
1328: 21:03:54.640 - MaxOutboundMessageSize: 512000
1328: 21:03:54.640 - Forcing all applications ids to: "battleRoyalServer"
1328: 21:03:54.641 - Serving policy file requests from: "D:\battleRoyal\PhotonBase\deploy\Policy\assets\socket-policy.xml"
1328: 21:03:54.641 - Forcing all applications ids to: "battleRoyalServer"
1328: 21:03:54.641 - MaxInboundMessageSize: 512000
1328: 21:03:54.641 - MaxOutboundMessageSize: 512000
1328: 21:03:54.641 - UDP address specified as: "0.0.0.0" adding listener to each available IPv4 address
1328: 21:03:54.647 - Adding UDP listener on: 192.168.0.105: 5055 with a listen backlog of: 500
1328: 21:03:54.647 - Adding UDP listener on: 127.0.0.1: 5055 with a listen backlog of: 500
1328: 21:03:54.647 - Adding WebSocket TCP listener on: 0.0.0.0: 9090 with a listen backlog of: 150
1328: 21:03:54.647 - Nagle disabled
1328: 21:03:54.647 - TCP inactivity timeout: 10000ms
1328: 21:03:54.647 - MaxInboundMessageSize: 512000
1328: 21:03:54.647 - MaxOutboundMessageSize: 512000
1328: 21:03:54.647 - Forcing all applications ids to: "battleRoyalServer"
1328: 21:03:54.647 - Will accept ANY sub-protocols from the client
1328: 21:03:54.647 - No automatic WebSocket ping
1328: 21:03:54.648 - Adding Policy File listener on: 0.0.0.0: 843 with a listen backlog of: 150 and serving Policy File: "D:\battleRoyal\PhotonBase\deploy\Policy\assets\socket-policy.xml"
1328: 21:03:54.648 - TCP inactivity timeout: 10000ms
1328: 21:03:54.648 - Adding Policy File listener on: 0.0.0.0: 943 with a listen backlog of: 150 and serving Policy File: "D:\battleRoyal\PhotonBase\deploy\Policy\assets\socket-policy-silverlight.xml"
1328: 21:03:54.648 - TCP inactivity timeout: 10000ms
1328: 21:03:54.692 - Service is running...
992: 21:20:42.200 - Restarting application: "battleRoyalServer" due to file changes
992: 21:20:42.200 - Application: "battleRoyalServer" restart request (abort existing connections)
992: 21:20:42.301 - Taking reference on default app domain
992: 21:20:42.357 - Application: "battleRoyalServer" started in app domain: 3
992: 21:20:42.471 - RequestApplicationStop: 2
992: 21:20:42.475 - Application: "battleRoyalServer" stopped in app domain: 2 (abort existing connections)
992: 21:20:42.475 - Application: "battleRoyalServer" restart complete.
6716: 21:20:42.475 - CManagedHost::OnDefaultAction() - OPR_AppDomainUnload - eUnloadAppDomain
11668: 21:20:42.482 - Unloading Domain: ApplicationName = 'battleRoyalServer', DomainId='2'
6716: 21:20:42.482 - CManagedHost::OnDomainUnload() - 2
1328: 21:20:45.442 - Service is stopped...
1328: 21:20:45.442 - Server shutting down...
1328: 21:20:45.442 - Shutdown monitoring enabled, 30000ms before process abort
1328: 21:20:45.442 - Notifying CLR applications of shutdown...
1328: 21:20:45.442 - RequestApplicationStop: 3
1328: 21:20:45.447 - RequestStop: defalt app domain
1328: 21:20:45.448 - Shutting down WebSocket Outbound Connection Manager...
1328: 21:20:45.448 - Shutting down TCP Outbound Connection Manager...
1328: 21:20:45.448 - Shutting down ENet Outbound Connection Manager...
1328: 21:20:45.448 - Disconnecting all outbound peers...
1328: 21:20:45.448 - Shutting down ENet host...
1328: 21:20:45.448 - Disconnecting all peers...
1328: 21:20:45.448 - Shutting down socket servers...
1328: 21:20:45.448 - Shutting down ENet thread pool...
1328: 21:20:45.449 - Shutting down TCP inactivity timers...
1328: 21:20:45.449 - WaitingForShutdownToComplete: NativePolicy:0.0.0.0:843
1328: 21:20:45.449 - OnShutdownCompleted: NativePolicy:0.0.0.0:843
1328: 21:20:45.449 - WaitingForShutdownToComplete: NativePolicy:0.0.0.0:943
1328: 21:20:45.449 - OnShutdownCompleted: NativePolicy:0.0.0.0:943
1328: 21:20:45.449 - WaitingForShutdownToComplete: TCP:0.0.0.0:4530
1328: 21:20:45.449 - OnShutdownCompleted: TCP:0.0.0.0:4530
1328: 21:20:45.449 - WaitingForShutdownToComplete: UDP:127.0.0.1:5055
1328: 21:20:45.449 - OnShutdownCompleted: UDP:127.0.0.1:5055
1328: 21:20:45.449 - WaitingForShutdownToComplete: UDP:192.168.0.105:5055
1328: 21:20:45.449 - OnShutdownCompleted: UDP:192.168.0.105:5055
1328: 21:20:45.449 - WaitingForShutdownToComplete: WebSocket:0.0.0.0:9090
1328: 21:20:45.449 - OnShutdownCompleted: WebSocket:0.0.0.0:9090
1328: 21:20:45.449 - Shutting down CLR applications...
1328: 21:20:45.453 - Shutting down business logic thread pool...
6716: 21:20:45.453 - CManagedHost::OnDefaultAction() - OPR_AppDomainUnload - eUnloadAppDomain
1328: 21:20:45.453 - Shutting down I/O thread pool...
1328: 21:20:45.454 - Destroying servers
1328: 21:20:45.454 - Destroying WebSocket Outbound Connection Manager
1328: 21:20:45.454 - Destroying TCP Outbound Connection Manager
1328: 21:20:45.454 - Destroying TCP inactivity timer
1328: 21:20:45.454 - Destroying ENet timer wheel
1328: 21:20:45.454 - Destroying ENet host
1328: 21:20:45.454 - Destroying ENet outbound host
1328: 21:20:45.454 - Destroying HTTP inactivity timer
1328: 21:20:45.454 - Destroying HTTP host
1328: 21:20:45.454 - Destroying HTTP Chunk host
1328: 21:20:45.454 - Flushing ENET buffer allocator...
1328: 21:20:45.455 - Flushing TCP buffer handle allocator...
1328: 21:20:45.455 - Flushing stream socket allocator...
1328: 21:20:45.456 - Flushing inbound datagram socket allocator...
1328: 21:20:45.458 - Flushing outbound datagram socket allocator...
1328: 21:20:45.458 - Destroying CLR dispatcher
1328: 21:20:45.458 - Destroying CLR applications
1328: 21:20:45.458 - ~CCLRApplicationCollection() - Waiting up to 10 seconds for the CLR to release all of our objects
11668: 21:20:45.465 - Unloading Domain: ApplicationName = 'battleRoyalServer', DomainId='3'
6716: 21:20:45.465 - CManagedHost::OnDomainUnload() - 3
1328: 21:20:45.469 - ~CCLRApplicationCollection() - Done. All objects released
1328: 21:20:45.469 - ~CManagedHost() - Release default app domain
1328: 21:20:45.469 - CManagedHost::OnDomainUnload() - 1
1328: 21:20:45.469 - ~CManagedHost() - Waiting up to 10 seconds for CLR shutdown...
1328: 21:20:45.469 - ~CManagedHost
1328: 21:20:45.469 - Destroying ENet thread pool
1328: 21:20:45.469 - Destroying Business logic thread pool
1328: 21:20:45.469 - Destroying I/O thread pool
1328: 21:20:45.469 - Destroying ENet buffer allocator
1328: 21:20:45.469 - Destroying TCP buffer allocator
1328: 21:20:45.469 - Destroying TCP socket allocator
1328: 21:20:45.469 - Destroying ENet inbound socket allocator
1328: 21:20:45.469 - Destroying ENet outbound socket allocator
1328: 21:20:45.469 - Destroying shared datagram flow control data
1328: 21:20:45.469 - Shutdown complete...
1328: 21:20:45.469 - Service shutting down
1328: 21:20:45.471 - Service shut down complete
11016: 21:20:51.173 - ---
11016: 21:20:51.173 - Service: "Photon Socket Server" starting
11016: 21:20:51.173 - Config File: D:\battleRoyal\PhotonBase\deploy\bin_Win64\PhotonServer.config
11016: 21:20:51.174 - Will produce at most: 10 crash dumps
11016: 21:20:51.174 - Action: run as exe
11016: 21:20:51.174 - Server Starting...
11016: 21:20:51.174 -    Tick count: 11093293 (wraps in: 49.5819 days)
11016: 21:20:51.174 - Tick count 64: 11093293
11016: 21:20:51.174 - Photon Version: 4.0.28.2962
11016: 21:20:51.174 - PID: 3476
11016: 21:20:51.174 - Config File: D:\battleRoyal\PhotonBase\deploy\bin_Win64\PhotonServer.config
11016: 21:20:51.175 - Will NOT log unimportant exceptions
11016: 21:20:51.177 - Not using performance counters as they are not currently installed. Run the service with /InstallCounters to install them.
11016: 21:20:51.177 - Shutdown timeout enabled: 30000ms
11016: 21:20:51.177 - Starting I/O thread pool with 2 threads
11016: 21:20:51.177 - Using Standard allocator
11016: 21:20:51.177 - Max message size: 512000
11016: 21:20:51.177 - Starting business logic thread pool with the following settings
11016: 21:20:51.177 - InitialThreads: 4 threads
11016: 21:20:51.177 - MinThreads: 4 threads
11016: 21:20:51.177 - Thread pool is fixed size
11016: 21:20:51.178 - Starting ENet thread pool with the following settings
11016: 21:20:51.178 - InitialThreads: 2 threads
11016: 21:20:51.178 - MinThreads: 2 threads
11016: 21:20:51.178 - Thread pool is fixed size
11016: 21:20:51.178 - OnlyDispatchTimers: False
11016: 21:20:51.178 - S2S: flow control: Max pending writes: 50
11016: 21:20:51.178 - S2S: flow control: Max queued buffers: 200
11016: 21:20:51.178 - S2S: flow control: Max pending writes MUX: 500
11016: 21:20:51.178 - S2S: flow control: Max queued buffers MUX: 2000
11016: 21:20:51.178 - S2S: MaxInboundMessageSize: 512000
11016: 21:20:51.178 - S2S: MaxOutboundMessageSize: 512000
11016: 21:20:51.178 - S2S: No inactivity timeout
11016: 21:20:51.181 - WebSocket S2S: MaxInboundMessageSize: 512000
11016: 21:20:51.181 - WebSocket S2S: MaxOutboundMessageSize: 512000
11016: 21:20:51.181 - WebSocket S2S: No inactivity timeout
11016: 21:20:51.182 - Max Reliable Data In Transit (awaiting ACKs) per peer : 51200 bytes
11016: 21:20:51.182 - Per peer bandwidth limit
11016: 21:20:51.182 - Transmit Rate Limit: 256 KB/Sec
11016: 21:20:51.182 - Limit period: 200ms
11016: 21:20:51.182 - Limit per period: 52428 bytes
11016: 21:20:51.182 - Max queued data for transmission per peer: 512000 bytes
11016: 21:20:51.182 - Minimum retransmit timeout: 200
11016: 21:20:51.182 - No Maximum retransmit timeout
11016: 21:20:51.182 - Minimum ENet timeout: 5000ms
11016: 21:20:51.182 - Maximum ENet timeout: 30000ms
11016: 21:20:51.182 - Max Inbound Reliable Data Queued (awaiting resends of earlier sequence numbers) per peer : 163840 bytes
11016: 21:20:51.182 - No RTT ACK adjustment timeout
11016: 21:20:51.182 - Outbound ENet: MaxInboundMessageSize: 512000
11016: 21:20:51.182 - Outbound ENet: MaxOutboundMessageSize: 512000
11016: 21:20:51.184 - GetRuntime - About to load CLR - versions available:
11016: 21:20:51.184 - v2.0.50727
11016: 21:20:51.184 - v4.0.30319
11016: 21:20:51.184 - Configuration requests: "v2.0.50727"
11016: 21:20:51.184 - About to load version: "v2.0.50727"
11016: 21:20:51.191 - About to load runtime: PhotonHostRuntime.PhotonDomainManager from PhotonHostRuntime, Culture=neutral, PublicKeyToken=02C301B61B060C4D
11016: 21:20:51.191 - CLRBaseDirectory set to "D:\battleRoyal\PhotonBase\deploy"
11016: 21:20:51.191 - Optimising event broadcast for 20 or more peers
11016: 21:20:51.192 - Start: About to load CLR - versions available:
11016: 21:20:51.192 - v2.0.50727
11016: 21:20:51.192 - v4.0.30319
11016: 21:20:51.192 - No preference in configuration file, will load latest.
11016: 21:20:51.192 - About to load version: "v4.0.30319"
11016: 21:20:51.193 - Loaded version: "v4.0.30319"
11016: 21:20:51.340 - Photon host runtime loaded
11016: 21:20:53.698 - LICENSE: No license file was found. Starting with Bootstrap License.
11016: 21:20:53.698 - License is valid.
11016: 21:20:53.698 - Licensed for 20 concurrent connections.
11016: 21:20:53.698 - ENet: Max Reliable Data In Transit (awaiting ACKs) per peer : 51200 bytes
11016: 21:20:53.698 - ENet: Per peer bandwidth limit
11016: 21:20:53.698 - ENet: Transmit Rate Limit: 256 KB/Sec
11016: 21:20:53.698 - ENet: Limit period: 200ms
11016: 21:20:53.698 - ENet: Limit per period: 52428 bytes
11016: 21:20:53.698 - ENet: Max queued data for transmission per peer: 512000 bytes
11016: 21:20:53.698 - ENet: Minimum retransmit timeout: 200
11016: 21:20:53.698 - No Maximum retransmit timeout
11016: 21:20:53.698 - ENet: Minimum timeout: 5000ms
11016: 21:20:53.698 - ENet: Maximum timeout: 30000ms
11016: 21:20:53.698 - ENet: Max Inbound Reliable Data Queued (awaiting resends of earlier sequence numbers) per peer : 163840 bytes
11016: 21:20:53.698 - No RTT ACK adjustment timeout
11016: 21:20:53.698 - About to load application: battleRoyalServer from battleRoyalServer
11016: 21:20:53.698 - Auto restart is enabled for application, existing connections will be terminated during restart
11016: 21:20:53.698 - Application will restart 1000ms after the last change detected
11016: 21:20:53.698 - Application will restart if files matching the following are changed: "dll;config"
11016: 21:20:53.698 - Application will NOT restart if files matching the following are changed: "log4net.config"
11016: 21:20:53.781 - Taking reference on default app domain
11016: 21:20:53.829 - Application: "battleRoyalServer" started in app domain: 2
11016: 21:20:53.829 - Adding TCP listener on: 0.0.0.0: 4530 with a listen backlog of: 150
11016: 21:20:53.829 - TCP inactivity timeout: 10000ms
11016: 21:20:53.830 - TCP disconnect timeout: 120000ms
11016: 21:20:53.830 - MaxInboundMessageSize: 512000
11016: 21:20:53.830 - MaxOutboundMessageSize: 512000
11016: 21:20:53.830 - Forcing all applications ids to: "battleRoyalServer"
11016: 21:20:53.830 - Serving policy file requests from: "D:\battleRoyal\PhotonBase\deploy\Policy\assets\socket-policy.xml"
11016: 21:20:53.830 - Forcing all applications ids to: "battleRoyalServer"
11016: 21:20:53.830 - MaxInboundMessageSize: 512000
11016: 21:20:53.830 - MaxOutboundMessageSize: 512000
11016: 21:20:53.830 - UDP address specified as: "0.0.0.0" adding listener to each available IPv4 address
11016: 21:20:53.830 - Adding UDP listener on: 192.168.0.105: 5055 with a listen backlog of: 500
11016: 21:20:53.831 - Adding UDP listener on: 127.0.0.1: 5055 with a listen backlog of: 500
11016: 21:20:53.831 - Adding WebSocket TCP listener on: 0.0.0.0: 9090 with a listen backlog of: 150
11016: 21:20:53.831 - Nagle disabled
11016: 21:20:53.831 - TCP inactivity timeout: 10000ms
11016: 21:20:53.831 - MaxInboundMessageSize: 512000
11016: 21:20:53.831 - MaxOutboundMessageSize: 512000
11016: 21:20:53.831 - Forcing all applications ids to: "battleRoyalServer"
11016: 21:20:53.831 - Will accept ANY sub-protocols from the client
11016: 21:20:53.831 - No automatic WebSocket ping
11016: 21:20:53.831 - Adding Policy File listener on: 0.0.0.0: 843 with a listen backlog of: 150 and serving Policy File: "D:\battleRoyal\PhotonBase\deploy\Policy\assets\socket-policy.xml"
11016: 21:20:53.831 - TCP inactivity timeout: 10000ms
11016: 21:20:53.831 - Adding Policy File listener on: 0.0.0.0: 943 with a listen backlog of: 150 and serving Policy File: "D:\battleRoyal\PhotonBase\deploy\Policy\assets\socket-policy-silverlight.xml"
11016: 21:20:53.831 - TCP inactivity timeout: 10000ms
11016: 21:20:53.863 - Service is running...
11016: 21:22:57.696 - Service is stopped...
11016: 21:22:57.696 - Server shutting down...
11016: 21:22:57.696 - Shutdown monitoring enabled, 30000ms before process abort
11016: 21:22:57.697 - Notifying CLR applications of shutdown...
11016: 21:22:57.697 - RequestApplicationStop: 2
11016: 21:22:57.703 - RequestStop: defalt app domain
11016: 21:22:57.704 - Shutting down WebSocket Outbound Connection Manager...
11016: 21:22:57.704 - Shutting down TCP Outbound Connection Manager...
11016: 21:22:57.704 - Shutting down ENet Outbound Connection Manager...
11016: 21:22:57.704 - Disconnecting all outbound peers...
11016: 21:22:57.704 - Shutting down ENet host...
11016: 21:22:57.704 - Disconnecting all peers...
11016: 21:22:57.704 - CUDPSocketServer::OnError() - CUDPSocketServer::OnSendToCompletionError(): —делана попытка выполнить операцию на объекте, не €вл€ющемс€ сокетом.
11016: 21:22:57.704 - 1 disconnected
11016: 21:22:57.704 - Shutting down socket servers...
11016: 21:22:57.707 - Shutting down ENet thread pool...
11016: 21:22:57.709 - Shutting down TCP inactivity timers...
11016: 21:22:57.711 - ENet Host - Resetting all peers...
11016: 21:22:57.712 - WaitingForShutdownToComplete: NativePolicy:0.0.0.0:843
11016: 21:22:57.712 - OnShutdownCompleted: NativePolicy:0.0.0.0:843
11016: 21:22:57.712 - WaitingForShutdownToComplete: NativePolicy:0.0.0.0:943
11016: 21:22:57.712 - OnShutdownCompleted: NativePolicy:0.0.0.0:943
11016: 21:22:57.712 - WaitingForShutdownToComplete: TCP:0.0.0.0:4530
11016: 21:22:57.712 - OnShutdownCompleted: TCP:0.0.0.0:4530
11016: 21:22:57.712 - WaitingForShutdownToComplete: UDP:127.0.0.1:5055
11016: 21:22:57.712 - OnShutdownCompleted: UDP:127.0.0.1:5055
11016: 21:22:57.712 - WaitingForShutdownToComplete: UDP:192.168.0.105:5055
11016: 21:22:57.712 - OnShutdownCompleted: UDP:192.168.0.105:5055
11016: 21:22:57.712 - WaitingForShutdownToComplete: WebSocket:0.0.0.0:9090
11016: 21:22:57.712 - OnShutdownCompleted: WebSocket:0.0.0.0:9090
11016: 21:22:57.712 - Shutting down CLR applications...
11016: 21:22:57.718 - Shutting down business logic thread pool...
11552: 21:22:57.718 - CManagedHost::OnDefaultAction() - OPR_AppDomainUnload - eUnloadAppDomain
11016: 21:22:57.722 - Shutting down I/O thread pool...
11956: 21:22:57.729 - Unloading Domain: ApplicationName = 'battleRoyalServer', DomainId='2'
11552: 21:22:57.729 - CManagedHost::OnDomainUnload() - 2
11016: 21:22:57.734 - Destroying servers
11016: 21:22:57.734 - Destroying WebSocket Outbound Connection Manager
11016: 21:22:57.734 - Destroying TCP Outbound Connection Manager
11016: 21:22:57.734 - Destroying TCP inactivity timer
11016: 21:22:57.734 - Destroying ENet timer wheel
11016: 21:22:57.734 - Destroying ENet host
11016: 21:22:57.734 - Destroying ENet outbound host
11016: 21:22:57.734 - Destroying HTTP inactivity timer
11016: 21:22:57.734 - Destroying HTTP host
11016: 21:22:57.734 - Destroying HTTP Chunk host
11016: 21:22:57.734 - Flushing ENET buffer allocator...
11016: 21:22:57.735 - Flushing TCP buffer handle allocator...
11016: 21:22:57.735 - Flushing stream socket allocator...
11016: 21:22:57.736 - Flushing inbound datagram socket allocator...
11016: 21:22:57.739 - Flushing outbound datagram socket allocator...
11016: 21:22:57.739 - Destroying CLR dispatcher
11016: 21:22:57.739 - Destroying CLR applications
11016: 21:22:57.739 - ~CCLRApplicationCollection() - Waiting up to 10 seconds for the CLR to release all of our objects
11016: 21:22:57.743 - ~CCLRApplicationCollection() - Done. All objects released
11016: 21:22:57.745 - ~CManagedHost() - Release default app domain
11016: 21:22:57.745 - CManagedHost::OnDomainUnload() - 1
11016: 21:22:57.745 - ~CManagedHost() - Waiting up to 10 seconds for CLR shutdown...
11016: 21:22:57.750 - ~CManagedHost
11016: 21:22:57.750 - Destroying ENet thread pool
11016: 21:22:57.750 - Destroying Business logic thread pool
11016: 21:22:57.750 - Destroying I/O thread pool
11016: 21:22:57.750 - Destroying ENet buffer allocator
11016: 21:22:57.750 - Destroying TCP buffer allocator
11016: 21:22:57.750 - Destroying TCP socket allocator
11016: 21:22:57.750 - Destroying ENet inbound socket allocator
11016: 21:22:57.751 - Destroying ENet outbound socket allocator
11016: 21:22:57.751 - Destroying shared datagram flow control data
11016: 21:22:57.751 - Shutdown complete...
11016: 21:22:57.752 - Service shutting down
11016: 21:22:57.755 - Service shut down complete
7800: 21:23:16.104 - ---
7800: 21:23:16.104 - Service: "Photon Socket Server" starting
7800: 21:23:16.104 - Config File: D:\battleRoyal\PhotonBase\deploy\bin_Win64\PhotonServer.config
7800: 21:23:16.105 - Will produce at most: 10 crash dumps
7800: 21:23:16.105 - Action: run as exe
7800: 21:23:16.106 - Server Starting...
7800: 21:23:16.106 -    Tick count: 11238218 (wraps in: 49.5802 days)
7800: 21:23:16.106 - Tick count 64: 11238218
7800: 21:23:16.106 - Photon Version: 4.0.28.2962
7800: 21:23:16.106 - PID: 10740
7800: 21:23:16.106 - Config File: D:\battleRoyal\PhotonBase\deploy\bin_Win64\PhotonServer.config
7800: 21:23:16.106 - Will NOT log unimportant exceptions
7800: 21:23:16.109 - Not using performance counters as they are not currently installed. Run the service with /InstallCounters to install them.
7800: 21:23:16.109 - Shutdown timeout enabled: 30000ms
7800: 21:23:16.109 - Starting I/O thread pool with 2 threads
7800: 21:23:16.110 - Using Standard allocator
7800: 21:23:16.110 - Max message size: 512000
7800: 21:23:16.110 - Starting business logic thread pool with the following settings
7800: 21:23:16.110 - InitialThreads: 4 threads
7800: 21:23:16.110 - MinThreads: 4 threads
7800: 21:23:16.110 - Thread pool is fixed size
7800: 21:23:16.110 - Starting ENet thread pool with the following settings
7800: 21:23:16.110 - InitialThreads: 2 threads
7800: 21:23:16.110 - MinThreads: 2 threads
7800: 21:23:16.110 - Thread pool is fixed size
7800: 21:23:16.110 - OnlyDispatchTimers: False
7800: 21:23:16.110 - S2S: flow control: Max pending writes: 50
7800: 21:23:16.110 - S2S: flow control: Max queued buffers: 200
7800: 21:23:16.110 - S2S: flow control: Max pending writes MUX: 500
7800: 21:23:16.110 - S2S: flow control: Max queued buffers MUX: 2000
7800: 21:23:16.110 - S2S: MaxInboundMessageSize: 512000
7800: 21:23:16.110 - S2S: MaxOutboundMessageSize: 512000
7800: 21:23:16.110 - S2S: No inactivity timeout
7800: 21:23:16.113 - WebSocket S2S: MaxInboundMessageSize: 512000
7800: 21:23:16.113 - WebSocket S2S: MaxOutboundMessageSize: 512000
7800: 21:23:16.113 - WebSocket S2S: No inactivity timeout
7800: 21:23:16.114 - Max Reliable Data In Transit (awaiting ACKs) per peer : 51200 bytes
7800: 21:23:16.114 - Per peer bandwidth limit
7800: 21:23:16.114 - Transmit Rate Limit: 256 KB/Sec
7800: 21:23:16.114 - Limit period: 200ms
7800: 21:23:16.114 - Limit per period: 52428 bytes
7800: 21:23:16.114 - Max queued data for transmission per peer: 512000 bytes
7800: 21:23:16.114 - Minimum retransmit timeout: 200
7800: 21:23:16.114 - No Maximum retransmit timeout
7800: 21:23:16.114 - Minimum ENet timeout: 5000ms
7800: 21:23:16.114 - Maximum ENet timeout: 30000ms
7800: 21:23:16.114 - Max Inbound Reliable Data Queued (awaiting resends of earlier sequence numbers) per peer : 163840 bytes
7800: 21:23:16.114 - No RTT ACK adjustment timeout
7800: 21:23:16.114 - Outbound ENet: MaxInboundMessageSize: 512000
7800: 21:23:16.114 - Outbound ENet: MaxOutboundMessageSize: 512000
7800: 21:23:16.117 - GetRuntime - About to load CLR - versions available:
7800: 21:23:16.117 - v2.0.50727
7800: 21:23:16.117 - v4.0.30319
7800: 21:23:16.117 - Configuration requests: "v2.0.50727"
7800: 21:23:16.117 - About to load version: "v2.0.50727"
7800: 21:23:16.126 - About to load runtime: PhotonHostRuntime.PhotonDomainManager from PhotonHostRuntime, Culture=neutral, PublicKeyToken=02C301B61B060C4D
7800: 21:23:16.126 - CLRBaseDirectory set to "D:\battleRoyal\PhotonBase\deploy"
7800: 21:23:16.126 - Optimising event broadcast for 20 or more peers
7800: 21:23:16.127 - Start: About to load CLR - versions available:
7800: 21:23:16.127 - v2.0.50727
7800: 21:23:16.127 - v4.0.30319
7800: 21:23:16.127 - No preference in configuration file, will load latest.
7800: 21:23:16.127 - About to load version: "v4.0.30319"
7800: 21:23:16.128 - Loaded version: "v4.0.30319"
7800: 21:23:16.394 - Photon host runtime loaded
7800: 21:23:21.088 - LICENSE: No license file was found. Starting with Bootstrap License.
7800: 21:23:21.088 - License is valid.
7800: 21:23:21.088 - Licensed for 20 concurrent connections.
7800: 21:23:21.088 - ENet: Max Reliable Data In Transit (awaiting ACKs) per peer : 51200 bytes
7800: 21:23:21.088 - ENet: Per peer bandwidth limit
7800: 21:23:21.088 - ENet: Transmit Rate Limit: 256 KB/Sec
7800: 21:23:21.088 - ENet: Limit period: 200ms
7800: 21:23:21.088 - ENet: Limit per period: 52428 bytes
7800: 21:23:21.088 - ENet: Max queued data for transmission per peer: 512000 bytes
7800: 21:23:21.088 - ENet: Minimum retransmit timeout: 200
7800: 21:23:21.088 - No Maximum retransmit timeout
7800: 21:23:21.088 - ENet: Minimum timeout: 5000ms
7800: 21:23:21.088 - ENet: Maximum timeout: 30000ms
7800: 21:23:21.088 - ENet: Max Inbound Reliable Data Queued (awaiting resends of earlier sequence numbers) per peer : 163840 bytes
7800: 21:23:21.088 - No RTT ACK adjustment timeout
7800: 21:23:21.088 - About to load application: battleRoyalServer from battleRoyalServer
7800: 21:23:21.088 - Auto restart is enabled for application, existing connections will be terminated during restart
7800: 21:23:21.088 - Application will restart 1000ms after the last change detected
7800: 21:23:21.088 - Application will restart if files matching the following are changed: "dll;config"
7800: 21:23:21.088 - Application will NOT restart if files matching the following are changed: "log4net.config"
7800: 21:23:21.188 - Taking reference on default app domain
7800: 21:23:21.259 - Application: "battleRoyalServer" started in app domain: 2
7800: 21:23:21.259 - Adding TCP listener on: 0.0.0.0: 4530 with a listen backlog of: 150
7800: 21:23:21.259 - TCP inactivity timeout: 10000ms
7800: 21:23:21.259 - TCP disconnect timeout: 120000ms
7800: 21:23:21.259 - MaxInboundMessageSize: 512000
7800: 21:23:21.259 - MaxOutboundMessageSize: 512000
7800: 21:23:21.259 - Forcing all applications ids to: "battleRoyalServer"
7800: 21:23:21.260 - Serving policy file requests from: "D:\battleRoyal\PhotonBase\deploy\Policy\assets\socket-policy.xml"
7800: 21:23:21.260 - Forcing all applications ids to: "battleRoyalServer"
7800: 21:23:21.260 - MaxInboundMessageSize: 512000
7800: 21:23:21.260 - MaxOutboundMessageSize: 512000
7800: 21:23:21.260 - UDP address specified as: "0.0.0.0" adding listener to each available IPv4 address
7800: 21:23:21.264 - Adding UDP listener on: 192.168.0.105: 5055 with a listen backlog of: 500
7800: 21:23:21.264 - Adding UDP listener on: 127.0.0.1: 5055 with a listen backlog of: 500
7800: 21:23:21.264 - Adding WebSocket TCP listener on: 0.0.0.0: 9090 with a listen backlog of: 150
7800: 21:23:21.264 - Nagle disabled
7800: 21:23:21.264 - TCP inactivity timeout: 10000ms
7800: 21:23:21.264 - MaxInboundMessageSize: 512000
7800: 21:23:21.264 - MaxOutboundMessageSize: 512000
7800: 21:23:21.264 - Forcing all applications ids to: "battleRoyalServer"
7800: 21:23:21.264 - Will accept ANY sub-protocols from the client
7800: 21:23:21.264 - No automatic WebSocket ping
7800: 21:23:21.265 - Adding Policy File listener on: 0.0.0.0: 843 with a listen backlog of: 150 and serving Policy File: "D:\battleRoyal\PhotonBase\deploy\Policy\assets\socket-policy.xml"
7800: 21:23:21.265 - TCP inactivity timeout: 10000ms
7800: 21:23:21.265 - Adding Policy File listener on: 0.0.0.0: 943 with a listen backlog of: 150 and serving Policy File: "D:\battleRoyal\PhotonBase\deploy\Policy\assets\socket-policy-silverlight.xml"
7800: 21:23:21.265 - TCP inactivity timeout: 10000ms
7800: 21:23:21.301 - Service is running...
7800: 21:26:28.478 - Service is stopped...
7800: 21:26:28.478 - Server shutting down...
7800: 21:26:28.478 - Shutdown monitoring enabled, 30000ms before process abort
7800: 21:26:28.478 - Notifying CLR applications of shutdown...
7800: 21:26:28.478 - RequestApplicationStop: 2
7800: 21:26:28.490 - RequestStop: defalt app domain
7800: 21:26:28.491 - Shutting down WebSocket Outbound Connection Manager...
7800: 21:26:28.491 - Shutting down TCP Outbound Connection Manager...
7800: 21:26:28.491 - Shutting down ENet Outbound Connection Manager...
7800: 21:26:28.491 - Disconnecting all outbound peers...
7800: 21:26:28.491 - Shutting down ENet host...
7800: 21:26:28.491 - Disconnecting all peers...
7800: 21:26:28.491 - Shutting down socket servers...
7800: 21:26:28.491 - Shutting down ENet thread pool...
7800: 21:26:28.491 - Shutting down TCP inactivity timers...
7800: 21:26:28.492 - WaitingForShutdownToComplete: NativePolicy:0.0.0.0:843
7800: 21:26:28.492 - OnShutdownCompleted: NativePolicy:0.0.0.0:843
7800: 21:26:28.492 - WaitingForShutdownToComplete: NativePolicy:0.0.0.0:943
7800: 21:26:28.492 - OnShutdownCompleted: NativePolicy:0.0.0.0:943
7800: 21:26:28.492 - WaitingForShutdownToComplete: TCP:0.0.0.0:4530
7800: 21:26:28.492 - OnShutdownCompleted: TCP:0.0.0.0:4530
7800: 21:26:28.492 - WaitingForShutdownToComplete: UDP:127.0.0.1:5055
7800: 21:26:28.492 - OnShutdownCompleted: UDP:127.0.0.1:5055
7800: 21:26:28.492 - WaitingForShutdownToComplete: UDP:192.168.0.105:5055
7800: 21:26:28.492 - OnShutdownCompleted: UDP:192.168.0.105:5055
7800: 21:26:28.492 - WaitingForShutdownToComplete: WebSocket:0.0.0.0:9090
7800: 21:26:28.492 - OnShutdownCompleted: WebSocket:0.0.0.0:9090
7800: 21:26:28.492 - Shutting down CLR applications...
7800: 21:26:28.494 - Shutting down business logic thread pool...
10540: 21:26:28.495 - CManagedHost::OnDefaultAction() - OPR_AppDomainUnload - eUnloadAppDomain
7800: 21:26:28.497 - Shutting down I/O thread pool...
7800: 21:26:28.497 - Destroying servers
7800: 21:26:28.497 - Destroying WebSocket Outbound Connection Manager
7800: 21:26:28.497 - Destroying TCP Outbound Connection Manager
7800: 21:26:28.497 - Destroying TCP inactivity timer
7800: 21:26:28.497 - Destroying ENet timer wheel
7800: 21:26:28.497 - Destroying ENet host
7800: 21:26:28.497 - Destroying ENet outbound host
7800: 21:26:28.497 - Destroying HTTP inactivity timer
7800: 21:26:28.497 - Destroying HTTP host
7800: 21:26:28.497 - Destroying HTTP Chunk host
7800: 21:26:28.497 - Flushing ENET buffer allocator...
7800: 21:26:28.503 - Flushing TCP buffer handle allocator...
7800: 21:26:28.503 - Flushing stream socket allocator...
7800: 21:26:28.504 - Flushing inbound datagram socket allocator...
7800: 21:26:28.505 - Flushing outbound datagram socket allocator...
7800: 21:26:28.505 - Destroying CLR dispatcher
7800: 21:26:28.505 - Destroying CLR applications
7800: 21:26:28.506 - ~CCLRApplicationCollection() - Waiting up to 10 seconds for the CLR to release all of our objects
10412: 21:26:28.507 - Unloading Domain: ApplicationName = 'battleRoyalServer', DomainId='2'
10540: 21:26:28.507 - CManagedHost::OnDomainUnload() - 2
7800: 21:26:28.509 - ~CCLRApplicationCollection() - Done. All objects released
7800: 21:26:28.510 - ~CManagedHost() - Release default app domain
7800: 21:26:28.510 - CManagedHost::OnDomainUnload() - 1
7800: 21:26:28.510 - ~CManagedHost() - Waiting up to 10 seconds for CLR shutdown...
7800: 21:26:28.512 - ~CManagedHost
7800: 21:26:28.512 - Destroying ENet thread pool
7800: 21:26:28.512 - Destroying Business logic thread pool
7800: 21:26:28.512 - Destroying I/O thread pool
7800: 21:26:28.512 - Destroying ENet buffer allocator
7800: 21:26:28.512 - Destroying TCP buffer allocator
7800: 21:26:28.512 - Destroying TCP socket allocator
7800: 21:26:28.512 - Destroying ENet inbound socket allocator
7800: 21:26:28.512 - Destroying ENet outbound socket allocator
7800: 21:26:28.512 - Destroying shared datagram flow control data
7800: 21:26:28.512 - Shutdown complete...
7800: 21:26:28.513 - Service shutting down
7800: 21:26:28.514 - Service shut down complete
